Using pre-set license
Built from '2021.3/staging' branch; Version is '2021.3.18f1 (3129e69bc0c7) revision 3221990'; Using compiler version '192829333'; Build Type 'Release'
OS: 'Windows 11  (10.0.22621) 64bit ProfessionalN' Language: 'fr' Physical Memory: 32679 MB
BatchMode: 1, IsHumanControllingUs: 0, StartBugReporterOnCrash: 0, Is64bit: 1, IsPro: 1

COMMAND LINE ARGUMENTS:
C:\Program Files\Unity\Hub\Editor\2021.3.18f1\Editor\Unity.exe
-adb2
-batchMode
-noUpm
-name
AssetImportWorker0
-projectPath
C:/Users/Alan/Documents/Dev/www/Escape-From-The-Center
-logFile
Logs/AssetImportWorker0.log
-srvPort
51110
Successfully changed project path to: C:/Users/Alan/Documents/Dev/www/Escape-From-The-Center
C:/Users/Alan/Documents/Dev/www/Escape-From-The-Center
[UnityMemory] Configuration Parameters - Can be set up in boot.config
    "memorysetup-bucket-allocator-granularity=16"
    "memorysetup-bucket-allocator-bucket-count=8"
    "memorysetup-bucket-allocator-block-size=33554432"
    "memorysetup-bucket-allocator-block-count=8"
    "memorysetup-main-allocator-block-size=16777216"
    "memorysetup-thread-allocator-block-size=16777216"
    "memorysetup-gfx-main-allocator-block-size=16777216"
    "memorysetup-gfx-thread-allocator-block-size=16777216"
    "memorysetup-cache-allocator-block-size=4194304"
    "memorysetup-typetree-allocator-block-size=2097152"
    "memorysetup-profiler-bucket-allocator-granularity=16"
    "memorysetup-profiler-bucket-allocator-bucket-count=8"
    "memorysetup-profiler-bucket-allocator-block-size=33554432"
    "memorysetup-profiler-bucket-allocator-block-count=8"
    "memorysetup-profiler-allocator-block-size=16777216"
    "memorysetup-profiler-editor-allocator-block-size=1048576"
    "memorysetup-temp-allocator-size-main=16777216"
    "memorysetup-job-temp-allocator-block-size=2097152"
    "memorysetup-job-temp-allocator-block-size-background=1048576"
    "memorysetup-job-temp-allocator-reduction-small-platforms=262144"
    "memorysetup-temp-allocator-size-background-worker=32768"
    "memorysetup-temp-allocator-size-job-worker=262144"
    "memorysetup-temp-allocator-size-preload-manager=33554432"
    "memorysetup-temp-allocator-size-nav-mesh-worker=65536"
    "memorysetup-temp-allocator-size-audio-worker=65536"
    "memorysetup-temp-allocator-size-cloud-worker=32768"
    "memorysetup-temp-allocator-size-gi-baking-worker=262144"
    "memorysetup-temp-allocator-size-gfx=262144"
Player connection [5208] Host "[IP] 10.21.223.187 [Port] 0 [Flags] 2 [Guid] 2786690112 [EditorId] 2786690112 [Version] 1048832 [Id] WindowsEditor(7,Predator-Laptop) [Debug] 1 [PackageName] WindowsEditor [ProjectName] Editor" joined multi-casting on [225.0.0.222:54997]...

Player connection [5208] Host "[IP] 10.21.223.187 [Port] 0 [Flags] 2 [Guid] 2786690112 [EditorId] 2786690112 [Version] 1048832 [Id] WindowsEditor(7,Predator-Laptop) [Debug] 1 [PackageName] WindowsEditor [ProjectName] Editor" joined alternative multi-casting on [225.0.0.222:34997]...

Refreshing native plugins compatible for Editor in 83.74 ms, found 3 plugins.
Preloading 0 native plugins for Editor in 0.00 ms.
Initialize engine version: 2021.3.18f1 (3129e69bc0c7)
[Subsystems] Discovering subsystems at path C:/Program Files/Unity/Hub/Editor/2021.3.18f1/Editor/Data/Resources/UnitySubsystems
[Subsystems] Discovering subsystems at path C:/Users/Alan/Documents/Dev/www/Escape-From-The-Center/Assets
GfxDevice: creating device client; threaded=0; jobified=0
Direct3D:
    Version:  Direct3D 11.0 [level 11.1]
    Renderer: NVIDIA GeForce RTX 2070 Super with Max-Q Design (ID=0x1ed1)
    Vendor:   NVIDIA
    VRAM:     8003 MB
    Driver:   31.0.15.2824
Initialize mono
Mono path[0] = 'C:/Program Files/Unity/Hub/Editor/2021.3.18f1/Editor/Data/Managed'
Mono path[1] = 'C:/Program Files/Unity/Hub/Editor/2021.3.18f1/Editor/Data/MonoBleedingEdge/lib/mono/unityjit-win32'
Mono config path = 'C:/Program Files/Unity/Hub/Editor/2021.3.18f1/Editor/Data/MonoBleedingEdge/etc'
Using monoOptions --debugger-agent=transport=dt_socket,embedding=1,server=y,suspend=n,address=127.0.0.1:56192
Begin MonoManager ReloadAssembly
Registering precompiled unity dll's ...
Register platform support module: C:/Program Files/Unity/Hub/Editor/2021.3.18f1/Editor/Data/PlaybackEngines/WebGLSupport/UnityEditor.WebGL.Extensions.dll
Register platform support module: C:/Program Files/Unity/Hub/Editor/2021.3.18f1/Editor/Data/PlaybackEngines/AndroidPlayer/UnityEditor.Android.Extensions.dll
Register platform support module: C:/Program Files/Unity/Hub/Editor/2021.3.18f1/Editor/Data/PlaybackEngines/WindowsStandaloneSupport/UnityEditor.WindowsStandalone.Extensions.dll
Registered in 0.005274 seconds.
Native extension for WindowsStandalone target not found
Native extension for Android target not found
Android Extension - Scanning For ADB Devices 202 ms
Native extension for WebGL target not found
Refreshing native plugins compatible for Editor in 87.62 ms, found 3 plugins.
Preloading 0 native plugins for Editor in 0.00 ms.
Mono: successfully reloaded assembly
- Completed reload, in  0.881 seconds
Domain Reload Profiling:
	ReloadAssembly (882ms)
		BeginReloadAssembly (68ms)
			ExecutionOrderSort (0ms)
			DisableScriptedObjects (0ms)
			BackupInstance (0ms)
			ReleaseScriptingObjects (0ms)
			CreateAndSetChildDomain (1ms)
		EndReloadAssembly (706ms)
			LoadAssemblies (67ms)
			RebuildTransferFunctionScriptingTraits (0ms)
			SetupTypeCache (121ms)
			ReleaseScriptCaches (0ms)
			RebuildScriptCaches (30ms)
			SetupLoadedEditorAssemblies (505ms)
				LogAssemblyErrors (0ms)
				InitializePlatformSupportModulesInManaged (284ms)
				SetLoadedEditorAssemblies (0ms)
				RefreshPlugins (88ms)
				BeforeProcessingInitializeOnLoad (1ms)
				ProcessInitializeOnLoadAttributes (91ms)
				ProcessInitializeOnLoadMethodAttributes (40ms)
				AfterProcessingInitializeOnLoad (0ms)
				EditorAssembliesLoaded (0ms)
			ExecutionOrderSort2 (0ms)
			AwakeInstancesAfterBackupRestoration (0ms)
Platform modules already initialized, skipping
Registering precompiled user dll's ...
Registered in 0.004524 seconds.
Begin MonoManager ReloadAssembly
Symbol file LoadedFromMemory doesn't match image C:\Users\Alan\Documents\Dev\www\Escape-From-The-Center\Library\PackageCache\com.unity.visualscripting@1.8.0\Editor\VisualScripting.Core\Dependencies\YamlDotNet\Unity.VisualScripting.YamlDotNet.dll
Symbol file LoadedFromMemory doesn't match image C:\Users\Alan\Documents\Dev\www\Escape-From-The-Center\Library\PackageCache\com.unity.visualscripting@1.8.0\Editor\VisualScripting.Core\Dependencies\DotNetZip\Unity.VisualScripting.IonicZip.dll
Native extension for WindowsStandalone target not found
Native extension for Android target not found
Native extension for WebGL target not found
Refreshing native plugins compatible for Editor in 0.52 ms, found 3 plugins.
Preloading 0 native plugins for Editor in 0.00 ms.
Mono: successfully reloaded assembly
- Completed reload, in  1.019 seconds
Domain Reload Profiling:
	ReloadAssembly (1020ms)
		BeginReloadAssembly (102ms)
			ExecutionOrderSort (0ms)
			DisableScriptedObjects (6ms)
			BackupInstance (0ms)
			ReleaseScriptingObjects (0ms)
			CreateAndSetChildDomain (18ms)
		EndReloadAssembly (802ms)
			LoadAssemblies (69ms)
			RebuildTransferFunctionScriptingTraits (0ms)
			SetupTypeCache (283ms)
			ReleaseScriptCaches (1ms)
			RebuildScriptCaches (53ms)
			SetupLoadedEditorAssemblies (332ms)
				LogAssemblyErrors (0ms)
				InitializePlatformSupportModulesInManaged (19ms)
				SetLoadedEditorAssemblies (0ms)
				RefreshPlugins (1ms)
				BeforeProcessingInitializeOnLoad (79ms)
				ProcessInitializeOnLoadAttributes (210ms)
				ProcessInitializeOnLoadMethodAttributes (18ms)
				AfterProcessingInitializeOnLoad (5ms)
				EditorAssembliesLoaded (0ms)
			ExecutionOrderSort2 (0ms)
			AwakeInstancesAfterBackupRestoration (6ms)
Platform modules already initialized, skipping
========================================================================
Worker process is ready to serve import requests
Launched and connected shader compiler UnityShaderCompiler.exe after 0.03 seconds
Refreshing native plugins compatible for Editor in 0.70 ms, found 3 plugins.
Preloading 0 native plugins for Editor in 0.00 ms.
Unloading 3151 Unused Serialized files (Serialized files now loaded: 0)
Unloading 26 unused Assets / (113.9 KB). Loaded Objects now: 3621.
Memory consumption went from 114.5 MB to 114.4 MB.
Total: 3.154800 ms (FindLiveObjects: 0.281700 ms CreateObjectMapping: 0.310000 ms MarkObjects: 2.457300 ms  DeleteObjects: 0.103900 ms)

AssetImportParameters requested are different than current active one (requested -> active):
  custom:video-decoder-ogg-theora: a1e56fd34408186e4bbccfd4996cb3dc -> 
  custom:container-muxer-webm: aa71ff27fc2769a1b78a27578f13a17b -> 
  custom:container-demuxer-webm: 4f35f7cbe854078d1ac9338744f61a02 -> 
  custom:video-encoder-webm-vp8: eb34c28f22e8b96e1ab97ce403110664 -> 
  custom:audio-encoder-webm-vorbis: bf7c407c2cedff20999df2af8eb42d56 -> 
  custom:framework-win-MediaFoundation: 216162199b28c13a410421893ffa2e32 -> 
  custom:container-demuxer-ogg: 62fdf1f143b41e24485cea50d1cbac27 -> 
  custom:video-decoder-webm-vp8: 9c59270c3fd7afecdb556c50c9e8de78 -> 
  custom:audio-decoder-ogg-vorbis: bf7c407c2cedff20999df2af8eb42d56 -> 
========================================================================
Received Import Request.
  Time since last request: 10000.414098 seconds.
  path: Assets/Scripts
  artifactKey: Guid(5a351a0fa7527454381e9167cb230d49) Importer(815301076,1909f56bfc062723c751e8b465ee728b)
Start importing Assets/Scripts using Guid(5a351a0fa7527454381e9167cb230d49) Importer(815301076,1909f56bfc062723c751e8b465ee728b)  -> (artifact id: '34bbb80482717ad8f9fcdc169a5d39b9') in 0.009762 seconds 
========================================================================
Received Import Request.
  Time since last request: 1.885188 seconds.
  path: Assets/Scripts/SettingsMenu.cs
  artifactKey: Guid(c03fa754f62c4f54ab5894e5726137a5) Importer(815301076,1909f56bfc062723c751e8b465ee728b)
Start importing Assets/Scripts/SettingsMenu.cs using Guid(c03fa754f62c4f54ab5894e5726137a5) Importer(815301076,1909f56bfc062723c751e8b465ee728b)  -> (artifact id: '7abbcf5b801bdc2e8362c8ef929f3afc') in 0.013438 seconds 
========================================================================
Received Import Request.
  Time since last request: 1.344269 seconds.
  path: Assets/Scripts/MainMenu.cs
  artifactKey: Guid(f7b86513864bcea49a37902eab147fc6) Importer(815301076,1909f56bfc062723c751e8b465ee728b)
Start importing Assets/Scripts/MainMenu.cs using Guid(f7b86513864bcea49a37902eab147fc6) Importer(815301076,1909f56bfc062723c751e8b465ee728b)  -> (artifact id: '48fc09f192ac25295d57baac807dac99') in 0.004945 seconds 
========================================================================
Received Import Request.
  Time since last request: 6.640888 seconds.
  path: Assets/Scripts/SpawnManager.cs
  artifactKey: Guid(2b86ebf5823be6d4991f3eb8679c7061) Importer(815301076,1909f56bfc062723c751e8b465ee728b)
Start importing Assets/Scripts/SpawnManager.cs using Guid(2b86ebf5823be6d4991f3eb8679c7061) Importer(815301076,1909f56bfc062723c751e8b465ee728b)  -> (artifact id: '13e1cbfa6e418eecaf6fcf2485af21f9') in 0.005045 seconds 
========================================================================
Received Import Request.
  Time since last request: 1.406982 seconds.
  path: Assets/Scripts/SceneLoader.cs
  artifactKey: Guid(30cabea2be598754586e7115359e9d38) Importer(815301076,1909f56bfc062723c751e8b465ee728b)
Start importing Assets/Scripts/SceneLoader.cs using Guid(30cabea2be598754586e7115359e9d38) Importer(815301076,1909f56bfc062723c751e8b465ee728b)  -> (artifact id: 'b9c09353713211ad89fd18e0ac5b38a5') in 0.004794 seconds 
========================================================================
Received Import Request.
  Time since last request: 2.733195 seconds.
  path: Assets/Scripts/ObjectSpawner.cs
  artifactKey: Guid(60419da2d5c677940aa1bdf5880f96b7) Importer(815301076,1909f56bfc062723c751e8b465ee728b)
Start importing Assets/Scripts/ObjectSpawner.cs using Guid(60419da2d5c677940aa1bdf5880f96b7) Importer(815301076,1909f56bfc062723c751e8b465ee728b)  -> (artifact id: '3ee8fe7e1eed304adf9e99ccc43f6069') in 0.004782 seconds 
========================================================================
Received Import Request.
  Time since last request: 5.252417 seconds.
  path: Assets/Prefabs/Platforms/platform01.prefab
  artifactKey: Guid(4720274675aae26479eb6e0ab2439d9d) Importer(815301076,1909f56bfc062723c751e8b465ee728b)
Start importing Assets/Prefabs/Platforms/platform01.prefab using Guid(4720274675aae26479eb6e0ab2439d9d) Importer(815301076,1909f56bfc062723c751e8b465ee728b)  -> (artifact id: '5d02736fb0944890c9906fd1f99a400e') in 0.106980 seconds 
========================================================================
Received Import Request.
  Time since last request: 0.000013 seconds.
  path: Assets/Prefabs/Platforms/platform06.prefab
  artifactKey: Guid(91af85c80c832d74db594f2f5e83a063) Importer(815301076,1909f56bfc062723c751e8b465ee728b)
Start importing Assets/Prefabs/Platforms/platform06.prefab using Guid(91af85c80c832d74db594f2f5e83a063) Importer(815301076,1909f56bfc062723c751e8b465ee728b)  -> (artifact id: 'b54bda6fbedfe9358bdd6115ef8edc52') in 0.024476 seconds 
========================================================================
Received Import Request.
  Time since last request: 0.000022 seconds.
  path: Assets/Prefabs/Platforms/platform06_main.prefab
  artifactKey: Guid(666a67da7c4232b4ab7298b67f9b221c) Importer(815301076,1909f56bfc062723c751e8b465ee728b)
Start importing Assets/Prefabs/Platforms/platform06_main.prefab using Guid(666a67da7c4232b4ab7298b67f9b221c) Importer(815301076,1909f56bfc062723c751e8b465ee728b)  -> (artifact id: '29e6c4e87d7f9ccc3f6022584f958249') in 0.021719 seconds 
========================================================================
Received Import Request.
  Time since last request: 0.000038 seconds.
  path: Assets/Prefabs/Platforms/platform02.prefab
  artifactKey: Guid(d7e54d7ca7321c344902c479b1b88bdb) Importer(815301076,1909f56bfc062723c751e8b465ee728b)
Start importing Assets/Prefabs/Platforms/platform02.prefab using Guid(d7e54d7ca7321c344902c479b1b88bdb) Importer(815301076,1909f56bfc062723c751e8b465ee728b)  -> (artifact id: '5987fde7bda0de24d5212f4131af26ee') in 0.016398 seconds 
========================================================================
Received Import Request.
  Time since last request: 0.000025 seconds.
  path: Assets/Prefabs/Platforms/platform05_Self.prefab
  artifactKey: Guid(597f91aebd04c9e46998d75a1a0f4481) Importer(815301076,1909f56bfc062723c751e8b465ee728b)
Start importing Assets/Prefabs/Platforms/platform05_Self.prefab using Guid(597f91aebd04c9e46998d75a1a0f4481) Importer(815301076,1909f56bfc062723c751e8b465ee728b)  -> (artifact id: 'eefd577cd5a7c5168b90fcb2ef9c3d85') in 0.016421 seconds 
========================================================================
Received Import Request.
  Time since last request: 0.000016 seconds.
  path: Assets/Prefabs/Platforms/platform_teleporter_main.prefab
  artifactKey: Guid(e5bdac085833690498c30da7c3e751d1) Importer(815301076,1909f56bfc062723c751e8b465ee728b)
Start importing Assets/Prefabs/Platforms/platform_teleporter_main.prefab using Guid(e5bdac085833690498c30da7c3e751d1) Importer(815301076,1909f56bfc062723c751e8b465ee728b)  -> (artifact id: '80aa3d8eb881e0accf19280144b91679') in 0.021727 seconds 
========================================================================
Received Import Request.
  Time since last request: 0.000022 seconds.
  path: Assets/ScriptableObjects/Collectables/Replacer.asset
  artifactKey: Guid(6894bd30ae0f17a4c92d965d162fd36e) Importer(815301076,1909f56bfc062723c751e8b465ee728b)
Start importing Assets/ScriptableObjects/Collectables/Replacer.asset using Guid(6894bd30ae0f17a4c92d965d162fd36e) Importer(815301076,1909f56bfc062723c751e8b465ee728b)  -> (artifact id: '7074ad208d1ac4e3bd0ed983a6b8fa55') in 0.003627 seconds 
========================================================================
Received Import Request.
  Time since last request: 1.115902 seconds.
  path: Assets/Prefabs/Collectables/AirJump.prefab
  artifactKey: Guid(c321a667c1417234d8432d0c6f5198f8) Importer(815301076,1909f56bfc062723c751e8b465ee728b)
Start importing Assets/Prefabs/Collectables/AirJump.prefab using Guid(c321a667c1417234d8432d0c6f5198f8) Importer(815301076,1909f56bfc062723c751e8b465ee728b)  -> (artifact id: '571e7d0a6819ab18964bd239b344f29d') in 0.011334 seconds 
========================================================================
Received Import Request.
  Time since last request: 0.000014 seconds.
  path: Assets/TextMesh Pro/Sprites/EmojiOne.png
  artifactKey: Guid(dffef66376be4fa480fb02b19edbe903) Importer(815301076,1909f56bfc062723c751e8b465ee728b)
Start importing Assets/TextMesh Pro/Sprites/EmojiOne.png using Guid(dffef66376be4fa480fb02b19edbe903) Importer(815301076,1909f56bfc062723c751e8b465ee728b)  -> (artifact id: '0f65f3d60eac9fd4c2044be1d604e718') in 0.022930 seconds 
========================================================================
Received Import Request.
  Time since last request: 0.000017 seconds.
  path: Assets/Prefabs/Enemy03.prefab
  artifactKey: Guid(24f1eb8e50ce4d24fadba3edb70e093e) Importer(815301076,1909f56bfc062723c751e8b465ee728b)
Start importing Assets/Prefabs/Enemy03.prefab using Guid(24f1eb8e50ce4d24fadba3edb70e093e) Importer(815301076,1909f56bfc062723c751e8b465ee728b) The AnimationClip 'Bullet' used by the Animation component 'BigBullet' must be marked as Legacy.
 -> (artifact id: '9b9fefbf6a270514bd6953cc9dcf6621') in 0.018649 seconds 
Editor requested this worker to shutdown with reason: Scaling down because of idle timeout
AssetImportWorker is now disconnected from the server
Process exiting
Exiting without the bug reporter. Application will terminate with return code 0