Using pre-set license
Built from '2021.3/release' branch; Version is '2021.3.17f1 (3e8111cac19d) revision 4096273'; Using compiler version '192829333'; Build Type 'Release'
OS: 'Windows 11  (10.0.22000) 64bit Core' Language: 'fr' Physical Memory: 15776 MB
BatchMode: 1, IsHumanControllingUs: 0, StartBugReporterOnCrash: 0, Is64bit: 1, IsPro: 1

COMMAND LINE ARGUMENTS:
C:\Program Files\Unity\Hub\Editor\2021.3.17f1\Editor\Unity.exe
-adb2
-batchMode
-noUpm
-name
AssetImportWorker25
-projectPath
C:/Users/annam/Documents/GitHub/Escape-From-The-Center
-logFile
Logs/AssetImportWorker25.log
-srvPort
57814
Successfully changed project path to: C:/Users/annam/Documents/GitHub/Escape-From-The-Center
C:/Users/annam/Documents/GitHub/Escape-From-The-Center
[UnityMemory] Configuration Parameters - Can be set up in boot.config
    "memorysetup-bucket-allocator-granularity=16"
    "memorysetup-bucket-allocator-bucket-count=8"
    "memorysetup-bucket-allocator-block-size=33554432"
    "memorysetup-bucket-allocator-block-count=8"
    "memorysetup-main-allocator-block-size=16777216"
    "memorysetup-thread-allocator-block-size=16777216"
    "memorysetup-gfx-main-allocator-block-size=16777216"
    "memorysetup-gfx-thread-allocator-block-size=16777216"
    "memorysetup-cache-allocator-block-size=4194304"
    "memorysetup-typetree-allocator-block-size=2097152"
    "memorysetup-profiler-bucket-allocator-granularity=16"
    "memorysetup-profiler-bucket-allocator-bucket-count=8"
    "memorysetup-profiler-bucket-allocator-block-size=33554432"
    "memorysetup-profiler-bucket-allocator-block-count=8"
    "memorysetup-profiler-allocator-block-size=16777216"
    "memorysetup-profiler-editor-allocator-block-size=1048576"
    "memorysetup-temp-allocator-size-main=16777216"
    "memorysetup-job-temp-allocator-block-size=2097152"
    "memorysetup-job-temp-allocator-block-size-background=1048576"
    "memorysetup-job-temp-allocator-reduction-small-platforms=262144"
    "memorysetup-temp-allocator-size-background-worker=32768"
    "memorysetup-temp-allocator-size-job-worker=262144"
    "memorysetup-temp-allocator-size-preload-manager=33554432"
    "memorysetup-temp-allocator-size-nav-mesh-worker=65536"
    "memorysetup-temp-allocator-size-audio-worker=65536"
    "memorysetup-temp-allocator-size-cloud-worker=32768"
    "memorysetup-temp-allocator-size-gi-baking-worker=262144"
    "memorysetup-temp-allocator-size-gfx=262144"
Player connection [34144] Host "[IP] 192.168.153.1 [Port] 0 [Flags] 2 [Guid] 26794410 [EditorId] 26794410 [Version] 1048832 [Id] WindowsEditor(7,LAPTOP-9UH5ECRM) [Debug] 1 [PackageName] WindowsEditor [ProjectName] Editor" joined multi-casting on [225.0.0.222:54997]...

Player connection [34144] Host "[IP] 192.168.153.1 [Port] 0 [Flags] 2 [Guid] 26794410 [EditorId] 26794410 [Version] 1048832 [Id] WindowsEditor(7,LAPTOP-9UH5ECRM) [Debug] 1 [PackageName] WindowsEditor [ProjectName] Editor" joined alternative multi-casting on [225.0.0.222:34997]...

Refreshing native plugins compatible for Editor in 77.55 ms, found 3 plugins.
Preloading 0 native plugins for Editor in 0.00 ms.
Initialize engine version: 2021.3.17f1 (3e8111cac19d)
[Subsystems] Discovering subsystems at path C:/Program Files/Unity/Hub/Editor/2021.3.17f1/Editor/Data/Resources/UnitySubsystems
[Subsystems] Discovering subsystems at path C:/Users/annam/Documents/GitHub/Escape-From-The-Center/Assets
GfxDevice: creating device client; threaded=0; jobified=0
Direct3D:
    Version:  Direct3D 11.0 [level 11.1]
    Renderer: NVIDIA GeForce GTX 1650 with Max-Q Design (ID=0x1f9d)
    Vendor:   NVIDIA
    VRAM:     3962 MB
    Driver:   30.0.15.1278
Initialize mono
Mono path[0] = 'C:/Program Files/Unity/Hub/Editor/2021.3.17f1/Editor/Data/Managed'
Mono path[1] = 'C:/Program Files/Unity/Hub/Editor/2021.3.17f1/Editor/Data/MonoBleedingEdge/lib/mono/unityjit-win32'
Mono config path = 'C:/Program Files/Unity/Hub/Editor/2021.3.17f1/Editor/Data/MonoBleedingEdge/etc'
Using monoOptions --debugger-agent=transport=dt_socket,embedding=1,server=y,suspend=n,address=127.0.0.1:56692
Begin MonoManager ReloadAssembly
Registering precompiled unity dll's ...
Register platform support module: C:/Program Files/Unity/Hub/Editor/2021.3.17f1/Editor/Data/PlaybackEngines/WebGLSupport/UnityEditor.WebGL.Extensions.dll
Register platform support module: C:/Program Files/Unity/Hub/Editor/2021.3.17f1/Editor/Data/PlaybackEngines/AndroidPlayer/UnityEditor.Android.Extensions.dll
Register platform support module: C:/Program Files/Unity/Hub/Editor/2021.3.17f1/Editor/Data/PlaybackEngines/WindowsStandaloneSupport/UnityEditor.WindowsStandalone.Extensions.dll
Registered in 0.005118 seconds.
Native extension for WindowsStandalone target not found
Native extension for Android target not found
Native extension for WebGL target not found
Refreshing native plugins compatible for Editor in 76.48 ms, found 3 plugins.
Preloading 0 native plugins for Editor in 0.00 ms.
Mono: successfully reloaded assembly
- Completed reload, in  0.632 seconds
Domain Reload Profiling:
	ReloadAssembly (633ms)
		BeginReloadAssembly (90ms)
			ExecutionOrderSort (0ms)
			DisableScriptedObjects (0ms)
			BackupInstance (0ms)
			ReleaseScriptingObjects (0ms)
			CreateAndSetChildDomain (1ms)
		EndReloadAssembly (438ms)
			LoadAssemblies (88ms)
			RebuildTransferFunctionScriptingTraits (0ms)
			SetupTypeCache (98ms)
			ReleaseScriptCaches (0ms)
			RebuildScriptCaches (23ms)
			SetupLoadedEditorAssemblies (271ms)
				LogAssemblyErrors (0ms)
				InitializePlatformSupportModulesInManaged (66ms)
				SetLoadedEditorAssemblies (0ms)
				RefreshPlugins (77ms)
				BeforeProcessingInitializeOnLoad (1ms)
				ProcessInitializeOnLoadAttributes (87ms)
				ProcessInitializeOnLoadMethodAttributes (40ms)
				AfterProcessingInitializeOnLoad (0ms)
				EditorAssembliesLoaded (0ms)
			ExecutionOrderSort2 (0ms)
			AwakeInstancesAfterBackupRestoration (0ms)
Platform modules already initialized, skipping
Registering precompiled user dll's ...
Registered in 0.006023 seconds.
Begin MonoManager ReloadAssembly
Symbol file LoadedFromMemory doesn't match image C:\Users\annam\Documents\GitHub\Escape-From-The-Center\Library\PackageCache\com.unity.visualscripting@1.8.0\Editor\VisualScripting.Core\Dependencies\YamlDotNet\Unity.VisualScripting.YamlDotNet.dll
Symbol file LoadedFromMemory doesn't match image C:\Users\annam\Documents\GitHub\Escape-From-The-Center\Library\PackageCache\com.unity.visualscripting@1.8.0\Editor\VisualScripting.Core\Dependencies\DotNetZip\Unity.VisualScripting.IonicZip.dll
Native extension for WindowsStandalone target not found
Native extension for Android target not found
Native extension for WebGL target not found
Refreshing native plugins compatible for Editor in 0.54 ms, found 3 plugins.
Preloading 0 native plugins for Editor in 0.00 ms.
Mono: successfully reloaded assembly
- Completed reload, in  0.914 seconds
Domain Reload Profiling:
	ReloadAssembly (914ms)
		BeginReloadAssembly (104ms)
			ExecutionOrderSort (0ms)
			DisableScriptedObjects (8ms)
			BackupInstance (0ms)
			ReleaseScriptingObjects (0ms)
			CreateAndSetChildDomain (22ms)
		EndReloadAssembly (710ms)
			LoadAssemblies (69ms)
			RebuildTransferFunctionScriptingTraits (0ms)
			SetupTypeCache (252ms)
			ReleaseScriptCaches (1ms)
			RebuildScriptCaches (44ms)
			SetupLoadedEditorAssemblies (293ms)
				LogAssemblyErrors (0ms)
				InitializePlatformSupportModulesInManaged (17ms)
				SetLoadedEditorAssemblies (0ms)
				RefreshPlugins (1ms)
				BeforeProcessingInitializeOnLoad (71ms)
				ProcessInitializeOnLoadAttributes (181ms)
				ProcessInitializeOnLoadMethodAttributes (17ms)
				AfterProcessingInitializeOnLoad (6ms)
				EditorAssembliesLoaded (0ms)
			ExecutionOrderSort2 (0ms)
			AwakeInstancesAfterBackupRestoration (5ms)
Platform modules already initialized, skipping
========================================================================
Worker process is ready to serve import requests
Launched and connected shader compiler UnityShaderCompiler.exe after 0.05 seconds
Refreshing native plugins compatible for Editor in 1.38 ms, found 3 plugins.
Preloading 0 native plugins for Editor in 0.00 ms.
Unloading 3151 Unused Serialized files (Serialized files now loaded: 0)
Unloading 26 unused Assets / (113.9 KB). Loaded Objects now: 3621.
Memory consumption went from 114.6 MB to 114.5 MB.
Total: 4.313000 ms (FindLiveObjects: 0.636400 ms CreateObjectMapping: 0.208200 ms MarkObjects: 3.247900 ms  DeleteObjects: 0.218900 ms)

AssetImportParameters requested are different than current active one (requested -> active):
  custom:video-decoder-ogg-theora: a1e56fd34408186e4bbccfd4996cb3dc -> 
  custom:container-muxer-webm: aa71ff27fc2769a1b78a27578f13a17b -> 
  custom:container-demuxer-webm: 4f35f7cbe854078d1ac9338744f61a02 -> 
  custom:video-encoder-webm-vp8: eb34c28f22e8b96e1ab97ce403110664 -> 
  custom:video-codec-MediaFoundation-h265: 746d11721c4dcdbdad8f713fa42b33f4 -> 
  custom:audio-encoder-webm-vorbis: bf7c407c2cedff20999df2af8eb42d56 -> 
  custom:framework-win-MediaFoundation: 216162199b28c13a410421893ffa2e32 -> 
  custom:container-demuxer-ogg: 62fdf1f143b41e24485cea50d1cbac27 -> 
  custom:video-decoder-webm-vp8: 9c59270c3fd7afecdb556c50c9e8de78 -> 
  custom:audio-decoder-ogg-vorbis: bf7c407c2cedff20999df2af8eb42d56 -> 
========================================================================
Received Import Request.
  Time since last request: 92321.416248 seconds.
  path: Assets/Prefabs/Enemies/EnemyArea (1).prefab
  artifactKey: Guid(239b05293f7ec7b45b9ce9499e51a41c) Importer(815301076,1909f56bfc062723c751e8b465ee728b)
Start importing Assets/Prefabs/Enemies/EnemyArea (1).prefab using Guid(239b05293f7ec7b45b9ce9499e51a41c) Importer(815301076,1909f56bfc062723c751e8b465ee728b)  -> (artifact id: 'c691c4ca018130c99e6b7a6a41b679e4') in 0.140158 seconds 
========================================================================
Received Import Request.
  Time since last request: 11.373226 seconds.
  path: Assets/Prefabs/Enemies/EnemyArea (1).prefab
  artifactKey: Guid(239b05293f7ec7b45b9ce9499e51a41c) Importer(815301076,1909f56bfc062723c751e8b465ee728b)
Start importing Assets/Prefabs/Enemies/EnemyArea (1).prefab using Guid(239b05293f7ec7b45b9ce9499e51a41c) Importer(815301076,1909f56bfc062723c751e8b465ee728b) The legacy Animation Clip "EnemyMove" cannot be used in the State "EnemyMove". Legacy AnimationClips are not allowed in Animator Controllers.
 -> (artifact id: '2050a81e68644ecc86a599ff040d2157') in 0.032937 seconds 
========================================================================
Received Import Request.
  Time since last request: 27.506782 seconds.
  path: Assets/Prefabs/Enemies/EnemyArea.prefab
  artifactKey: Guid(ecf540a26cc5ea94ca467e72ea530934) Importer(815301076,1909f56bfc062723c751e8b465ee728b)
Start importing Assets/Prefabs/Enemies/EnemyArea.prefab using Guid(ecf540a26cc5ea94ca467e72ea530934) Importer(815301076,1909f56bfc062723c751e8b465ee728b)  -> (artifact id: '093d4938823b8a47af28404c242cf2f6') in 0.024645 seconds 
========================================================================
Received Import Request.
  Time since last request: 5.814266 seconds.
  path: Assets/Prefabs/Enemies/EnemyArea.prefab
  artifactKey: Guid(ecf540a26cc5ea94ca467e72ea530934) Importer(815301076,1909f56bfc062723c751e8b465ee728b)
Start importing Assets/Prefabs/Enemies/EnemyArea.prefab using Guid(ecf540a26cc5ea94ca467e72ea530934) Importer(815301076,1909f56bfc062723c751e8b465ee728b)  -> (artifact id: 'a439cae4b367a10cb778e2cf5363cd40') in 0.029451 seconds 
========================================================================
Received Prepare
Registering precompiled user dll's ...
Registered in 0.004511 seconds.
Begin MonoManager ReloadAssembly
Symbol file LoadedFromMemory doesn't match image C:\Users\annam\Documents\GitHub\Escape-From-The-Center\Library\PackageCache\com.unity.visualscripting@1.8.0\Editor\VisualScripting.Core\Dependencies\YamlDotNet\Unity.VisualScripting.YamlDotNet.dll
Symbol file LoadedFromMemory doesn't match image C:\Users\annam\Documents\GitHub\Escape-From-The-Center\Library\PackageCache\com.unity.visualscripting@1.8.0\Editor\VisualScripting.Core\Dependencies\DotNetZip\Unity.VisualScripting.IonicZip.dll
Native extension for WindowsStandalone target not found
Native extension for Android target not found
Native extension for WebGL target not found
Refreshing native plugins compatible for Editor in 0.76 ms, found 3 plugins.
Preloading 0 native plugins for Editor in 0.00 ms.
Mono: successfully reloaded assembly
- Completed reload, in  0.893 seconds
Domain Reload Profiling:
	ReloadAssembly (893ms)
		BeginReloadAssembly (122ms)
			ExecutionOrderSort (0ms)
			DisableScriptedObjects (4ms)
			BackupInstance (0ms)
			ReleaseScriptingObjects (0ms)
			CreateAndSetChildDomain (36ms)
		EndReloadAssembly (686ms)
			LoadAssemblies (70ms)
			RebuildTransferFunctionScriptingTraits (0ms)
			SetupTypeCache (224ms)
			ReleaseScriptCaches (1ms)
			RebuildScriptCaches (38ms)
			SetupLoadedEditorAssemblies (290ms)
				LogAssemblyErrors (0ms)
				InitializePlatformSupportModulesInManaged (25ms)
				SetLoadedEditorAssemblies (0ms)
				RefreshPlugins (1ms)
				BeforeProcessingInitializeOnLoad (56ms)
				ProcessInitializeOnLoadAttributes (179ms)
				ProcessInitializeOnLoadMethodAttributes (23ms)
				AfterProcessingInitializeOnLoad (6ms)
				EditorAssembliesLoaded (0ms)
			ExecutionOrderSort2 (0ms)
			AwakeInstancesAfterBackupRestoration (7ms)
Platform modules already initialized, skipping
Refreshing native plugins compatible for Editor in 4.34 ms, found 3 plugins.
Preloading 0 native plugins for Editor in 0.00 ms.
Unloading 3122 Unused Serialized files (Serialized files now loaded: 0)
Unloading 19 unused Assets / (80.3 KB). Loaded Objects now: 3634.
Memory consumption went from 116.6 MB to 116.5 MB.
Total: 3.376300 ms (FindLiveObjects: 0.298900 ms CreateObjectMapping: 0.104100 ms MarkObjects: 2.852900 ms  DeleteObjects: 0.119000 ms)

AssetImportParameters requested are different than current active one (requested -> active):
  custom:video-decoder-ogg-theora: a1e56fd34408186e4bbccfd4996cb3dc -> 
  custom:container-muxer-webm: aa71ff27fc2769a1b78a27578f13a17b -> 
  custom:container-demuxer-webm: 4f35f7cbe854078d1ac9338744f61a02 -> 
  custom:video-encoder-webm-vp8: eb34c28f22e8b96e1ab97ce403110664 -> 
  custom:video-codec-MediaFoundation-h265: 746d11721c4dcdbdad8f713fa42b33f4 -> 
  custom:audio-encoder-webm-vorbis: bf7c407c2cedff20999df2af8eb42d56 -> 
  custom:framework-win-MediaFoundation: 216162199b28c13a410421893ffa2e32 -> 
  custom:container-demuxer-ogg: 62fdf1f143b41e24485cea50d1cbac27 -> 
  custom:video-decoder-webm-vp8: 9c59270c3fd7afecdb556c50c9e8de78 -> 
  custom:audio-decoder-ogg-vorbis: bf7c407c2cedff20999df2af8eb42d56 -> 
========================================================================
Received Import Request.
  Time since last request: 183.824805 seconds.
  path: Assets/Prefabs/Enemies/enemy01-p03 Variant.prefab
  artifactKey: Guid(2b1a318c62f85134db5007b23a51b4e3) Importer(815301076,1909f56bfc062723c751e8b465ee728b)
Start importing Assets/Prefabs/Enemies/enemy01-p03 Variant.prefab using Guid(2b1a318c62f85134db5007b23a51b4e3) Importer(815301076,1909f56bfc062723c751e8b465ee728b)  -> (artifact id: 'c1264865ecc72bbd0cfba85f7a9f87d1') in 0.089356 seconds 
========================================================================
Received Import Request.
  Time since last request: 0.000042 seconds.
  path: Assets/Prefabs/Enemies/EnemyArea (3).prefab
  artifactKey: Guid(32bb431fc79d518458f07944a7dd6e17) Importer(815301076,1909f56bfc062723c751e8b465ee728b)
Start importing Assets/Prefabs/Enemies/EnemyArea (3).prefab using Guid(32bb431fc79d518458f07944a7dd6e17) Importer(815301076,1909f56bfc062723c751e8b465ee728b)  -> (artifact id: '2f1691b245d62511ab03dd25ca79d11f') in 0.061524 seconds 
========================================================================
Received Import Request.
  Time since last request: 0.000041 seconds.
  path: Assets/Prefabs/Enemies/SEonP03.prefab
  artifactKey: Guid(b1d4143e231c07e44a738b07d427ce9a) Importer(815301076,1909f56bfc062723c751e8b465ee728b)
Start importing Assets/Prefabs/Enemies/SEonP03.prefab using Guid(b1d4143e231c07e44a738b07d427ce9a) Importer(815301076,1909f56bfc062723c751e8b465ee728b)  -> (artifact id: 'a084b8d16745e78b65220256dc1d7670') in 0.040169 seconds 
========================================================================
Received Import Request.
  Time since last request: 0.000023 seconds.
  path: Assets/Prefabs/Enemies/EnemyArea.prefab
  artifactKey: Guid(ecf540a26cc5ea94ca467e72ea530934) Importer(815301076,1909f56bfc062723c751e8b465ee728b)
Start importing Assets/Prefabs/Enemies/EnemyArea.prefab using Guid(ecf540a26cc5ea94ca467e72ea530934) Importer(815301076,1909f56bfc062723c751e8b465ee728b)  -> (artifact id: 'ee43bc5c55cf13f6f08d8f7faadb5a0f') in 0.028590 seconds 
========================================================================
Received Import Request.
  Time since last request: 122.089120 seconds.
  path: Assets/Prefabs/Enemies/enemy01-p03 Variant.prefab
  artifactKey: Guid(2b1a318c62f85134db5007b23a51b4e3) Importer(815301076,1909f56bfc062723c751e8b465ee728b)
Start importing Assets/Prefabs/Enemies/enemy01-p03 Variant.prefab using Guid(2b1a318c62f85134db5007b23a51b4e3) Importer(815301076,1909f56bfc062723c751e8b465ee728b)  -> (artifact id: '6437bf6aa45421492848dbee371d6ebc') in 0.039819 seconds 
========================================================================
Received Import Request.
  Time since last request: 0.000017 seconds.
  path: Assets/Prefabs/Enemies/EnemyArea.prefab
  artifactKey: Guid(ecf540a26cc5ea94ca467e72ea530934) Importer(815301076,1909f56bfc062723c751e8b465ee728b)
Start importing Assets/Prefabs/Enemies/EnemyArea.prefab using Guid(ecf540a26cc5ea94ca467e72ea530934) Importer(815301076,1909f56bfc062723c751e8b465ee728b)  -> (artifact id: '8b2f9a47cb11720559f64e86f7471c82') in 0.032492 seconds 
========================================================================
Received Import Request.
  Time since last request: 72.840686 seconds.
  path: Assets/Prefabs/Enemies/enemy01-p03 Variant.prefab
  artifactKey: Guid(2b1a318c62f85134db5007b23a51b4e3) Importer(815301076,1909f56bfc062723c751e8b465ee728b)
Start importing Assets/Prefabs/Enemies/enemy01-p03 Variant.prefab using Guid(2b1a318c62f85134db5007b23a51b4e3) Importer(815301076,1909f56bfc062723c751e8b465ee728b)  -> (artifact id: '0901ca49816463936e58b71ae4a09ee6') in 0.025532 seconds 
========================================================================
Received Import Request.
  Time since last request: 31.144750 seconds.
  path: Assets/Prefabs/Enemies/enemy01-p03 Variant.prefab
  artifactKey: Guid(2b1a318c62f85134db5007b23a51b4e3) Importer(815301076,1909f56bfc062723c751e8b465ee728b)
Start importing Assets/Prefabs/Enemies/enemy01-p03 Variant.prefab using Guid(2b1a318c62f85134db5007b23a51b4e3) Importer(815301076,1909f56bfc062723c751e8b465ee728b)  -> (artifact id: '4ab229ac11b07e2823f23f7fdc2c27c4') in 0.025884 seconds 
========================================================================
Received Import Request.
  Time since last request: 0.004726 seconds.
  path: Assets/Prefabs/Enemies/EnemyArea (3).prefab
  artifactKey: Guid(32bb431fc79d518458f07944a7dd6e17) Importer(815301076,1909f56bfc062723c751e8b465ee728b)
Start importing Assets/Prefabs/Enemies/EnemyArea (3).prefab using Guid(32bb431fc79d518458f07944a7dd6e17) Importer(815301076,1909f56bfc062723c751e8b465ee728b)  -> (artifact id: '25c0713649b62be880d3a3313a9f3d37') in 0.038747 seconds 
========================================================================
Received Import Request.
  Time since last request: 0.000029 seconds.
  path: Assets/Prefabs/Enemies/EonP03.prefab
  artifactKey: Guid(61370de0d51d80b41a5c9ee1fb5a8d15) Importer(815301076,1909f56bfc062723c751e8b465ee728b)
Start importing Assets/Prefabs/Enemies/EonP03.prefab using Guid(61370de0d51d80b41a5c9ee1fb5a8d15) Importer(815301076,1909f56bfc062723c751e8b465ee728b)  -> (artifact id: 'feb99e60378668b5b6c0818c65ccbb45') in 0.044603 seconds 
========================================================================
Received Import Request.
  Time since last request: 0.000036 seconds.
  path: Assets/Prefabs/Enemies/EnemyArea.prefab
  artifactKey: Guid(ecf540a26cc5ea94ca467e72ea530934) Importer(815301076,1909f56bfc062723c751e8b465ee728b)
Start importing Assets/Prefabs/Enemies/EnemyArea.prefab using Guid(ecf540a26cc5ea94ca467e72ea530934) Importer(815301076,1909f56bfc062723c751e8b465ee728b)  -> (artifact id: 'bb2ccb452c17b05c9afc068f154b4381') in 0.029132 seconds 
========================================================================
Received Import Request.
  Time since last request: 4.786635 seconds.
  path: Assets/Prefabs/Enemies/Enemy02 -p01 Variant.prefab
  artifactKey: Guid(360f81af729ecec4bb31163bf5efd765) Importer(815301076,1909f56bfc062723c751e8b465ee728b)
Start importing Assets/Prefabs/Enemies/Enemy02 -p01 Variant.prefab using Guid(360f81af729ecec4bb31163bf5efd765) Importer(815301076,1909f56bfc062723c751e8b465ee728b)  -> (artifact id: 'a9bcd134fdb99f54aef8ef7ba5d8bc59') in 0.046588 seconds 
========================================================================
Received Import Request.
  Time since last request: 0.000025 seconds.
  path: Assets/Prefabs/Enemies/SEonP03.prefab
  artifactKey: Guid(b1d4143e231c07e44a738b07d427ce9a) Importer(815301076,1909f56bfc062723c751e8b465ee728b)
Start importing Assets/Prefabs/Enemies/SEonP03.prefab using Guid(b1d4143e231c07e44a738b07d427ce9a) Importer(815301076,1909f56bfc062723c751e8b465ee728b)  -> (artifact id: '6b184e25761e7cbb6083999a1e317755') in 0.043681 seconds 
========================================================================
Received Import Request.
  Time since last request: 5.785495 seconds.
  path: Assets/Prefabs/Enemies/enemy01-p03 Variant.prefab
  artifactKey: Guid(2b1a318c62f85134db5007b23a51b4e3) Importer(815301076,1909f56bfc062723c751e8b465ee728b)
Start importing Assets/Prefabs/Enemies/enemy01-p03 Variant.prefab using Guid(2b1a318c62f85134db5007b23a51b4e3) Importer(815301076,1909f56bfc062723c751e8b465ee728b)  -> (artifact id: 'bb4fef5309eb91d479a370ae0c82c8f2') in 0.046739 seconds 
========================================================================
Received Import Request.
  Time since last request: 8.438241 seconds.
  path: Assets/Prefabs/Enemies/enemy01-p03 Variant.prefab
  artifactKey: Guid(2b1a318c62f85134db5007b23a51b4e3) Importer(815301076,1909f56bfc062723c751e8b465ee728b)
Start importing Assets/Prefabs/Enemies/enemy01-p03 Variant.prefab using Guid(2b1a318c62f85134db5007b23a51b4e3) Importer(815301076,1909f56bfc062723c751e8b465ee728b)  -> (artifact id: 'a0f7b4fbc5007990e30081e47c65bdcf') in 0.024626 seconds 
========================================================================
Received Import Request.
  Time since last request: 3.446029 seconds.
  path: Assets/Prefabs/Enemies/enemy01-p03 Variant.prefab
  artifactKey: Guid(2b1a318c62f85134db5007b23a51b4e3) Importer(815301076,1909f56bfc062723c751e8b465ee728b)
Start importing Assets/Prefabs/Enemies/enemy01-p03 Variant.prefab using Guid(2b1a318c62f85134db5007b23a51b4e3) Importer(815301076,1909f56bfc062723c751e8b465ee728b)  -> (artifact id: '5d34f81eb4fe79de7d4125395792cee3') in 0.024193 seconds 
========================================================================
Received Import Request.
  Time since last request: 18.201016 seconds.
  path: Assets/Prefabs/Enemies/Enemy02 -p01 Variant.prefab
  artifactKey: Guid(360f81af729ecec4bb31163bf5efd765) Importer(815301076,1909f56bfc062723c751e8b465ee728b)
Start importing Assets/Prefabs/Enemies/Enemy02 -p01 Variant.prefab using Guid(360f81af729ecec4bb31163bf5efd765) Importer(815301076,1909f56bfc062723c751e8b465ee728b)  -> (artifact id: '15450c2fe11d1e70fc9f6c47b7053697') in 0.020797 seconds 
========================================================================
Received Import Request.
  Time since last request: 3.641524 seconds.
  path: Assets/Prefabs/Enemies/Enemy02 -p01 Variant.prefab
  artifactKey: Guid(360f81af729ecec4bb31163bf5efd765) Importer(815301076,1909f56bfc062723c751e8b465ee728b)
Start importing Assets/Prefabs/Enemies/Enemy02 -p01 Variant.prefab using Guid(360f81af729ecec4bb31163bf5efd765) Importer(815301076,1909f56bfc062723c751e8b465ee728b)  -> (artifact id: '1d69e90e6d679f47907f479245c9c556') in 0.022877 seconds 
========================================================================
Received Import Request.
  Time since last request: 3.416464 seconds.
  path: Assets/Prefabs/Enemies/Enemy02 -p01 Variant.prefab
  artifactKey: Guid(360f81af729ecec4bb31163bf5efd765) Importer(815301076,1909f56bfc062723c751e8b465ee728b)
Start importing Assets/Prefabs/Enemies/Enemy02 -p01 Variant.prefab using Guid(360f81af729ecec4bb31163bf5efd765) Importer(815301076,1909f56bfc062723c751e8b465ee728b)  -> (artifact id: 'de4681589cd8065ea47bef2585f23acb') in 0.028028 seconds 
========================================================================
Received Import Request.
  Time since last request: 3.205285 seconds.
  path: Assets/Prefabs/Enemies/Enemy02 -p01 Variant.prefab
  artifactKey: Guid(360f81af729ecec4bb31163bf5efd765) Importer(815301076,1909f56bfc062723c751e8b465ee728b)
Start importing Assets/Prefabs/Enemies/Enemy02 -p01 Variant.prefab using Guid(360f81af729ecec4bb31163bf5efd765) Importer(815301076,1909f56bfc062723c751e8b465ee728b)  -> (artifact id: '4e662df6dcbf4cac8001efade94e875e') in 0.021060 seconds 
========================================================================
Received Import Request.
  Time since last request: 4.553292 seconds.
  path: Assets/Prefabs/Enemies/Enemy02 -p01 Variant.prefab
  artifactKey: Guid(360f81af729ecec4bb31163bf5efd765) Importer(815301076,1909f56bfc062723c751e8b465ee728b)
Start importing Assets/Prefabs/Enemies/Enemy02 -p01 Variant.prefab using Guid(360f81af729ecec4bb31163bf5efd765) Importer(815301076,1909f56bfc062723c751e8b465ee728b)  -> (artifact id: '51c3db5742857672bda10f894e944529') in 0.031646 seconds 
========================================================================
Received Import Request.
  Time since last request: 4.328275 seconds.
  path: Assets/Prefabs/Enemies/Enemy02 -p01 Variant.prefab
  artifactKey: Guid(360f81af729ecec4bb31163bf5efd765) Importer(815301076,1909f56bfc062723c751e8b465ee728b)
Start importing Assets/Prefabs/Enemies/Enemy02 -p01 Variant.prefab using Guid(360f81af729ecec4bb31163bf5efd765) Importer(815301076,1909f56bfc062723c751e8b465ee728b)  -> (artifact id: '36217d8e4cc02d9b714c921c73fab638') in 0.022876 seconds 
========================================================================
Received Import Request.
  Time since last request: 2.386214 seconds.
  path: Assets/Prefabs/Enemies/Enemy02 -p01 Variant.prefab
  artifactKey: Guid(360f81af729ecec4bb31163bf5efd765) Importer(815301076,1909f56bfc062723c751e8b465ee728b)
Start importing Assets/Prefabs/Enemies/Enemy02 -p01 Variant.prefab using Guid(360f81af729ecec4bb31163bf5efd765) Importer(815301076,1909f56bfc062723c751e8b465ee728b)  -> (artifact id: 'a97e9f6a48b60cbd4ad9352e50cced8c') in 0.022154 seconds 
========================================================================
Received Import Request.
  Time since last request: 1.833559 seconds.
  path: Assets/Prefabs/Enemies/Enemy02 -p01 Variant.prefab
  artifactKey: Guid(360f81af729ecec4bb31163bf5efd765) Importer(815301076,1909f56bfc062723c751e8b465ee728b)
Start importing Assets/Prefabs/Enemies/Enemy02 -p01 Variant.prefab using Guid(360f81af729ecec4bb31163bf5efd765) Importer(815301076,1909f56bfc062723c751e8b465ee728b)  -> (artifact id: '1381868c735ab17cb1fc8a753ff7cdf2') in 0.028575 seconds 
========================================================================
Received Import Request.
  Time since last request: 16.238683 seconds.
  path: Assets/Prefabs/Enemies/Enemy02-p03 Variant.prefab
  artifactKey: Guid(f6b353574703c1f41adcba5646049085) Importer(815301076,1909f56bfc062723c751e8b465ee728b)
Start importing Assets/Prefabs/Enemies/Enemy02-p03 Variant.prefab using Guid(f6b353574703c1f41adcba5646049085) Importer(815301076,1909f56bfc062723c751e8b465ee728b)  -> (artifact id: '02f3492d69a76fb256d49a7780096316') in 0.041238 seconds 
========================================================================
Received Import Request.
  Time since last request: 3.995662 seconds.
  path: Assets/Prefabs/Enemies/Enemy02-p03 Variant.prefab
  artifactKey: Guid(f6b353574703c1f41adcba5646049085) Importer(815301076,1909f56bfc062723c751e8b465ee728b)
Start importing Assets/Prefabs/Enemies/Enemy02-p03 Variant.prefab using Guid(f6b353574703c1f41adcba5646049085) Importer(815301076,1909f56bfc062723c751e8b465ee728b)  -> (artifact id: '138e74d27d24e895eeda936d0feddac4') in 0.042181 seconds 
========================================================================
Received Import Request.
  Time since last request: 14.059250 seconds.
  path: Assets/Prefabs/Enemies/Enemy02-p03 Variant.prefab
  artifactKey: Guid(f6b353574703c1f41adcba5646049085) Importer(815301076,1909f56bfc062723c751e8b465ee728b)
Start importing Assets/Prefabs/Enemies/Enemy02-p03 Variant.prefab using Guid(f6b353574703c1f41adcba5646049085) Importer(815301076,1909f56bfc062723c751e8b465ee728b)  -> (artifact id: 'e5d4713997550eb855adb46bb38dfcf9') in 0.031517 seconds 
========================================================================
Received Import Request.
  Time since last request: 4.012469 seconds.
  path: Assets/Prefabs/Enemies/Enemy02-p03 Variant.prefab
  artifactKey: Guid(f6b353574703c1f41adcba5646049085) Importer(815301076,1909f56bfc062723c751e8b465ee728b)
Start importing Assets/Prefabs/Enemies/Enemy02-p03 Variant.prefab using Guid(f6b353574703c1f41adcba5646049085) Importer(815301076,1909f56bfc062723c751e8b465ee728b)  -> (artifact id: 'ede6314d76227fc5778c92b283da1af9') in 0.033603 seconds 
========================================================================
Received Import Request.
  Time since last request: 6.475436 seconds.
  path: Assets/Prefabs/Enemies/Enemy02-p03 Variant.prefab
  artifactKey: Guid(f6b353574703c1f41adcba5646049085) Importer(815301076,1909f56bfc062723c751e8b465ee728b)
Start importing Assets/Prefabs/Enemies/Enemy02-p03 Variant.prefab using Guid(f6b353574703c1f41adcba5646049085) Importer(815301076,1909f56bfc062723c751e8b465ee728b)  -> (artifact id: 'ab730455739cab2b2be7beeea1463312') in 0.032729 seconds 
========================================================================
Received Import Request.
  Time since last request: 48.031500 seconds.
  path: Assets/Prefabs/Enemies/Enemy03 Variant.prefab
  artifactKey: Guid(11cb2a23b3c12be44b73f72b9def30e5) Importer(815301076,1909f56bfc062723c751e8b465ee728b)
Start importing Assets/Prefabs/Enemies/Enemy03 Variant.prefab using Guid(11cb2a23b3c12be44b73f72b9def30e5) Importer(815301076,1909f56bfc062723c751e8b465ee728b)  -> (artifact id: 'befd91de63959ec901eeddc3ed19b039') in 0.040644 seconds 
========================================================================
Received Import Request.
  Time since last request: 78.682145 seconds.
  path: Assets/Prefabs/Enemies/Enemy03 Variant 1.prefab
  artifactKey: Guid(46d19ea444cf05e4db6b983dbce9759f) Importer(815301076,1909f56bfc062723c751e8b465ee728b)
Start importing Assets/Prefabs/Enemies/Enemy03 Variant 1.prefab using Guid(46d19ea444cf05e4db6b983dbce9759f) Importer(815301076,1909f56bfc062723c751e8b465ee728b)  -> (artifact id: 'bc520ed771463392f8708a9cbce479e5') in 0.026583 seconds 
========================================================================
Received Import Request.
  Time since last request: 11.483495 seconds.
  path: Assets/Prefabs/Enemies/EnemyArea (1).prefab
  artifactKey: Guid(239b05293f7ec7b45b9ce9499e51a41c) Importer(815301076,1909f56bfc062723c751e8b465ee728b)
Start importing Assets/Prefabs/Enemies/EnemyArea (1).prefab using Guid(239b05293f7ec7b45b9ce9499e51a41c) Importer(815301076,1909f56bfc062723c751e8b465ee728b) The legacy Animation Clip "EnemyMove" cannot be used in the State "EnemyMove". Legacy AnimationClips are not allowed in Animator Controllers.
 -> (artifact id: 'a6aaf1bb5f4059f098da2b0dc73aee9e') in 0.026148 seconds 
========================================================================
Received Import Request.
  Time since last request: 18.616446 seconds.
  path: Assets/Prefabs/Enemies/Enemy03 Variant 1.prefab
  artifactKey: Guid(46d19ea444cf05e4db6b983dbce9759f) Importer(815301076,1909f56bfc062723c751e8b465ee728b)
Start importing Assets/Prefabs/Enemies/Enemy03 Variant 1.prefab using Guid(46d19ea444cf05e4db6b983dbce9759f) Importer(815301076,1909f56bfc062723c751e8b465ee728b)  -> (artifact id: 'ab0a65eba4ffa1136d53d65b44e5ece5') in 0.029340 seconds 
========================================================================
Received Import Request.
  Time since last request: 3.597443 seconds.
  path: Assets/Prefabs/Enemies/Enemy03 Variant 1.prefab
  artifactKey: Guid(46d19ea444cf05e4db6b983dbce9759f) Importer(815301076,1909f56bfc062723c751e8b465ee728b)
Start importing Assets/Prefabs/Enemies/Enemy03 Variant 1.prefab using Guid(46d19ea444cf05e4db6b983dbce9759f) Importer(815301076,1909f56bfc062723c751e8b465ee728b)  -> (artifact id: '411002333c1a419d2100602ef83b8e9f') in 0.020579 seconds 
========================================================================
Received Import Request.
  Time since last request: 2.220383 seconds.
  path: Assets/Prefabs/Enemies/Enemy03 Variant 1.prefab
  artifactKey: Guid(46d19ea444cf05e4db6b983dbce9759f) Importer(815301076,1909f56bfc062723c751e8b465ee728b)
Start importing Assets/Prefabs/Enemies/Enemy03 Variant 1.prefab using Guid(46d19ea444cf05e4db6b983dbce9759f) Importer(815301076,1909f56bfc062723c751e8b465ee728b)  -> (artifact id: 'e91a22d3a496c11d3846a1b74ca6aa14') in 0.024568 seconds 
========================================================================
Received Import Request.
  Time since last request: 6.038032 seconds.
  path: Assets/Prefabs/Enemies/Enemy03 Variant 1.prefab
  artifactKey: Guid(46d19ea444cf05e4db6b983dbce9759f) Importer(815301076,1909f56bfc062723c751e8b465ee728b)
Start importing Assets/Prefabs/Enemies/Enemy03 Variant 1.prefab using Guid(46d19ea444cf05e4db6b983dbce9759f) Importer(815301076,1909f56bfc062723c751e8b465ee728b)  -> (artifact id: 'cbb159020eeed435a3a2f4d358656cfe') in 0.025989 seconds 
========================================================================
Received Import Request.
  Time since last request: 17.837321 seconds.
  path: Assets/Prefabs/Enemies/Enemy03 Variant 1.prefab
  artifactKey: Guid(46d19ea444cf05e4db6b983dbce9759f) Importer(815301076,1909f56bfc062723c751e8b465ee728b)
Start importing Assets/Prefabs/Enemies/Enemy03 Variant 1.prefab using Guid(46d19ea444cf05e4db6b983dbce9759f) Importer(815301076,1909f56bfc062723c751e8b465ee728b)  -> (artifact id: '1e2af7be385676b8e34fd8a34b1f5303') in 0.026778 seconds 
========================================================================
Received Import Request.
  Time since last request: 46.333357 seconds.
  path: Assets/Prefabs/Enemies/Enemy03 1.prefab
  artifactKey: Guid(498d44200b467d4449a32113be90fd30) Importer(815301076,1909f56bfc062723c751e8b465ee728b)
Start importing Assets/Prefabs/Enemies/Enemy03 1.prefab using Guid(498d44200b467d4449a32113be90fd30) Importer(815301076,1909f56bfc062723c751e8b465ee728b) The legacy Animation Clip "EnemyMove" cannot be used in the State "EnemyMove". Legacy AnimationClips are not allowed in Animator Controllers.
 -> (artifact id: 'd1614d06eaa7916c158bd3a368b26c2b') in 0.026985 seconds 
========================================================================
Received Import Request.
  Time since last request: 22.885174 seconds.
  path: Assets/Prefabs/Enemies/Enemy03.prefab
  artifactKey: Guid(0f3dba08662aca74c905b691e80a7c2d) Importer(815301076,1909f56bfc062723c751e8b465ee728b)
Start importing Assets/Prefabs/Enemies/Enemy03.prefab using Guid(0f3dba08662aca74c905b691e80a7c2d) Importer(815301076,1909f56bfc062723c751e8b465ee728b) The legacy Animation Clip "EnemyMove" cannot be used in the State "EnemyMove". Legacy AnimationClips are not allowed in Animator Controllers.
 -> (artifact id: 'c08d03029077d4e8f9f9f784a315ce2e') in 0.022242 seconds 
========================================================================
Received Import Request.
  Time since last request: 1.796934 seconds.
  path: Assets/Prefabs/Enemies/Enemy03.prefab
  artifactKey: Guid(0f3dba08662aca74c905b691e80a7c2d) Importer(815301076,1909f56bfc062723c751e8b465ee728b)
Start importing Assets/Prefabs/Enemies/Enemy03.prefab using Guid(0f3dba08662aca74c905b691e80a7c2d) Importer(815301076,1909f56bfc062723c751e8b465ee728b) The legacy Animation Clip "EnemyMove" cannot be used in the State "EnemyMove". Legacy AnimationClips are not allowed in Animator Controllers.
 -> (artifact id: '979a47456dcbfcf23287023089ac97d7') in 0.028132 seconds 
========================================================================
Received Import Request.
  Time since last request: 8.234221 seconds.
  path: Assets/Prefabs/Enemies/Enemy03.prefab
  artifactKey: Guid(0f3dba08662aca74c905b691e80a7c2d) Importer(815301076,1909f56bfc062723c751e8b465ee728b)
Start importing Assets/Prefabs/Enemies/Enemy03.prefab using Guid(0f3dba08662aca74c905b691e80a7c2d) Importer(815301076,1909f56bfc062723c751e8b465ee728b) The legacy Animation Clip "EnemyMove" cannot be used in the State "EnemyMove". Legacy AnimationClips are not allowed in Animator Controllers.
 -> (artifact id: '61f5f6cf9a4798f99fd9d16b7187e689') in 0.022400 seconds 
========================================================================
Received Import Request.
  Time since last request: 12.104080 seconds.
  path: Assets/Prefabs/Enemies/Enemy03 Variant 1.prefab
  artifactKey: Guid(46d19ea444cf05e4db6b983dbce9759f) Importer(815301076,1909f56bfc062723c751e8b465ee728b)
Start importing Assets/Prefabs/Enemies/Enemy03 Variant 1.prefab using Guid(46d19ea444cf05e4db6b983dbce9759f) Importer(815301076,1909f56bfc062723c751e8b465ee728b)  -> (artifact id: 'f5513ac7ab0d3a021bb0959eb853b0e1') in 0.019385 seconds 
========================================================================
Received Import Request.
  Time since last request: 5.042122 seconds.
  path: Assets/Prefabs/Enemies/Enemy03 Variant 1.prefab
  artifactKey: Guid(46d19ea444cf05e4db6b983dbce9759f) Importer(815301076,1909f56bfc062723c751e8b465ee728b)
Start importing Assets/Prefabs/Enemies/Enemy03 Variant 1.prefab using Guid(46d19ea444cf05e4db6b983dbce9759f) Importer(815301076,1909f56bfc062723c751e8b465ee728b) The legacy Animation Clip "EnemyMove" cannot be used in the State "EnemyMove". Legacy AnimationClips are not allowed in Animator Controllers.
 -> (artifact id: '8ed96a9661ef5fb8242af97b3f88f494') in 0.024559 seconds 
========================================================================
Received Import Request.
  Time since last request: 4.603035 seconds.
  path: Assets/Prefabs/Enemies/Enemy03 Variant 1.prefab
  artifactKey: Guid(46d19ea444cf05e4db6b983dbce9759f) Importer(815301076,1909f56bfc062723c751e8b465ee728b)
Start importing Assets/Prefabs/Enemies/Enemy03 Variant 1.prefab using Guid(46d19ea444cf05e4db6b983dbce9759f) Importer(815301076,1909f56bfc062723c751e8b465ee728b) The legacy Animation Clip "EnemyMove" cannot be used in the State "EnemyMove". Legacy AnimationClips are not allowed in Animator Controllers.
 -> (artifact id: '11a24c6dac54c894b9b6a4f3cacdb11d') in 0.019818 seconds 
========================================================================
Received Import Request.
  Time since last request: 7.639240 seconds.
  path: Assets/Prefabs/Enemies/Enemy03 Variant 1.prefab
  artifactKey: Guid(46d19ea444cf05e4db6b983dbce9759f) Importer(815301076,1909f56bfc062723c751e8b465ee728b)
Start importing Assets/Prefabs/Enemies/Enemy03 Variant 1.prefab using Guid(46d19ea444cf05e4db6b983dbce9759f) Importer(815301076,1909f56bfc062723c751e8b465ee728b) The legacy Animation Clip "EnemyMove" cannot be used in the State "EnemyMove". Legacy AnimationClips are not allowed in Animator Controllers.
 -> (artifact id: '752ede8ed02e92bcafb4c72adb00482f') in 0.024005 seconds 
========================================================================
Received Import Request.
  Time since last request: 9.780795 seconds.
  path: Assets/Prefabs/Enemies/EnemyArea (1).prefab
  artifactKey: Guid(239b05293f7ec7b45b9ce9499e51a41c) Importer(815301076,1909f56bfc062723c751e8b465ee728b)
Start importing Assets/Prefabs/Enemies/EnemyArea (1).prefab using Guid(239b05293f7ec7b45b9ce9499e51a41c) Importer(815301076,1909f56bfc062723c751e8b465ee728b) The legacy Animation Clip "EnemyMove" cannot be used in the State "EnemyMove". Legacy AnimationClips are not allowed in Animator Controllers.
 -> (artifact id: '13756fdc7c0a85f5e086d2e4153eb59e') in 0.028633 seconds 
========================================================================
Received Import Request.
  Time since last request: 1.970171 seconds.
  path: Assets/Prefabs/Enemies/EnemyArea (1).prefab
  artifactKey: Guid(239b05293f7ec7b45b9ce9499e51a41c) Importer(815301076,1909f56bfc062723c751e8b465ee728b)
Start importing Assets/Prefabs/Enemies/EnemyArea (1).prefab using Guid(239b05293f7ec7b45b9ce9499e51a41c) Importer(815301076,1909f56bfc062723c751e8b465ee728b) The legacy Animation Clip "EnemyMove" cannot be used in the State "EnemyMove". Legacy AnimationClips are not allowed in Animator Controllers.
 -> (artifact id: 'e5726920dc45e9249dd10252c5d44c40') in 0.027579 seconds 
========================================================================
Received Import Request.
  Time since last request: 13.017208 seconds.
  path: Assets/Prefabs/Enemies/EnemyArea (2).prefab
  artifactKey: Guid(afc96d0497b516541ab456e9bd348673) Importer(815301076,1909f56bfc062723c751e8b465ee728b)
Start importing Assets/Prefabs/Enemies/EnemyArea (2).prefab using Guid(afc96d0497b516541ab456e9bd348673) Importer(815301076,1909f56bfc062723c751e8b465ee728b)  -> (artifact id: '20b0547b8829cc77a1b0c86904dc02e4') in 0.027864 seconds 
========================================================================
Received Import Request.
  Time since last request: 1.358944 seconds.
  path: Assets/Prefabs/Enemies/EnemyArea (2).prefab
  artifactKey: Guid(afc96d0497b516541ab456e9bd348673) Importer(815301076,1909f56bfc062723c751e8b465ee728b)
Start importing Assets/Prefabs/Enemies/EnemyArea (2).prefab using Guid(afc96d0497b516541ab456e9bd348673) Importer(815301076,1909f56bfc062723c751e8b465ee728b)  -> (artifact id: 'a0b966a354e2cf9fcc0167fcf388dba4') in 0.033688 seconds 
========================================================================
Received Import Request.
  Time since last request: 13.259635 seconds.
  path: Assets/Prefabs/Enemies/EnemyArea.prefab
  artifactKey: Guid(ecf540a26cc5ea94ca467e72ea530934) Importer(815301076,1909f56bfc062723c751e8b465ee728b)
Start importing Assets/Prefabs/Enemies/EnemyArea.prefab using Guid(ecf540a26cc5ea94ca467e72ea530934) Importer(815301076,1909f56bfc062723c751e8b465ee728b)  -> (artifact id: 'b0d08ba0674cef7940ebeb33136f163c') in 0.033006 seconds 
========================================================================
Received Import Request.
  Time since last request: 2.366685 seconds.
  path: Assets/Prefabs/Enemies/EnemyArea.prefab
  artifactKey: Guid(ecf540a26cc5ea94ca467e72ea530934) Importer(815301076,1909f56bfc062723c751e8b465ee728b)
Start importing Assets/Prefabs/Enemies/EnemyArea.prefab using Guid(ecf540a26cc5ea94ca467e72ea530934) Importer(815301076,1909f56bfc062723c751e8b465ee728b)  -> (artifact id: '0c126f6af12891f7b7faa95f25b1ccc5') in 0.035207 seconds 
========================================================================
Received Import Request.
  Time since last request: 16.507541 seconds.
  path: Assets/Prefabs/Enemies/EonP01.prefab
  artifactKey: Guid(eda35f03e32d7e346b1f00ed9b0dffd8) Importer(815301076,1909f56bfc062723c751e8b465ee728b)
Start importing Assets/Prefabs/Enemies/EonP01.prefab using Guid(eda35f03e32d7e346b1f00ed9b0dffd8) Importer(815301076,1909f56bfc062723c751e8b465ee728b)  -> (artifact id: '1c30a4f79a589e4e4b539a08d89c9972') in 0.031261 seconds 
========================================================================
Received Import Request.
  Time since last request: 1.601261 seconds.
  path: Assets/Prefabs/Enemies/EonP01.prefab
  artifactKey: Guid(eda35f03e32d7e346b1f00ed9b0dffd8) Importer(815301076,1909f56bfc062723c751e8b465ee728b)
Start importing Assets/Prefabs/Enemies/EonP01.prefab using Guid(eda35f03e32d7e346b1f00ed9b0dffd8) Importer(815301076,1909f56bfc062723c751e8b465ee728b)  -> (artifact id: '83ea771d0030956eddbff74c94ca4675') in 0.023992 seconds 
========================================================================
Received Import Request.
  Time since last request: 1.799150 seconds.
  path: Assets/Prefabs/Enemies/EonP01.prefab
  artifactKey: Guid(eda35f03e32d7e346b1f00ed9b0dffd8) Importer(815301076,1909f56bfc062723c751e8b465ee728b)
Start importing Assets/Prefabs/Enemies/EonP01.prefab using Guid(eda35f03e32d7e346b1f00ed9b0dffd8) Importer(815301076,1909f56bfc062723c751e8b465ee728b)  -> (artifact id: '7f39b4fa2f0ac23fcc8db3f0af73da4b') in 0.020397 seconds 
========================================================================
Received Import Request.
  Time since last request: 14.560375 seconds.
  path: Assets/Prefabs/Enemies/EonP03.prefab
  artifactKey: Guid(61370de0d51d80b41a5c9ee1fb5a8d15) Importer(815301076,1909f56bfc062723c751e8b465ee728b)
Start importing Assets/Prefabs/Enemies/EonP03.prefab using Guid(61370de0d51d80b41a5c9ee1fb5a8d15) Importer(815301076,1909f56bfc062723c751e8b465ee728b)  -> (artifact id: '6707d32db2c37b38ce21e2b2e06f2923') in 0.028880 seconds 
========================================================================
Received Import Request.
  Time since last request: 1.360097 seconds.
  path: Assets/Prefabs/Enemies/EonP03.prefab
  artifactKey: Guid(61370de0d51d80b41a5c9ee1fb5a8d15) Importer(815301076,1909f56bfc062723c751e8b465ee728b)
Start importing Assets/Prefabs/Enemies/EonP03.prefab using Guid(61370de0d51d80b41a5c9ee1fb5a8d15) Importer(815301076,1909f56bfc062723c751e8b465ee728b)  -> (artifact id: 'accf61049c154cc9c9ac12f280a40e2f') in 0.028167 seconds 
========================================================================
Received Import Request.
  Time since last request: 18.986553 seconds.
  path: Assets/Prefabs/Enemies/EonP03.prefab
  artifactKey: Guid(61370de0d51d80b41a5c9ee1fb5a8d15) Importer(815301076,1909f56bfc062723c751e8b465ee728b)
Start importing Assets/Prefabs/Enemies/EonP03.prefab using Guid(61370de0d51d80b41a5c9ee1fb5a8d15) Importer(815301076,1909f56bfc062723c751e8b465ee728b)  -> (artifact id: 'c0027bfe81be7a2b03ce4b4a9b96accb') in 0.029396 seconds 
========================================================================
Received Import Request.
  Time since last request: 14.326101 seconds.
  path: Assets/Prefabs/Enemies/EonP03.prefab
  artifactKey: Guid(61370de0d51d80b41a5c9ee1fb5a8d15) Importer(815301076,1909f56bfc062723c751e8b465ee728b)
Start importing Assets/Prefabs/Enemies/EonP03.prefab using Guid(61370de0d51d80b41a5c9ee1fb5a8d15) Importer(815301076,1909f56bfc062723c751e8b465ee728b)  -> (artifact id: '3dbab85e7f14d5d79961c58655ca4b80') in 0.030096 seconds 
========================================================================
Received Import Request.
  Time since last request: 7.072202 seconds.
  path: Assets/Prefabs/Enemies/SEonP01.prefab
  artifactKey: Guid(5d9b09ebef694aa49b05d98c05ef8429) Importer(815301076,1909f56bfc062723c751e8b465ee728b)
Start importing Assets/Prefabs/Enemies/SEonP01.prefab using Guid(5d9b09ebef694aa49b05d98c05ef8429) Importer(815301076,1909f56bfc062723c751e8b465ee728b)  -> (artifact id: '42bf781b36f41165ebbef37bcef71d51') in 0.029101 seconds 
========================================================================
Received Import Request.
  Time since last request: 5.026675 seconds.
  path: Assets/Prefabs/Enemies/SEonP01.prefab
  artifactKey: Guid(5d9b09ebef694aa49b05d98c05ef8429) Importer(815301076,1909f56bfc062723c751e8b465ee728b)
Start importing Assets/Prefabs/Enemies/SEonP01.prefab using Guid(5d9b09ebef694aa49b05d98c05ef8429) Importer(815301076,1909f56bfc062723c751e8b465ee728b)  -> (artifact id: '455e0725fbc24bdbf8b715c355a3ffbc') in 0.023166 seconds 
========================================================================
Received Import Request.
  Time since last request: 7.090338 seconds.
  path: Assets/Prefabs/Enemies/SEonP01.prefab
  artifactKey: Guid(5d9b09ebef694aa49b05d98c05ef8429) Importer(815301076,1909f56bfc062723c751e8b465ee728b)
Start importing Assets/Prefabs/Enemies/SEonP01.prefab using Guid(5d9b09ebef694aa49b05d98c05ef8429) Importer(815301076,1909f56bfc062723c751e8b465ee728b)  -> (artifact id: '5846de05ad11c9836aa233a69d81ecdf') in 0.037821 seconds 
========================================================================
Received Import Request.
  Time since last request: 3.806641 seconds.
  path: Assets/Prefabs/Enemies/SEonP01.prefab
  artifactKey: Guid(5d9b09ebef694aa49b05d98c05ef8429) Importer(815301076,1909f56bfc062723c751e8b465ee728b)
Start importing Assets/Prefabs/Enemies/SEonP01.prefab using Guid(5d9b09ebef694aa49b05d98c05ef8429) Importer(815301076,1909f56bfc062723c751e8b465ee728b)  -> (artifact id: 'bf8da980335889178ad2addbe995e942') in 0.028848 seconds 
========================================================================
Received Import Request.
  Time since last request: 7.273529 seconds.
  path: Assets/Prefabs/Enemies/SEonP03.prefab
  artifactKey: Guid(b1d4143e231c07e44a738b07d427ce9a) Importer(815301076,1909f56bfc062723c751e8b465ee728b)
Start importing Assets/Prefabs/Enemies/SEonP03.prefab using Guid(b1d4143e231c07e44a738b07d427ce9a) Importer(815301076,1909f56bfc062723c751e8b465ee728b)  -> (artifact id: '40561afbe49703c7ea151094186a7fe4') in 0.036541 seconds 
========================================================================
Received Import Request.
  Time since last request: 9.114771 seconds.
  path: Assets/Prefabs/Enemies/SEonP03.prefab
  artifactKey: Guid(b1d4143e231c07e44a738b07d427ce9a) Importer(815301076,1909f56bfc062723c751e8b465ee728b)
Start importing Assets/Prefabs/Enemies/SEonP03.prefab using Guid(b1d4143e231c07e44a738b07d427ce9a) Importer(815301076,1909f56bfc062723c751e8b465ee728b)  -> (artifact id: '25a968a90e3fccb7f55de726647f0e92') in 0.028253 seconds 
========================================================================
Received Import Request.
  Time since last request: 11.087527 seconds.
  path: Assets/Prefabs/Enemies/Enemy02 -p01 Variant.prefab
  artifactKey: Guid(360f81af729ecec4bb31163bf5efd765) Importer(815301076,1909f56bfc062723c751e8b465ee728b)
Start importing Assets/Prefabs/Enemies/Enemy02 -p01 Variant.prefab using Guid(360f81af729ecec4bb31163bf5efd765) Importer(815301076,1909f56bfc062723c751e8b465ee728b)  -> (artifact id: 'd1be93145c577f3ee135b1ea6d379005') in 0.025813 seconds 
========================================================================
Received Import Request.
  Time since last request: 0.000024 seconds.
  path: Assets/Prefabs/Enemies/SEonP03.prefab
  artifactKey: Guid(b1d4143e231c07e44a738b07d427ce9a) Importer(815301076,1909f56bfc062723c751e8b465ee728b)
Start importing Assets/Prefabs/Enemies/SEonP03.prefab using Guid(b1d4143e231c07e44a738b07d427ce9a) Importer(815301076,1909f56bfc062723c751e8b465ee728b)  -> (artifact id: 'a5730c721357e05c96c9fcfb03b447a6') in 0.028721 seconds 
========================================================================
Received Import Request.
  Time since last request: 0.000024 seconds.
  path: Assets/Prefabs/Enemies/SEonP01_base.prefab
  artifactKey: Guid(9935f03c87c2d2443b9ede7c74c046a9) Importer(815301076,1909f56bfc062723c751e8b465ee728b)
Start importing Assets/Prefabs/Enemies/SEonP01_base.prefab using Guid(9935f03c87c2d2443b9ede7c74c046a9) Importer(815301076,1909f56bfc062723c751e8b465ee728b)  -> (artifact id: '37307a4f70456fb2eba61e148d063305') in 0.022421 seconds 
========================================================================
Received Import Request.
  Time since last request: 12.924591 seconds.
  path: Assets/Prefabs/Enemies/EnemyArea (2).prefab
  artifactKey: Guid(afc96d0497b516541ab456e9bd348673) Importer(815301076,1909f56bfc062723c751e8b465ee728b)
Start importing Assets/Prefabs/Enemies/EnemyArea (2).prefab using Guid(afc96d0497b516541ab456e9bd348673) Importer(815301076,1909f56bfc062723c751e8b465ee728b)  -> (artifact id: 'e6a1b88566be721f09d9ca0ee925e1d8') in 0.041533 seconds 
========================================================================
Received Import Request.
  Time since last request: 0.000023 seconds.
  path: Assets/Prefabs/Enemies/Shooter Enemy.prefab
  artifactKey: Guid(f989daace86dbe54f90e87df4f9e5b57) Importer(815301076,1909f56bfc062723c751e8b465ee728b)
Start importing Assets/Prefabs/Enemies/Shooter Enemy.prefab using Guid(f989daace86dbe54f90e87df4f9e5b57) Importer(815301076,1909f56bfc062723c751e8b465ee728b)  -> (artifact id: 'b79404915e76422c502d2906a2e8f2ac') in 0.037390 seconds 
========================================================================
Received Import Request.
  Time since last request: 0.000030 seconds.
  path: Assets/Prefabs/Enemies/SEonP01_base.prefab
  artifactKey: Guid(9935f03c87c2d2443b9ede7c74c046a9) Importer(815301076,1909f56bfc062723c751e8b465ee728b)
Start importing Assets/Prefabs/Enemies/SEonP01_base.prefab using Guid(9935f03c87c2d2443b9ede7c74c046a9) Importer(815301076,1909f56bfc062723c751e8b465ee728b)  -> (artifact id: 'e2855b486f7e555abc3a5ef4060b5d06') in 0.026136 seconds 
========================================================================
Received Import Request.
  Time since last request: 7.413754 seconds.
  path: Assets/Prefabs/Enemies/EnemyArea (2).prefab
  artifactKey: Guid(afc96d0497b516541ab456e9bd348673) Importer(815301076,1909f56bfc062723c751e8b465ee728b)
Start importing Assets/Prefabs/Enemies/EnemyArea (2).prefab using Guid(afc96d0497b516541ab456e9bd348673) Importer(815301076,1909f56bfc062723c751e8b465ee728b)  -> (artifact id: '50da8f31ea98ac0c44fddacf80c61bbf') in 0.045609 seconds 
========================================================================
Received Import Request.
  Time since last request: 0.000023 seconds.
  path: Assets/Prefabs/Enemies/SEonP03.prefab
  artifactKey: Guid(b1d4143e231c07e44a738b07d427ce9a) Importer(815301076,1909f56bfc062723c751e8b465ee728b)
Start importing Assets/Prefabs/Enemies/SEonP03.prefab using Guid(b1d4143e231c07e44a738b07d427ce9a) Importer(815301076,1909f56bfc062723c751e8b465ee728b)  -> (artifact id: '04cce3e9fa3f1e271958e2f80c7ceb28') in 0.055292 seconds 
========================================================================
Received Import Request.
  Time since last request: 2.967273 seconds.
  path: Assets/Prefabs/Enemies/EnemyArea (2).prefab
  artifactKey: Guid(afc96d0497b516541ab456e9bd348673) Importer(815301076,1909f56bfc062723c751e8b465ee728b)
Start importing Assets/Prefabs/Enemies/EnemyArea (2).prefab using Guid(afc96d0497b516541ab456e9bd348673) Importer(815301076,1909f56bfc062723c751e8b465ee728b)  -> (artifact id: 'eacfb18da6b617be61d53ede1e64fd16') in 0.044658 seconds 
========================================================================
Received Import Request.
  Time since last request: 0.000039 seconds.
  path: Assets/Prefabs/Enemies/SEonP01_base.prefab
  artifactKey: Guid(9935f03c87c2d2443b9ede7c74c046a9) Importer(815301076,1909f56bfc062723c751e8b465ee728b)
Start importing Assets/Prefabs/Enemies/SEonP01_base.prefab using Guid(9935f03c87c2d2443b9ede7c74c046a9) Importer(815301076,1909f56bfc062723c751e8b465ee728b)  -> (artifact id: 'd6fd1616d5d214bac9edd333850feeca') in 0.052683 seconds 
========================================================================
Received Import Request.
  Time since last request: 5.270034 seconds.
  path: Assets/Prefabs/Enemies/EnemyArea (2).prefab
  artifactKey: Guid(afc96d0497b516541ab456e9bd348673) Importer(815301076,1909f56bfc062723c751e8b465ee728b)
Start importing Assets/Prefabs/Enemies/EnemyArea (2).prefab using Guid(afc96d0497b516541ab456e9bd348673) Importer(815301076,1909f56bfc062723c751e8b465ee728b)  -> (artifact id: '9d7b0b63e68c4b148f5a87810b73dbc7') in 0.026206 seconds 
========================================================================
Received Import Request.
  Time since last request: 0.000022 seconds.
  path: Assets/Prefabs/Enemies/Shooter Enemy.prefab
  artifactKey: Guid(f989daace86dbe54f90e87df4f9e5b57) Importer(815301076,1909f56bfc062723c751e8b465ee728b)
Start importing Assets/Prefabs/Enemies/Shooter Enemy.prefab using Guid(f989daace86dbe54f90e87df4f9e5b57) Importer(815301076,1909f56bfc062723c751e8b465ee728b)  -> (artifact id: 'b8952355ca1119c9837e043375c3a5c4') in 0.017220 seconds 
========================================================================
Received Import Request.
  Time since last request: 13.800417 seconds.
  path: Assets/Prefabs/Enemies/Enemy01.prefab
  artifactKey: Guid(b378b7098fceee84a81c9755eea4f680) Importer(815301076,1909f56bfc062723c751e8b465ee728b)
Start importing Assets/Prefabs/Enemies/Enemy01.prefab using Guid(b378b7098fceee84a81c9755eea4f680) Importer(815301076,1909f56bfc062723c751e8b465ee728b)  -> (artifact id: '075315660228b9d668da0329f29e89c8') in 0.016857 seconds 
========================================================================
Received Import Request.
  Time since last request: 0.000028 seconds.
  path: Assets/Prefabs/Enemies/EnemyArea (3).prefab
  artifactKey: Guid(32bb431fc79d518458f07944a7dd6e17) Importer(815301076,1909f56bfc062723c751e8b465ee728b)
Start importing Assets/Prefabs/Enemies/EnemyArea (3).prefab using Guid(32bb431fc79d518458f07944a7dd6e17) Importer(815301076,1909f56bfc062723c751e8b465ee728b)  -> (artifact id: '38018f27556a0d3c58e855a27808b041') in 0.030585 seconds 
========================================================================
Received Import Request.
  Time since last request: 0.000037 seconds.
  path: Assets/Prefabs/Enemies/EonP01.prefab
  artifactKey: Guid(eda35f03e32d7e346b1f00ed9b0dffd8) Importer(815301076,1909f56bfc062723c751e8b465ee728b)
Start importing Assets/Prefabs/Enemies/EonP01.prefab using Guid(eda35f03e32d7e346b1f00ed9b0dffd8) Importer(815301076,1909f56bfc062723c751e8b465ee728b)  -> (artifact id: '55926243b60d3d4620beb886361b4bcc') in 0.048748 seconds 
========================================================================
Received Import Request.
  Time since last request: 0.000028 seconds.
  path: Assets/Prefabs/Enemies/EnemyArea.prefab
  artifactKey: Guid(ecf540a26cc5ea94ca467e72ea530934) Importer(815301076,1909f56bfc062723c751e8b465ee728b)
Start importing Assets/Prefabs/Enemies/EnemyArea.prefab using Guid(ecf540a26cc5ea94ca467e72ea530934) Importer(815301076,1909f56bfc062723c751e8b465ee728b)  -> (artifact id: '902c3a21bed5c7a9ce13ca70b8b15c15') in 0.024678 seconds 
========================================================================
Received Import Request.
  Time since last request: 3.072484 seconds.
  path: Assets/Prefabs/Enemies/Enemy01.prefab
  artifactKey: Guid(b378b7098fceee84a81c9755eea4f680) Importer(815301076,1909f56bfc062723c751e8b465ee728b)
Start importing Assets/Prefabs/Enemies/Enemy01.prefab using Guid(b378b7098fceee84a81c9755eea4f680) Importer(815301076,1909f56bfc062723c751e8b465ee728b)  -> (artifact id: '69d43449e667d4c47cb5046238130bd7') in 0.031667 seconds 
========================================================================
Received Import Request.
  Time since last request: 0.000020 seconds.
  path: Assets/Prefabs/Enemies/SEonP03.prefab
  artifactKey: Guid(b1d4143e231c07e44a738b07d427ce9a) Importer(815301076,1909f56bfc062723c751e8b465ee728b)
Start importing Assets/Prefabs/Enemies/SEonP03.prefab using Guid(b1d4143e231c07e44a738b07d427ce9a) Importer(815301076,1909f56bfc062723c751e8b465ee728b)  -> (artifact id: 'de6887c428fb266ec4bfc80d6086fb1e') in 0.038751 seconds 
========================================================================
Received Import Request.
  Time since last request: 0.000027 seconds.
  path: Assets/Prefabs/Enemies/EnemyArea.prefab
  artifactKey: Guid(ecf540a26cc5ea94ca467e72ea530934) Importer(815301076,1909f56bfc062723c751e8b465ee728b)
Start importing Assets/Prefabs/Enemies/EnemyArea.prefab using Guid(ecf540a26cc5ea94ca467e72ea530934) Importer(815301076,1909f56bfc062723c751e8b465ee728b)  -> (artifact id: 'ce7040d84d45feb7c0d07914e0944f3b') in 0.034637 seconds 
========================================================================
Received Import Request.
  Time since last request: 64.793898 seconds.
  path: Assets/Prefabs/Enemies/EnemyArea (3).prefab
  artifactKey: Guid(32bb431fc79d518458f07944a7dd6e17) Importer(815301076,1909f56bfc062723c751e8b465ee728b)
Start importing Assets/Prefabs/Enemies/EnemyArea (3).prefab using Guid(32bb431fc79d518458f07944a7dd6e17) Importer(815301076,1909f56bfc062723c751e8b465ee728b)  -> (artifact id: '60737c659e026bcebc1070aef028823f') in 0.034712 seconds 
========================================================================
Received Import Request.
  Time since last request: 19.670894 seconds.
  path: Assets/Prefabs/Enemies/Enemy03 Variant 1.prefab
  artifactKey: Guid(46d19ea444cf05e4db6b983dbce9759f) Importer(815301076,1909f56bfc062723c751e8b465ee728b)
Start importing Assets/Prefabs/Enemies/Enemy03 Variant 1.prefab using Guid(46d19ea444cf05e4db6b983dbce9759f) Importer(815301076,1909f56bfc062723c751e8b465ee728b) The legacy Animation Clip "EnemyMove" cannot be used in the State "EnemyMove". Legacy AnimationClips are not allowed in Animator Controllers.
 -> (artifact id: 'eff22120ebbbddf1028c186f3bf3edac') in 0.031156 seconds 
========================================================================
Received Import Request.
  Time since last request: 0.000020 seconds.
  path: Assets/Prefabs/Enemies/Enemy03.prefab
  artifactKey: Guid(0f3dba08662aca74c905b691e80a7c2d) Importer(815301076,1909f56bfc062723c751e8b465ee728b)
Start importing Assets/Prefabs/Enemies/Enemy03.prefab using Guid(0f3dba08662aca74c905b691e80a7c2d) Importer(815301076,1909f56bfc062723c751e8b465ee728b) The legacy Animation Clip "EnemyMove" cannot be used in the State "EnemyMove". Legacy AnimationClips are not allowed in Animator Controllers.
 -> (artifact id: '9da97fa27e266d21681c6c3d24ca893b') in 0.025256 seconds 
========================================================================
Received Import Request.
  Time since last request: 6.531468 seconds.
  path: Assets/Prefabs/Enemies/Enemy03 Variant 1.prefab
  artifactKey: Guid(46d19ea444cf05e4db6b983dbce9759f) Importer(815301076,1909f56bfc062723c751e8b465ee728b)
Start importing Assets/Prefabs/Enemies/Enemy03 Variant 1.prefab using Guid(46d19ea444cf05e4db6b983dbce9759f) Importer(815301076,1909f56bfc062723c751e8b465ee728b) The legacy Animation Clip "EnemyMove" cannot be used in the State "EnemyMove". Legacy AnimationClips are not allowed in Animator Controllers.
 -> (artifact id: '9160dda73629fe0d5998dd2e6553832b') in 0.038820 seconds 
========================================================================
Received Import Request.
  Time since last request: 0.000023 seconds.
  path: Assets/Prefabs/Enemies/Enemy03.prefab
  artifactKey: Guid(0f3dba08662aca74c905b691e80a7c2d) Importer(815301076,1909f56bfc062723c751e8b465ee728b)
Start importing Assets/Prefabs/Enemies/Enemy03.prefab using Guid(0f3dba08662aca74c905b691e80a7c2d) Importer(815301076,1909f56bfc062723c751e8b465ee728b) The legacy Animation Clip "EnemyMove" cannot be used in the State "EnemyMove". Legacy AnimationClips are not allowed in Animator Controllers.
 -> (artifact id: '9a3112f8d42762894ba7ad7d87eb03ee') in 0.030847 seconds 
========================================================================
Received Import Request.
  Time since last request: 9.942908 seconds.
  path: Assets/Prefabs/Enemies/EnemyArea (2).prefab
  artifactKey: Guid(afc96d0497b516541ab456e9bd348673) Importer(815301076,1909f56bfc062723c751e8b465ee728b)
Start importing Assets/Prefabs/Enemies/EnemyArea (2).prefab using Guid(afc96d0497b516541ab456e9bd348673) Importer(815301076,1909f56bfc062723c751e8b465ee728b)  -> (artifact id: '4ef20400fc6450fadabe85abaa57c7dd') in 0.040841 seconds 
========================================================================
Received Import Request.
  Time since last request: 0.000027 seconds.
  path: Assets/Prefabs/Enemies/SEonP03.prefab
  artifactKey: Guid(b1d4143e231c07e44a738b07d427ce9a) Importer(815301076,1909f56bfc062723c751e8b465ee728b)
Start importing Assets/Prefabs/Enemies/SEonP03.prefab using Guid(b1d4143e231c07e44a738b07d427ce9a) Importer(815301076,1909f56bfc062723c751e8b465ee728b)  -> (artifact id: 'dd0a32d3398b306e87cef29fc334802e') in 0.049962 seconds 
========================================================================
Received Import Request.
  Time since last request: 0.000023 seconds.
  path: Assets/Prefabs/Enemies/SEonP01_base.prefab
  artifactKey: Guid(9935f03c87c2d2443b9ede7c74c046a9) Importer(815301076,1909f56bfc062723c751e8b465ee728b)
Start importing Assets/Prefabs/Enemies/SEonP01_base.prefab using Guid(9935f03c87c2d2443b9ede7c74c046a9) Importer(815301076,1909f56bfc062723c751e8b465ee728b)  -> (artifact id: '08a6a037434d63bec1be97a0a073aeca') in 0.027393 seconds 
========================================================================
Received Import Request.
  Time since last request: 2.921369 seconds.
  path: Assets/Prefabs/Enemies/EnemyArea (2).prefab
  artifactKey: Guid(afc96d0497b516541ab456e9bd348673) Importer(815301076,1909f56bfc062723c751e8b465ee728b)
Start importing Assets/Prefabs/Enemies/EnemyArea (2).prefab using Guid(afc96d0497b516541ab456e9bd348673) Importer(815301076,1909f56bfc062723c751e8b465ee728b)  -> (artifact id: '574115ad1ff697ffb0c811e33bf6b48d') in 0.028426 seconds 
========================================================================
Received Import Request.
  Time since last request: 0.000027 seconds.
  path: Assets/Prefabs/Enemies/Shooter Enemy.prefab
  artifactKey: Guid(f989daace86dbe54f90e87df4f9e5b57) Importer(815301076,1909f56bfc062723c751e8b465ee728b)
Start importing Assets/Prefabs/Enemies/Shooter Enemy.prefab using Guid(f989daace86dbe54f90e87df4f9e5b57) Importer(815301076,1909f56bfc062723c751e8b465ee728b)  -> (artifact id: '7ba27d2df9939a5f35daa6558dd9ecfb') in 0.016083 seconds 
========================================================================
Received Import Request.
  Time since last request: 0.000021 seconds.
  path: Assets/Prefabs/Enemies/SEonP01_base.prefab
  artifactKey: Guid(9935f03c87c2d2443b9ede7c74c046a9) Importer(815301076,1909f56bfc062723c751e8b465ee728b)
Start importing Assets/Prefabs/Enemies/SEonP01_base.prefab using Guid(9935f03c87c2d2443b9ede7c74c046a9) Importer(815301076,1909f56bfc062723c751e8b465ee728b)  -> (artifact id: '91d1953cd492cde7dfa70bb5f4c31e5a') in 0.021025 seconds 
========================================================================
Received Import Request.
  Time since last request: 3.372407 seconds.
  path: Assets/Prefabs/Enemies/EnemyArea (2).prefab
  artifactKey: Guid(afc96d0497b516541ab456e9bd348673) Importer(815301076,1909f56bfc062723c751e8b465ee728b)
Start importing Assets/Prefabs/Enemies/EnemyArea (2).prefab using Guid(afc96d0497b516541ab456e9bd348673) Importer(815301076,1909f56bfc062723c751e8b465ee728b)  -> (artifact id: 'c8d4c9dd354c2bef1afaec49a6eae0ac') in 0.056321 seconds 
========================================================================
Received Import Request.
  Time since last request: 0.000027 seconds.
  path: Assets/Prefabs/Enemies/Shooter Enemy.prefab
  artifactKey: Guid(f989daace86dbe54f90e87df4f9e5b57) Importer(815301076,1909f56bfc062723c751e8b465ee728b)
Start importing Assets/Prefabs/Enemies/Shooter Enemy.prefab using Guid(f989daace86dbe54f90e87df4f9e5b57) Importer(815301076,1909f56bfc062723c751e8b465ee728b)  -> (artifact id: '33fe91c8c6411cd3f0ec3527bcc94df4') in 0.023817 seconds 
========================================================================
Received Prepare
Registering precompiled user dll's ...
Registered in 0.004747 seconds.
Begin MonoManager ReloadAssembly
Symbol file LoadedFromMemory doesn't match image C:\Users\annam\Documents\GitHub\Escape-From-The-Center\Library\PackageCache\com.unity.visualscripting@1.8.0\Editor\VisualScripting.Core\Dependencies\YamlDotNet\Unity.VisualScripting.YamlDotNet.dll
Symbol file LoadedFromMemory doesn't match image C:\Users\annam\Documents\GitHub\Escape-From-The-Center\Library\PackageCache\com.unity.visualscripting@1.8.0\Editor\VisualScripting.Core\Dependencies\DotNetZip\Unity.VisualScripting.IonicZip.dll
Native extension for WindowsStandalone target not found
Native extension for Android target not found
Native extension for WebGL target not found
Refreshing native plugins compatible for Editor in 0.99 ms, found 3 plugins.
Preloading 0 native plugins for Editor in 0.00 ms.
Mono: successfully reloaded assembly
- Completed reload, in  1.005 seconds
Domain Reload Profiling:
	ReloadAssembly (1006ms)
		BeginReloadAssembly (141ms)
			ExecutionOrderSort (0ms)
			DisableScriptedObjects (4ms)
			BackupInstance (0ms)
			ReleaseScriptingObjects (0ms)
			CreateAndSetChildDomain (42ms)
		EndReloadAssembly (780ms)
			LoadAssemblies (82ms)
			RebuildTransferFunctionScriptingTraits (0ms)
			SetupTypeCache (253ms)
			ReleaseScriptCaches (1ms)
			RebuildScriptCaches (40ms)
			SetupLoadedEditorAssemblies (344ms)
				LogAssemblyErrors (0ms)
				InitializePlatformSupportModulesInManaged (28ms)
				SetLoadedEditorAssemblies (0ms)
				RefreshPlugins (1ms)
				BeforeProcessingInitializeOnLoad (72ms)
				ProcessInitializeOnLoadAttributes (213ms)
				ProcessInitializeOnLoadMethodAttributes (23ms)
				AfterProcessingInitializeOnLoad (7ms)
				EditorAssembliesLoaded (0ms)
			ExecutionOrderSort2 (0ms)
			AwakeInstancesAfterBackupRestoration (9ms)
Platform modules already initialized, skipping
Refreshing native plugins compatible for Editor in 3.61 ms, found 3 plugins.
Preloading 0 native plugins for Editor in 0.00 ms.
Unloading 3122 Unused Serialized files (Serialized files now loaded: 0)
Unloading 19 unused Assets / (80.3 KB). Loaded Objects now: 3637.
Memory consumption went from 117.0 MB to 116.9 MB.
Total: 6.032500 ms (FindLiveObjects: 0.661200 ms CreateObjectMapping: 0.267600 ms MarkObjects: 4.944800 ms  DeleteObjects: 0.157200 ms)

AssetImportParameters requested are different than current active one (requested -> active):
  custom:video-decoder-ogg-theora: a1e56fd34408186e4bbccfd4996cb3dc -> 
  custom:container-muxer-webm: aa71ff27fc2769a1b78a27578f13a17b -> 
  custom:container-demuxer-webm: 4f35f7cbe854078d1ac9338744f61a02 -> 
  custom:video-encoder-webm-vp8: eb34c28f22e8b96e1ab97ce403110664 -> 
  custom:video-codec-MediaFoundation-h265: 746d11721c4dcdbdad8f713fa42b33f4 -> 
  custom:audio-encoder-webm-vorbis: bf7c407c2cedff20999df2af8eb42d56 -> 
  custom:framework-win-MediaFoundation: 216162199b28c13a410421893ffa2e32 -> 
  custom:container-demuxer-ogg: 62fdf1f143b41e24485cea50d1cbac27 -> 
  custom:video-decoder-webm-vp8: 9c59270c3fd7afecdb556c50c9e8de78 -> 
  custom:audio-decoder-ogg-vorbis: bf7c407c2cedff20999df2af8eb42d56 -> 
Editor requested this worker to shutdown with reason: Scaling down because of idle timeout
AssetImportWorker is now disconnected from the server
Process exiting
Exiting without the bug reporter. Application will terminate with return code 0