Using pre-set license
Built from '2021.3/release' branch; Version is '2021.3.17f1 (3e8111cac19d) revision 4096273'; Using compiler version '192829333'; Build Type 'Release'
OS: 'Windows 11  (10.0.22000) 64bit Core' Language: 'fr' Physical Memory: 15776 MB
BatchMode: 1, IsHumanControllingUs: 0, StartBugReporterOnCrash: 0, Is64bit: 1, IsPro: 1

COMMAND LINE ARGUMENTS:
C:\Program Files\Unity\Hub\Editor\2021.3.17f1\Editor\Unity.exe
-adb2
-batchMode
-noUpm
-name
AssetImportWorker29
-projectPath
C:/Users/annam/Documents/GitHub/Escape-From-The-Center
-logFile
Logs/AssetImportWorker29.log
-srvPort
54433
Successfully changed project path to: C:/Users/annam/Documents/GitHub/Escape-From-The-Center
C:/Users/annam/Documents/GitHub/Escape-From-The-Center
[UnityMemory] Configuration Parameters - Can be set up in boot.config
    "memorysetup-bucket-allocator-granularity=16"
    "memorysetup-bucket-allocator-bucket-count=8"
    "memorysetup-bucket-allocator-block-size=33554432"
    "memorysetup-bucket-allocator-block-count=8"
    "memorysetup-main-allocator-block-size=16777216"
    "memorysetup-thread-allocator-block-size=16777216"
    "memorysetup-gfx-main-allocator-block-size=16777216"
    "memorysetup-gfx-thread-allocator-block-size=16777216"
    "memorysetup-cache-allocator-block-size=4194304"
    "memorysetup-typetree-allocator-block-size=2097152"
    "memorysetup-profiler-bucket-allocator-granularity=16"
    "memorysetup-profiler-bucket-allocator-bucket-count=8"
    "memorysetup-profiler-bucket-allocator-block-size=33554432"
    "memorysetup-profiler-bucket-allocator-block-count=8"
    "memorysetup-profiler-allocator-block-size=16777216"
    "memorysetup-profiler-editor-allocator-block-size=1048576"
    "memorysetup-temp-allocator-size-main=16777216"
    "memorysetup-job-temp-allocator-block-size=2097152"
    "memorysetup-job-temp-allocator-block-size-background=1048576"
    "memorysetup-job-temp-allocator-reduction-small-platforms=262144"
    "memorysetup-temp-allocator-size-background-worker=32768"
    "memorysetup-temp-allocator-size-job-worker=262144"
    "memorysetup-temp-allocator-size-preload-manager=33554432"
    "memorysetup-temp-allocator-size-nav-mesh-worker=65536"
    "memorysetup-temp-allocator-size-audio-worker=65536"
    "memorysetup-temp-allocator-size-cloud-worker=32768"
    "memorysetup-temp-allocator-size-gi-baking-worker=262144"
    "memorysetup-temp-allocator-size-gfx=262144"
Player connection [15524] Host "[IP] 192.168.153.1 [Port] 0 [Flags] 2 [Guid] 328987405 [EditorId] 328987405 [Version] 1048832 [Id] WindowsEditor(7,LAPTOP-9UH5ECRM) [Debug] 1 [PackageName] WindowsEditor [ProjectName] Editor" joined multi-casting on [225.0.0.222:54997]...

Player connection [15524] Host "[IP] 192.168.153.1 [Port] 0 [Flags] 2 [Guid] 328987405 [EditorId] 328987405 [Version] 1048832 [Id] WindowsEditor(7,LAPTOP-9UH5ECRM) [Debug] 1 [PackageName] WindowsEditor [ProjectName] Editor" joined alternative multi-casting on [225.0.0.222:34997]...

Refreshing native plugins compatible for Editor in 78.91 ms, found 3 plugins.
Preloading 0 native plugins for Editor in 0.00 ms.
Initialize engine version: 2021.3.17f1 (3e8111cac19d)
[Subsystems] Discovering subsystems at path C:/Program Files/Unity/Hub/Editor/2021.3.17f1/Editor/Data/Resources/UnitySubsystems
[Subsystems] Discovering subsystems at path C:/Users/annam/Documents/GitHub/Escape-From-The-Center/Assets
GfxDevice: creating device client; threaded=0; jobified=0
Direct3D:
    Version:  Direct3D 11.0 [level 11.1]
    Renderer: NVIDIA GeForce GTX 1650 with Max-Q Design (ID=0x1f9d)
    Vendor:   NVIDIA
    VRAM:     3962 MB
    Driver:   30.0.15.1278
Initialize mono
Mono path[0] = 'C:/Program Files/Unity/Hub/Editor/2021.3.17f1/Editor/Data/Managed'
Mono path[1] = 'C:/Program Files/Unity/Hub/Editor/2021.3.17f1/Editor/Data/MonoBleedingEdge/lib/mono/unityjit-win32'
Mono config path = 'C:/Program Files/Unity/Hub/Editor/2021.3.17f1/Editor/Data/MonoBleedingEdge/etc'
Using monoOptions --debugger-agent=transport=dt_socket,embedding=1,server=y,suspend=n,address=127.0.0.1:56236
Begin MonoManager ReloadAssembly
Registering precompiled unity dll's ...
Register platform support module: C:/Program Files/Unity/Hub/Editor/2021.3.17f1/Editor/Data/PlaybackEngines/WebGLSupport/UnityEditor.WebGL.Extensions.dll
Register platform support module: C:/Program Files/Unity/Hub/Editor/2021.3.17f1/Editor/Data/PlaybackEngines/AndroidPlayer/UnityEditor.Android.Extensions.dll
Register platform support module: C:/Program Files/Unity/Hub/Editor/2021.3.17f1/Editor/Data/PlaybackEngines/WindowsStandaloneSupport/UnityEditor.WindowsStandalone.Extensions.dll
Registered in 0.005187 seconds.
Native extension for WindowsStandalone target not found
Native extension for Android target not found
Native extension for WebGL target not found
Refreshing native plugins compatible for Editor in 78.54 ms, found 3 plugins.
Preloading 0 native plugins for Editor in 0.00 ms.
Mono: successfully reloaded assembly
- Completed reload, in  0.618 seconds
Domain Reload Profiling:
	ReloadAssembly (618ms)
		BeginReloadAssembly (70ms)
			ExecutionOrderSort (0ms)
			DisableScriptedObjects (0ms)
			BackupInstance (0ms)
			ReleaseScriptingObjects (0ms)
			CreateAndSetChildDomain (1ms)
		EndReloadAssembly (441ms)
			LoadAssemblies (69ms)
			RebuildTransferFunctionScriptingTraits (0ms)
			SetupTypeCache (93ms)
			ReleaseScriptCaches (0ms)
			RebuildScriptCaches (24ms)
			SetupLoadedEditorAssemblies (277ms)
				LogAssemblyErrors (0ms)
				InitializePlatformSupportModulesInManaged (66ms)
				SetLoadedEditorAssemblies (0ms)
				RefreshPlugins (79ms)
				BeforeProcessingInitializeOnLoad (1ms)
				ProcessInitializeOnLoadAttributes (91ms)
				ProcessInitializeOnLoadMethodAttributes (40ms)
				AfterProcessingInitializeOnLoad (0ms)
				EditorAssembliesLoaded (0ms)
			ExecutionOrderSort2 (0ms)
			AwakeInstancesAfterBackupRestoration (0ms)
Platform modules already initialized, skipping
Registering precompiled user dll's ...
Registered in 0.005559 seconds.
Begin MonoManager ReloadAssembly
Symbol file LoadedFromMemory doesn't match image C:\Users\annam\Documents\GitHub\Escape-From-The-Center\Library\PackageCache\com.unity.visualscripting@1.8.0\Editor\VisualScripting.Core\Dependencies\YamlDotNet\Unity.VisualScripting.YamlDotNet.dll
Symbol file LoadedFromMemory doesn't match image C:\Users\annam\Documents\GitHub\Escape-From-The-Center\Library\PackageCache\com.unity.visualscripting@1.8.0\Editor\VisualScripting.Core\Dependencies\DotNetZip\Unity.VisualScripting.IonicZip.dll
Native extension for WindowsStandalone target not found
Native extension for Android target not found
Native extension for WebGL target not found
Refreshing native plugins compatible for Editor in 0.76 ms, found 3 plugins.
Preloading 0 native plugins for Editor in 0.00 ms.
Mono: successfully reloaded assembly
- Completed reload, in  0.892 seconds
Domain Reload Profiling:
	ReloadAssembly (893ms)
		BeginReloadAssembly (104ms)
			ExecutionOrderSort (0ms)
			DisableScriptedObjects (5ms)
			BackupInstance (0ms)
			ReleaseScriptingObjects (0ms)
			CreateAndSetChildDomain (23ms)
		EndReloadAssembly (684ms)
			LoadAssemblies (71ms)
			RebuildTransferFunctionScriptingTraits (0ms)
			SetupTypeCache (230ms)
			ReleaseScriptCaches (1ms)
			RebuildScriptCaches (44ms)
			SetupLoadedEditorAssemblies (288ms)
				LogAssemblyErrors (0ms)
				InitializePlatformSupportModulesInManaged (17ms)
				SetLoadedEditorAssemblies (0ms)
				RefreshPlugins (1ms)
				BeforeProcessingInitializeOnLoad (71ms)
				ProcessInitializeOnLoadAttributes (177ms)
				ProcessInitializeOnLoadMethodAttributes (17ms)
				AfterProcessingInitializeOnLoad (5ms)
				EditorAssembliesLoaded (0ms)
			ExecutionOrderSort2 (0ms)
			AwakeInstancesAfterBackupRestoration (5ms)
Platform modules already initialized, skipping
========================================================================
Worker process is ready to serve import requests
Launched and connected shader compiler UnityShaderCompiler.exe after 0.04 seconds
Refreshing native plugins compatible for Editor in 0.81 ms, found 3 plugins.
Preloading 0 native plugins for Editor in 0.00 ms.
Unloading 3150 Unused Serialized files (Serialized files now loaded: 0)
Unloading 26 unused Assets / (113.8 KB). Loaded Objects now: 3619.
Memory consumption went from 114.4 MB to 114.3 MB.
Total: 4.393600 ms (FindLiveObjects: 0.466600 ms CreateObjectMapping: 0.164300 ms MarkObjects: 3.586800 ms  DeleteObjects: 0.174000 ms)

AssetImportParameters requested are different than current active one (requested -> active):
  custom:video-decoder-ogg-theora: a1e56fd34408186e4bbccfd4996cb3dc -> 
  custom:container-muxer-webm: aa71ff27fc2769a1b78a27578f13a17b -> 
  custom:container-demuxer-webm: 4f35f7cbe854078d1ac9338744f61a02 -> 
  custom:video-encoder-webm-vp8: eb34c28f22e8b96e1ab97ce403110664 -> 
  custom:video-codec-MediaFoundation-h265: 746d11721c4dcdbdad8f713fa42b33f4 -> 
  custom:audio-encoder-webm-vorbis: bf7c407c2cedff20999df2af8eb42d56 -> 
  custom:framework-win-MediaFoundation: 216162199b28c13a410421893ffa2e32 -> 
  custom:container-demuxer-ogg: 62fdf1f143b41e24485cea50d1cbac27 -> 
  custom:video-decoder-webm-vp8: 9c59270c3fd7afecdb556c50c9e8de78 -> 
  custom:audio-decoder-ogg-vorbis: bf7c407c2cedff20999df2af8eb42d56 -> 
========================================================================
Received Import Request.
  Time since last request: 32711.381418 seconds.
  path: Assets/Prefabs/Enemies/Shooter Enemy.prefab
  artifactKey: Guid(f989daace86dbe54f90e87df4f9e5b57) Importer(815301076,1909f56bfc062723c751e8b465ee728b)
Start importing Assets/Prefabs/Enemies/Shooter Enemy.prefab using Guid(f989daace86dbe54f90e87df4f9e5b57) Importer(815301076,1909f56bfc062723c751e8b465ee728b)  -> (artifact id: 'aac38157ef41d83e6cac199fedcec77c') in 0.140532 seconds 
========================================================================
Received Import Request.
  Time since last request: 2.694720 seconds.
  path: Assets/Prefabs/Enemies/Shooter Enemy.prefab
  artifactKey: Guid(f989daace86dbe54f90e87df4f9e5b57) Importer(815301076,1909f56bfc062723c751e8b465ee728b)
Start importing Assets/Prefabs/Enemies/Shooter Enemy.prefab using Guid(f989daace86dbe54f90e87df4f9e5b57) Importer(815301076,1909f56bfc062723c751e8b465ee728b)  -> (artifact id: '04a8982ef39199fc9c9e309aec977281') in 0.024332 seconds 
========================================================================
Received Import Request.
  Time since last request: 0.000023 seconds.
  path: Assets/Prefabs/Enemies/SEonP01.prefab
  artifactKey: Guid(5d9b09ebef694aa49b05d98c05ef8429) Importer(815301076,1909f56bfc062723c751e8b465ee728b)
Start importing Assets/Prefabs/Enemies/SEonP01.prefab using Guid(5d9b09ebef694aa49b05d98c05ef8429) Importer(815301076,1909f56bfc062723c751e8b465ee728b)  -> (artifact id: 'fc698515b71857b12c69698476a37c5b') in 0.034523 seconds 
========================================================================
Received Import Request.
  Time since last request: 0.000030 seconds.
  path: Assets/Prefabs/Enemies/SEonP01_base.prefab
  artifactKey: Guid(9935f03c87c2d2443b9ede7c74c046a9) Importer(815301076,1909f56bfc062723c751e8b465ee728b)
Start importing Assets/Prefabs/Enemies/SEonP01_base.prefab using Guid(9935f03c87c2d2443b9ede7c74c046a9) Importer(815301076,1909f56bfc062723c751e8b465ee728b)  -> (artifact id: '5d01031316bd89c219aa19616b6fb56c') in 0.031261 seconds 
========================================================================
Received Import Request.
  Time since last request: 3.180518 seconds.
  path: Assets/Prefabs/Enemies/Shooter Enemy.prefab
  artifactKey: Guid(f989daace86dbe54f90e87df4f9e5b57) Importer(815301076,1909f56bfc062723c751e8b465ee728b)
Start importing Assets/Prefabs/Enemies/Shooter Enemy.prefab using Guid(f989daace86dbe54f90e87df4f9e5b57) Importer(815301076,1909f56bfc062723c751e8b465ee728b)  -> (artifact id: '5d240493453e105e9c65275684e256aa') in 0.012580 seconds 
========================================================================
Received Import Request.
  Time since last request: 0.004477 seconds.
  path: Assets/Prefabs/Enemies/Enemy02 -p01 Variant.prefab
  artifactKey: Guid(33937609ac49ffc47b4fa35ddee30226) Importer(815301076,1909f56bfc062723c751e8b465ee728b)
Start importing Assets/Prefabs/Enemies/Enemy02 -p01 Variant.prefab using Guid(33937609ac49ffc47b4fa35ddee30226) Importer(815301076,1909f56bfc062723c751e8b465ee728b)  -> (artifact id: 'd1a6231f0c5c023c7458881f1d759adc') in 0.032450 seconds 
========================================================================
Received Import Request.
  Time since last request: 0.000019 seconds.
  path: Assets/Prefabs/Enemies/SEonP03.prefab
  artifactKey: Guid(b1d4143e231c07e44a738b07d427ce9a) Importer(815301076,1909f56bfc062723c751e8b465ee728b)
Start importing Assets/Prefabs/Enemies/SEonP03.prefab using Guid(b1d4143e231c07e44a738b07d427ce9a) Importer(815301076,1909f56bfc062723c751e8b465ee728b)  -> (artifact id: '20d288a4c9b4d2de26a608d961e736b3') in 0.034024 seconds 
========================================================================
Received Import Request.
  Time since last request: 2.975102 seconds.
  path: Assets/Prefabs/Enemies/Shooter Enemy.prefab
  artifactKey: Guid(f989daace86dbe54f90e87df4f9e5b57) Importer(815301076,1909f56bfc062723c751e8b465ee728b)
Start importing Assets/Prefabs/Enemies/Shooter Enemy.prefab using Guid(f989daace86dbe54f90e87df4f9e5b57) Importer(815301076,1909f56bfc062723c751e8b465ee728b)  -> (artifact id: '0ddaa2124745573fc4fadf98474a189d') in 0.012250 seconds 
========================================================================
Received Import Request.
  Time since last request: 0.004107 seconds.
  path: Assets/Prefabs/Enemies/Enemy02 -p01 Variant.prefab
  artifactKey: Guid(33937609ac49ffc47b4fa35ddee30226) Importer(815301076,1909f56bfc062723c751e8b465ee728b)
Start importing Assets/Prefabs/Enemies/Enemy02 -p01 Variant.prefab using Guid(33937609ac49ffc47b4fa35ddee30226) Importer(815301076,1909f56bfc062723c751e8b465ee728b)  -> (artifact id: '8e0120f9a4fb4ec9f775632d3cc38b45') in 0.025590 seconds 
========================================================================
Received Import Request.
  Time since last request: 0.000029 seconds.
  path: Assets/Prefabs/Enemies/SEonP03.prefab
  artifactKey: Guid(b1d4143e231c07e44a738b07d427ce9a) Importer(815301076,1909f56bfc062723c751e8b465ee728b)
Start importing Assets/Prefabs/Enemies/SEonP03.prefab using Guid(b1d4143e231c07e44a738b07d427ce9a) Importer(815301076,1909f56bfc062723c751e8b465ee728b)  -> (artifact id: '472eb240dff5b1da92bdfe59698bf3b6') in 0.028041 seconds 
========================================================================
Received Import Request.
  Time since last request: 6.614790 seconds.
  path: Assets/Prefabs/Enemies/Shooter Enemy.prefab
  artifactKey: Guid(f989daace86dbe54f90e87df4f9e5b57) Importer(815301076,1909f56bfc062723c751e8b465ee728b)
Start importing Assets/Prefabs/Enemies/Shooter Enemy.prefab using Guid(f989daace86dbe54f90e87df4f9e5b57) Importer(815301076,1909f56bfc062723c751e8b465ee728b)  -> (artifact id: 'c9225e10436e1cd6cfa2f1dda86a02f7') in 0.019194 seconds 
========================================================================
Received Import Request.
  Time since last request: 0.000038 seconds.
  path: Assets/Prefabs/Enemies/EnemyArea (3).prefab
  artifactKey: Guid(32bb431fc79d518458f07944a7dd6e17) Importer(815301076,1909f56bfc062723c751e8b465ee728b)
Start importing Assets/Prefabs/Enemies/EnemyArea (3).prefab using Guid(32bb431fc79d518458f07944a7dd6e17) Importer(815301076,1909f56bfc062723c751e8b465ee728b)  -> (artifact id: 'c967b00db64860bbf46e09072981c422') in 0.035091 seconds 
========================================================================
Received Import Request.
  Time since last request: 0.000021 seconds.
  path: Assets/Prefabs/Enemies/SEonP01_base.prefab
  artifactKey: Guid(9935f03c87c2d2443b9ede7c74c046a9) Importer(815301076,1909f56bfc062723c751e8b465ee728b)
Start importing Assets/Prefabs/Enemies/SEonP01_base.prefab using Guid(9935f03c87c2d2443b9ede7c74c046a9) Importer(815301076,1909f56bfc062723c751e8b465ee728b)  -> (artifact id: '790debc121dd04fc80c90054710ad642') in 0.036702 seconds 
========================================================================
Received Import Request.
  Time since last request: 24.715117 seconds.
  path: Assets/Prefabs/Enemies/SEonP03.prefab
  artifactKey: Guid(b1d4143e231c07e44a738b07d427ce9a) Importer(815301076,1909f56bfc062723c751e8b465ee728b)
Start importing Assets/Prefabs/Enemies/SEonP03.prefab using Guid(b1d4143e231c07e44a738b07d427ce9a) Importer(815301076,1909f56bfc062723c751e8b465ee728b)  -> (artifact id: '3102c167d3878c99c53662ca13a5520c') in 0.033669 seconds 
========================================================================
Received Import Request.
  Time since last request: 2.363398 seconds.
  path: Assets/Prefabs/Enemies/SEonP03.prefab
  artifactKey: Guid(b1d4143e231c07e44a738b07d427ce9a) Importer(815301076,1909f56bfc062723c751e8b465ee728b)
Start importing Assets/Prefabs/Enemies/SEonP03.prefab using Guid(b1d4143e231c07e44a738b07d427ce9a) Importer(815301076,1909f56bfc062723c751e8b465ee728b)  -> (artifact id: '8cda121739ae871980e65aedae19058d') in 0.023340 seconds 
========================================================================
Received Import Request.
  Time since last request: 11.222053 seconds.
  path: Assets/Prefabs/Enemies/SEonP03.prefab
  artifactKey: Guid(b1d4143e231c07e44a738b07d427ce9a) Importer(815301076,1909f56bfc062723c751e8b465ee728b)
Start importing Assets/Prefabs/Enemies/SEonP03.prefab using Guid(b1d4143e231c07e44a738b07d427ce9a) Importer(815301076,1909f56bfc062723c751e8b465ee728b)  -> (artifact id: '8266f64b15adbc696fcb7b9b940e33d6') in 0.019680 seconds 
========================================================================
Received Import Request.
  Time since last request: 9.492823 seconds.
  path: Assets/Prefabs/Enemies/SEonP03.prefab
  artifactKey: Guid(b1d4143e231c07e44a738b07d427ce9a) Importer(815301076,1909f56bfc062723c751e8b465ee728b)
Start importing Assets/Prefabs/Enemies/SEonP03.prefab using Guid(b1d4143e231c07e44a738b07d427ce9a) Importer(815301076,1909f56bfc062723c751e8b465ee728b)  -> (artifact id: 'f4fa8e557874160729c7c0daf53f1656') in 0.020886 seconds 
========================================================================
Received Import Request.
  Time since last request: 7.294944 seconds.
  path: Assets/Prefabs/Enemies/SEonP03.prefab
  artifactKey: Guid(b1d4143e231c07e44a738b07d427ce9a) Importer(815301076,1909f56bfc062723c751e8b465ee728b)
Start importing Assets/Prefabs/Enemies/SEonP03.prefab using Guid(b1d4143e231c07e44a738b07d427ce9a) Importer(815301076,1909f56bfc062723c751e8b465ee728b)  -> (artifact id: '99f072fbee2f241c45988561f975d4db') in 0.022955 seconds 
========================================================================
Received Import Request.
  Time since last request: 3.255581 seconds.
  path: Assets/Prefabs/Enemies/SEonP03.prefab
  artifactKey: Guid(b1d4143e231c07e44a738b07d427ce9a) Importer(815301076,1909f56bfc062723c751e8b465ee728b)
Start importing Assets/Prefabs/Enemies/SEonP03.prefab using Guid(b1d4143e231c07e44a738b07d427ce9a) Importer(815301076,1909f56bfc062723c751e8b465ee728b)  -> (artifact id: '7c4a089aa64ba5e1764cddc2d24ad59e') in 0.018398 seconds 
========================================================================
Received Import Request.
  Time since last request: 4.615418 seconds.
  path: Assets/Prefabs/Enemies/SEonP03.prefab
  artifactKey: Guid(b1d4143e231c07e44a738b07d427ce9a) Importer(815301076,1909f56bfc062723c751e8b465ee728b)
Start importing Assets/Prefabs/Enemies/SEonP03.prefab using Guid(b1d4143e231c07e44a738b07d427ce9a) Importer(815301076,1909f56bfc062723c751e8b465ee728b)  -> (artifact id: '258f66fb9b9e1334c8fc3be5ee06cf35') in 0.017904 seconds 
========================================================================
Received Import Request.
  Time since last request: 3.015192 seconds.
  path: Assets/Prefabs/Enemies/SEonP03.prefab
  artifactKey: Guid(b1d4143e231c07e44a738b07d427ce9a) Importer(815301076,1909f56bfc062723c751e8b465ee728b)
Start importing Assets/Prefabs/Enemies/SEonP03.prefab using Guid(b1d4143e231c07e44a738b07d427ce9a) Importer(815301076,1909f56bfc062723c751e8b465ee728b)  -> (artifact id: '934b31ad65157da5c1f17cc3483cce85') in 0.020813 seconds 
========================================================================
Received Import Request.
  Time since last request: 3.240265 seconds.
  path: Assets/Prefabs/Enemies/SEonP03.prefab
  artifactKey: Guid(b1d4143e231c07e44a738b07d427ce9a) Importer(815301076,1909f56bfc062723c751e8b465ee728b)
Start importing Assets/Prefabs/Enemies/SEonP03.prefab using Guid(b1d4143e231c07e44a738b07d427ce9a) Importer(815301076,1909f56bfc062723c751e8b465ee728b)  -> (artifact id: '4cdfcde116f3a6b601d2119969916cab') in 0.030035 seconds 
========================================================================
Received Import Request.
  Time since last request: 5.837284 seconds.
  path: Assets/Prefabs/Enemies/SEonP03.prefab
  artifactKey: Guid(b1d4143e231c07e44a738b07d427ce9a) Importer(815301076,1909f56bfc062723c751e8b465ee728b)
Start importing Assets/Prefabs/Enemies/SEonP03.prefab using Guid(b1d4143e231c07e44a738b07d427ce9a) Importer(815301076,1909f56bfc062723c751e8b465ee728b)  -> (artifact id: '27b1cdb1729f459f3b89aefa295d73a7') in 0.021035 seconds 
========================================================================
Received Import Request.
  Time since last request: 2.197946 seconds.
  path: Assets/Prefabs/Enemies/SEonP03.prefab
  artifactKey: Guid(b1d4143e231c07e44a738b07d427ce9a) Importer(815301076,1909f56bfc062723c751e8b465ee728b)
Start importing Assets/Prefabs/Enemies/SEonP03.prefab using Guid(b1d4143e231c07e44a738b07d427ce9a) Importer(815301076,1909f56bfc062723c751e8b465ee728b)  -> (artifact id: '658be127d792a3643049bd562917f860') in 0.026233 seconds 
========================================================================
Received Import Request.
  Time since last request: 14.929526 seconds.
  path: Assets/Prefabs/Enemies/SEonP03.prefab
  artifactKey: Guid(b1d4143e231c07e44a738b07d427ce9a) Importer(815301076,1909f56bfc062723c751e8b465ee728b)
Start importing Assets/Prefabs/Enemies/SEonP03.prefab using Guid(b1d4143e231c07e44a738b07d427ce9a) Importer(815301076,1909f56bfc062723c751e8b465ee728b)  -> (artifact id: '03fd9ddeabc7a2c733ae38e0fb7e3049') in 0.022379 seconds 
========================================================================
Received Import Request.
  Time since last request: 5.008513 seconds.
  path: Assets/Prefabs/Enemies/SEonP03.prefab
  artifactKey: Guid(b1d4143e231c07e44a738b07d427ce9a) Importer(815301076,1909f56bfc062723c751e8b465ee728b)
Start importing Assets/Prefabs/Enemies/SEonP03.prefab using Guid(b1d4143e231c07e44a738b07d427ce9a) Importer(815301076,1909f56bfc062723c751e8b465ee728b)  -> (artifact id: 'b5527471f138302086ce398bf3235911') in 0.028680 seconds 
========================================================================
Received Import Request.
  Time since last request: 7.297065 seconds.
  path: Assets/Prefabs/Enemies/SEonP03.prefab
  artifactKey: Guid(b1d4143e231c07e44a738b07d427ce9a) Importer(815301076,1909f56bfc062723c751e8b465ee728b)
Start importing Assets/Prefabs/Enemies/SEonP03.prefab using Guid(b1d4143e231c07e44a738b07d427ce9a) Importer(815301076,1909f56bfc062723c751e8b465ee728b)  -> (artifact id: '980c59356ba5d3681cbc659f175903ed') in 0.027849 seconds 
========================================================================
Received Import Request.
  Time since last request: 2.377687 seconds.
  path: Assets/Prefabs/Enemies/SEonP03.prefab
  artifactKey: Guid(b1d4143e231c07e44a738b07d427ce9a) Importer(815301076,1909f56bfc062723c751e8b465ee728b)
Start importing Assets/Prefabs/Enemies/SEonP03.prefab using Guid(b1d4143e231c07e44a738b07d427ce9a) Importer(815301076,1909f56bfc062723c751e8b465ee728b)  -> (artifact id: '0981d05c580b1b3386fa311a69f15aab') in 0.022686 seconds 
========================================================================
Received Import Request.
  Time since last request: 4.433829 seconds.
  path: Assets/Prefabs/Enemies/SEonP03.prefab
  artifactKey: Guid(b1d4143e231c07e44a738b07d427ce9a) Importer(815301076,1909f56bfc062723c751e8b465ee728b)
Start importing Assets/Prefabs/Enemies/SEonP03.prefab using Guid(b1d4143e231c07e44a738b07d427ce9a) Importer(815301076,1909f56bfc062723c751e8b465ee728b)  -> (artifact id: '6b41ca4ec50dc16695fdb3c820d7cd15') in 0.023839 seconds 
========================================================================
Received Import Request.
  Time since last request: 2.617632 seconds.
  path: Assets/Prefabs/Enemies/SEonP03.prefab
  artifactKey: Guid(b1d4143e231c07e44a738b07d427ce9a) Importer(815301076,1909f56bfc062723c751e8b465ee728b)
Start importing Assets/Prefabs/Enemies/SEonP03.prefab using Guid(b1d4143e231c07e44a738b07d427ce9a) Importer(815301076,1909f56bfc062723c751e8b465ee728b)  -> (artifact id: 'ff112f338c8fca9526db3ba748cf65d5') in 0.029188 seconds 
========================================================================
Received Import Request.
  Time since last request: 3.200970 seconds.
  path: Assets/Prefabs/Enemies/SEonP03.prefab
  artifactKey: Guid(b1d4143e231c07e44a738b07d427ce9a) Importer(815301076,1909f56bfc062723c751e8b465ee728b)
Start importing Assets/Prefabs/Enemies/SEonP03.prefab using Guid(b1d4143e231c07e44a738b07d427ce9a) Importer(815301076,1909f56bfc062723c751e8b465ee728b)  -> (artifact id: 'a54d9e3233790ac54b0fcd0314c33a36') in 0.020014 seconds 
========================================================================
Received Import Request.
  Time since last request: 3.014380 seconds.
  path: Assets/Prefabs/Enemies/SEonP03.prefab
  artifactKey: Guid(b1d4143e231c07e44a738b07d427ce9a) Importer(815301076,1909f56bfc062723c751e8b465ee728b)
Start importing Assets/Prefabs/Enemies/SEonP03.prefab using Guid(b1d4143e231c07e44a738b07d427ce9a) Importer(815301076,1909f56bfc062723c751e8b465ee728b)  -> (artifact id: 'fc182005f531c4e0d66a7d2ec5157ccb') in 0.028204 seconds 
========================================================================
Received Prepare
Registering precompiled user dll's ...
Registered in 0.005780 seconds.
Begin MonoManager ReloadAssembly
Symbol file LoadedFromMemory doesn't match image C:\Users\annam\Documents\GitHub\Escape-From-The-Center\Library\PackageCache\com.unity.visualscripting@1.8.0\Editor\VisualScripting.Core\Dependencies\YamlDotNet\Unity.VisualScripting.YamlDotNet.dll
Symbol file LoadedFromMemory doesn't match image C:\Users\annam\Documents\GitHub\Escape-From-The-Center\Library\PackageCache\com.unity.visualscripting@1.8.0\Editor\VisualScripting.Core\Dependencies\DotNetZip\Unity.VisualScripting.IonicZip.dll
Native extension for WindowsStandalone target not found
Native extension for Android target not found
Native extension for WebGL target not found
Refreshing native plugins compatible for Editor in 0.56 ms, found 3 plugins.
Preloading 0 native plugins for Editor in 0.00 ms.
Mono: successfully reloaded assembly
- Completed reload, in  0.883 seconds
Domain Reload Profiling:
	ReloadAssembly (884ms)
		BeginReloadAssembly (120ms)
			ExecutionOrderSort (0ms)
			DisableScriptedObjects (4ms)
			BackupInstance (0ms)
			ReleaseScriptingObjects (0ms)
			CreateAndSetChildDomain (37ms)
		EndReloadAssembly (681ms)
			LoadAssemblies (69ms)
			RebuildTransferFunctionScriptingTraits (0ms)
			SetupTypeCache (222ms)
			ReleaseScriptCaches (1ms)
			RebuildScriptCaches (36ms)
			SetupLoadedEditorAssemblies (290ms)
				LogAssemblyErrors (0ms)
				InitializePlatformSupportModulesInManaged (23ms)
				SetLoadedEditorAssemblies (0ms)
				RefreshPlugins (1ms)
				BeforeProcessingInitializeOnLoad (54ms)
				ProcessInitializeOnLoadAttributes (184ms)
				ProcessInitializeOnLoadMethodAttributes (22ms)
				AfterProcessingInitializeOnLoad (6ms)
				EditorAssembliesLoaded (0ms)
			ExecutionOrderSort2 (0ms)
			AwakeInstancesAfterBackupRestoration (7ms)
Platform modules already initialized, skipping
Refreshing native plugins compatible for Editor in 2.19 ms, found 3 plugins.
Preloading 0 native plugins for Editor in 0.00 ms.
Unloading 3121 Unused Serialized files (Serialized files now loaded: 0)
Unloading 19 unused Assets / (80.4 KB). Loaded Objects now: 3632.
Memory consumption went from 116.4 MB to 116.3 MB.
Total: 3.856900 ms (FindLiveObjects: 0.305100 ms CreateObjectMapping: 0.092600 ms MarkObjects: 3.340600 ms  DeleteObjects: 0.117200 ms)

AssetImportParameters requested are different than current active one (requested -> active):
  custom:video-decoder-ogg-theora: a1e56fd34408186e4bbccfd4996cb3dc -> 
  custom:container-muxer-webm: aa71ff27fc2769a1b78a27578f13a17b -> 
  custom:container-demuxer-webm: 4f35f7cbe854078d1ac9338744f61a02 -> 
  custom:video-encoder-webm-vp8: eb34c28f22e8b96e1ab97ce403110664 -> 
  custom:video-codec-MediaFoundation-h265: 746d11721c4dcdbdad8f713fa42b33f4 -> 
  custom:audio-encoder-webm-vorbis: bf7c407c2cedff20999df2af8eb42d56 -> 
  custom:framework-win-MediaFoundation: 216162199b28c13a410421893ffa2e32 -> 
  custom:container-demuxer-ogg: 62fdf1f143b41e24485cea50d1cbac27 -> 
  custom:video-decoder-webm-vp8: 9c59270c3fd7afecdb556c50c9e8de78 -> 
  custom:audio-decoder-ogg-vorbis: bf7c407c2cedff20999df2af8eb42d56 -> 
========================================================================
Received Import Request.
  Time since last request: 72.868521 seconds.
  path: Assets/Prefabs/Enemies/Enemy02 -p01 Variant.prefab
  artifactKey: Guid(33937609ac49ffc47b4fa35ddee30226) Importer(815301076,1909f56bfc062723c751e8b465ee728b)
Start importing Assets/Prefabs/Enemies/Enemy02 -p01 Variant.prefab using Guid(33937609ac49ffc47b4fa35ddee30226) Importer(815301076,1909f56bfc062723c751e8b465ee728b)  -> (artifact id: 'd57bec19e905379b593204756a5f35e2') in 0.066915 seconds 
========================================================================
Received Import Request.
  Time since last request: 5.956059 seconds.
  path: Assets/Prefabs/Enemies/Enemy02 -p01 Variant.prefab
  artifactKey: Guid(33937609ac49ffc47b4fa35ddee30226) Importer(815301076,1909f56bfc062723c751e8b465ee728b)
Start importing Assets/Prefabs/Enemies/Enemy02 -p01 Variant.prefab using Guid(33937609ac49ffc47b4fa35ddee30226) Importer(815301076,1909f56bfc062723c751e8b465ee728b)  -> (artifact id: '25e88e790598731c16e68f8495a8749d') in 0.023714 seconds 
========================================================================
Received Import Request.
  Time since last request: 17.024606 seconds.
  path: Assets/Prefabs/Enemies/Enemy03 Variant.prefab
  artifactKey: Guid(11cb2a23b3c12be44b73f72b9def30e5) Importer(815301076,1909f56bfc062723c751e8b465ee728b)
Start importing Assets/Prefabs/Enemies/Enemy03 Variant.prefab using Guid(11cb2a23b3c12be44b73f72b9def30e5) Importer(815301076,1909f56bfc062723c751e8b465ee728b) The AnimationClip 'Bullet' used by the Animation component 'BigBullet' must be marked as Legacy.
 -> (artifact id: '27978087cfe1f62d933cdaf4a9c80407') in 0.023368 seconds 
========================================================================
Received Import Request.
  Time since last request: 2.939679 seconds.
  path: Assets/Prefabs/Enemies/Enemy03 Variant.prefab
  artifactKey: Guid(11cb2a23b3c12be44b73f72b9def30e5) Importer(815301076,1909f56bfc062723c751e8b465ee728b)
Start importing Assets/Prefabs/Enemies/Enemy03 Variant.prefab using Guid(11cb2a23b3c12be44b73f72b9def30e5) Importer(815301076,1909f56bfc062723c751e8b465ee728b) The AnimationClip 'Bullet' used by the Animation component 'BigBullet' must be marked as Legacy.
 -> (artifact id: '437b5dedcf898c385484e6d131372793') in 0.020082 seconds 
========================================================================
Received Import Request.
  Time since last request: 17.598790 seconds.
  path: Assets/Prefabs/Enemies/enemy01-p03 Variant.prefab
  artifactKey: Guid(c90f4bb617b206b46b0693f8c4fb147b) Importer(815301076,1909f56bfc062723c751e8b465ee728b)
Start importing Assets/Prefabs/Enemies/enemy01-p03 Variant.prefab using Guid(c90f4bb617b206b46b0693f8c4fb147b) Importer(815301076,1909f56bfc062723c751e8b465ee728b) The AnimationClip 'Player_Jump' used by the Animation component 'Enemy01' must be marked as Legacy.
The AnimationClip 'Player_Jump' used by the Animation component 'Enemy01' must be marked as Legacy.
UnityEngine.StackTraceUtility:ExtractStackTrace ()
UnityEditor.EditorUtility:Internal_InstantiateRemoveAllNonAnimationComponentsSingle (UnityEngine.Object,UnityEngine.Vector3,UnityEngine.Quaternion)
UnityEditor.EditorUtility:InstantiateRemoveAllNonAnimationComponents (UnityEngine.Object,UnityEngine.Vector3,UnityEngine.Quaternion)
UnityEditor.EditorUtility:InstantiateForAnimatorPreview (UnityEngine.Object)
UnityEditor.GameObjectInspector/PreviewData:UpdateGameObject (UnityEngine.Object)
UnityEditor.GameObjectInspector/PreviewData:.ctor (UnityEngine.Object)
UnityEditor.GameObjectInspector:GetPreviewData ()
UnityEditor.GameObjectInspector:RenderStaticPreview (string,UnityEngine.Object[],int,int)
UnityEditor.AssetPreviewUpdater:CreatePreview (UnityEngine.Object,UnityEngine.Object[],string,int,int)
UnityEditor.AssetPreviewUpdater:CreatePreviewForAsset (UnityEngine.Object,UnityEngine.Object[],string)

[C:\build\output\unity\unity\Modules\Animation\Animation.cpp line 2050]

The AnimationClip 'Player_Jump' used by the Animation component 'Enemy01' must be marked as Legacy.
UnityEngine.StackTraceUtility:ExtractStackTrace ()
UnityEditor.EditorUtility:InitInstantiatedPreviewRecursive (UnityEngine.GameObject)
UnityEditor.EditorUtility:InstantiateForAnimatorPreview (UnityEngine.Object)
UnityEditor.GameObjectInspector/PreviewData:UpdateGameObject (UnityEngine.Object)
UnityEditor.GameObjectInspector/PreviewData:.ctor (UnityEngine.Object)
UnityEditor.GameObjectInspector:GetPreviewData ()
UnityEditor.GameObjectInspector:RenderStaticPreview (string,UnityEngine.Object[],int,int)
UnityEditor.AssetPreviewUpdater:CreatePreview (UnityEngine.Object,UnityEngine.Object[],string,int,int)
UnityEditor.AssetPreviewUpdater:CreatePreviewForAsset (UnityEngine.Object,UnityEngine.Object[],string)

[C:\build\output\unity\unity\Modules\Animation\Animation.cpp line 2050]

The AnimationClip 'Player_Jump' used by the Animation component 'Enemy01' must be marked as Legacy.
 -> (artifact id: 'eabc9dbad208300d821e19798e4d6ab0') in 0.019069 seconds 
========================================================================
Received Import Request.
  Time since last request: 7.990781 seconds.
  path: Assets/Prefabs/Enemies/enemy01-p03 Variant.prefab
  artifactKey: Guid(c90f4bb617b206b46b0693f8c4fb147b) Importer(815301076,1909f56bfc062723c751e8b465ee728b)
Start importing Assets/Prefabs/Enemies/enemy01-p03 Variant.prefab using Guid(c90f4bb617b206b46b0693f8c4fb147b) Importer(815301076,1909f56bfc062723c751e8b465ee728b) The AnimationClip 'Player_Jump' used by the Animation component 'Enemy01' must be marked as Legacy.
The AnimationClip 'Player_Jump' used by the Animation component 'Enemy01' must be marked as Legacy.
UnityEngine.StackTraceUtility:ExtractStackTrace ()
UnityEditor.EditorUtility:Internal_InstantiateRemoveAllNonAnimationComponentsSingle (UnityEngine.Object,UnityEngine.Vector3,UnityEngine.Quaternion)
UnityEditor.EditorUtility:InstantiateRemoveAllNonAnimationComponents (UnityEngine.Object,UnityEngine.Vector3,UnityEngine.Quaternion)
UnityEditor.EditorUtility:InstantiateForAnimatorPreview (UnityEngine.Object)
UnityEditor.GameObjectInspector/PreviewData:UpdateGameObject (UnityEngine.Object)
UnityEditor.GameObjectInspector/PreviewData:.ctor (UnityEngine.Object)
UnityEditor.GameObjectInspector:GetPreviewData ()
UnityEditor.GameObjectInspector:RenderStaticPreview (string,UnityEngine.Object[],int,int)
UnityEditor.AssetPreviewUpdater:CreatePreview (UnityEngine.Object,UnityEngine.Object[],string,int,int)
UnityEditor.AssetPreviewUpdater:CreatePreviewForAsset (UnityEngine.Object,UnityEngine.Object[],string)

[C:\build\output\unity\unity\Modules\Animation\Animation.cpp line 2050]

The AnimationClip 'Player_Jump' used by the Animation component 'Enemy01' must be marked as Legacy.
UnityEngine.StackTraceUtility:ExtractStackTrace ()
UnityEditor.EditorUtility:InitInstantiatedPreviewRecursive (UnityEngine.GameObject)
UnityEditor.EditorUtility:InstantiateForAnimatorPreview (UnityEngine.Object)
UnityEditor.GameObjectInspector/PreviewData:UpdateGameObject (UnityEngine.Object)
UnityEditor.GameObjectInspector/PreviewData:.ctor (UnityEngine.Object)
UnityEditor.GameObjectInspector:GetPreviewData ()
UnityEditor.GameObjectInspector:RenderStaticPreview (string,UnityEngine.Object[],int,int)
UnityEditor.AssetPreviewUpdater:CreatePreview (UnityEngine.Object,UnityEngine.Object[],string,int,int)
UnityEditor.AssetPreviewUpdater:CreatePreviewForAsset (UnityEngine.Object,UnityEngine.Object[],string)

[C:\build\output\unity\unity\Modules\Animation\Animation.cpp line 2050]

The AnimationClip 'Player_Jump' used by the Animation component 'Enemy01' must be marked as Legacy.
 -> (artifact id: 'b3ca8a7c2485a5a3a86f5eeeb47fef02') in 0.024594 seconds 
========================================================================
Received Prepare
Registering precompiled user dll's ...
Registered in 0.004408 seconds.
Begin MonoManager ReloadAssembly
Symbol file LoadedFromMemory doesn't match image C:\Users\annam\Documents\GitHub\Escape-From-The-Center\Library\PackageCache\com.unity.visualscripting@1.8.0\Editor\VisualScripting.Core\Dependencies\YamlDotNet\Unity.VisualScripting.YamlDotNet.dll
Symbol file LoadedFromMemory doesn't match image C:\Users\annam\Documents\GitHub\Escape-From-The-Center\Library\PackageCache\com.unity.visualscripting@1.8.0\Editor\VisualScripting.Core\Dependencies\DotNetZip\Unity.VisualScripting.IonicZip.dll
Native extension for WindowsStandalone target not found
Native extension for Android target not found
Native extension for WebGL target not found
Refreshing native plugins compatible for Editor in 0.76 ms, found 3 plugins.
Preloading 0 native plugins for Editor in 0.00 ms.
Mono: successfully reloaded assembly
- Completed reload, in  0.873 seconds
Domain Reload Profiling:
	ReloadAssembly (874ms)
		BeginReloadAssembly (115ms)
			ExecutionOrderSort (0ms)
			DisableScriptedObjects (4ms)
			BackupInstance (0ms)
			ReleaseScriptingObjects (0ms)
			CreateAndSetChildDomain (37ms)
		EndReloadAssembly (673ms)
			LoadAssemblies (64ms)
			RebuildTransferFunctionScriptingTraits (0ms)
			SetupTypeCache (218ms)
			ReleaseScriptCaches (2ms)
			RebuildScriptCaches (34ms)
			SetupLoadedEditorAssemblies (293ms)
				LogAssemblyErrors (0ms)
				InitializePlatformSupportModulesInManaged (23ms)
				SetLoadedEditorAssemblies (0ms)
				RefreshPlugins (1ms)
				BeforeProcessingInitializeOnLoad (54ms)
				ProcessInitializeOnLoadAttributes (187ms)
				ProcessInitializeOnLoadMethodAttributes (21ms)
				AfterProcessingInitializeOnLoad (7ms)
				EditorAssembliesLoaded (0ms)
			ExecutionOrderSort2 (0ms)
			AwakeInstancesAfterBackupRestoration (7ms)
Platform modules already initialized, skipping
Refreshing native plugins compatible for Editor in 2.22 ms, found 3 plugins.
Preloading 0 native plugins for Editor in 0.00 ms.
Unloading 3121 Unused Serialized files (Serialized files now loaded: 0)
Unloading 19 unused Assets / (80.4 KB). Loaded Objects now: 3635.
Memory consumption went from 116.5 MB to 116.4 MB.
Total: 3.996700 ms (FindLiveObjects: 0.403800 ms CreateObjectMapping: 0.155400 ms MarkObjects: 3.312100 ms  DeleteObjects: 0.123400 ms)

AssetImportParameters requested are different than current active one (requested -> active):
  custom:video-decoder-ogg-theora: a1e56fd34408186e4bbccfd4996cb3dc -> 
  custom:container-muxer-webm: aa71ff27fc2769a1b78a27578f13a17b -> 
  custom:container-demuxer-webm: 4f35f7cbe854078d1ac9338744f61a02 -> 
  custom:video-encoder-webm-vp8: eb34c28f22e8b96e1ab97ce403110664 -> 
  custom:video-codec-MediaFoundation-h265: 746d11721c4dcdbdad8f713fa42b33f4 -> 
  custom:audio-encoder-webm-vorbis: bf7c407c2cedff20999df2af8eb42d56 -> 
  custom:framework-win-MediaFoundation: 216162199b28c13a410421893ffa2e32 -> 
  custom:container-demuxer-ogg: 62fdf1f143b41e24485cea50d1cbac27 -> 
  custom:video-decoder-webm-vp8: 9c59270c3fd7afecdb556c50c9e8de78 -> 
  custom:audio-decoder-ogg-vorbis: bf7c407c2cedff20999df2af8eb42d56 -> 
========================================================================
Received Prepare
Registering precompiled user dll's ...
Registered in 0.005534 seconds.
Begin MonoManager ReloadAssembly
Symbol file LoadedFromMemory doesn't match image C:\Users\annam\Documents\GitHub\Escape-From-The-Center\Library\PackageCache\com.unity.visualscripting@1.8.0\Editor\VisualScripting.Core\Dependencies\YamlDotNet\Unity.VisualScripting.YamlDotNet.dll
Symbol file LoadedFromMemory doesn't match image C:\Users\annam\Documents\GitHub\Escape-From-The-Center\Library\PackageCache\com.unity.visualscripting@1.8.0\Editor\VisualScripting.Core\Dependencies\DotNetZip\Unity.VisualScripting.IonicZip.dll
Native extension for WindowsStandalone target not found
Native extension for Android target not found
Native extension for WebGL target not found
Refreshing native plugins compatible for Editor in 1.13 ms, found 3 plugins.
Preloading 0 native plugins for Editor in 0.00 ms.
Mono: successfully reloaded assembly
- Completed reload, in  0.956 seconds
Domain Reload Profiling:
	ReloadAssembly (957ms)
		BeginReloadAssembly (122ms)
			ExecutionOrderSort (0ms)
			DisableScriptedObjects (5ms)
			BackupInstance (0ms)
			ReleaseScriptingObjects (0ms)
			CreateAndSetChildDomain (36ms)
		EndReloadAssembly (745ms)
			LoadAssemblies (74ms)
			RebuildTransferFunctionScriptingTraits (0ms)
			SetupTypeCache (237ms)
			ReleaseScriptCaches (1ms)
			RebuildScriptCaches (39ms)
			SetupLoadedEditorAssemblies (326ms)
				LogAssemblyErrors (0ms)
				InitializePlatformSupportModulesInManaged (25ms)
				SetLoadedEditorAssemblies (0ms)
				RefreshPlugins (1ms)
				BeforeProcessingInitializeOnLoad (63ms)
				ProcessInitializeOnLoadAttributes (206ms)
				ProcessInitializeOnLoadMethodAttributes (23ms)
				AfterProcessingInitializeOnLoad (7ms)
				EditorAssembliesLoaded (0ms)
			ExecutionOrderSort2 (0ms)
			AwakeInstancesAfterBackupRestoration (7ms)
Platform modules already initialized, skipping
Refreshing native plugins compatible for Editor in 2.33 ms, found 3 plugins.
Preloading 0 native plugins for Editor in 0.00 ms.
Unloading 3121 Unused Serialized files (Serialized files now loaded: 0)
Unloading 19 unused Assets / (80.4 KB). Loaded Objects now: 3638.
Memory consumption went from 116.5 MB to 116.4 MB.
Total: 3.256000 ms (FindLiveObjects: 0.250100 ms CreateObjectMapping: 0.085900 ms MarkObjects: 2.794400 ms  DeleteObjects: 0.124400 ms)

AssetImportParameters requested are different than current active one (requested -> active):
  custom:video-decoder-ogg-theora: a1e56fd34408186e4bbccfd4996cb3dc -> 
  custom:container-muxer-webm: aa71ff27fc2769a1b78a27578f13a17b -> 
  custom:container-demuxer-webm: 4f35f7cbe854078d1ac9338744f61a02 -> 
  custom:video-encoder-webm-vp8: eb34c28f22e8b96e1ab97ce403110664 -> 
  custom:video-codec-MediaFoundation-h265: 746d11721c4dcdbdad8f713fa42b33f4 -> 
  custom:audio-encoder-webm-vorbis: bf7c407c2cedff20999df2af8eb42d56 -> 
  custom:framework-win-MediaFoundation: 216162199b28c13a410421893ffa2e32 -> 
  custom:container-demuxer-ogg: 62fdf1f143b41e24485cea50d1cbac27 -> 
  custom:video-decoder-webm-vp8: 9c59270c3fd7afecdb556c50c9e8de78 -> 
  custom:audio-decoder-ogg-vorbis: bf7c407c2cedff20999df2af8eb42d56 -> 
========================================================================
Received Import Request.
  Time since last request: 129.366880 seconds.
  path: Assets/Prefabs/Enemies/Enemy02-p03 Variant.prefab
  artifactKey: Guid(f6b353574703c1f41adcba5646049085) Importer(815301076,1909f56bfc062723c751e8b465ee728b)
Start importing Assets/Prefabs/Enemies/Enemy02-p03 Variant.prefab using Guid(f6b353574703c1f41adcba5646049085) Importer(815301076,1909f56bfc062723c751e8b465ee728b)  -> (artifact id: '42db43cb6ac155f7368479569ba77027') in 0.070505 seconds 
========================================================================
Received Import Request.
  Time since last request: 5.856175 seconds.
  path: Assets/Prefabs/Enemies/EnemyArea (3).prefab
  artifactKey: Guid(32bb431fc79d518458f07944a7dd6e17) Importer(815301076,1909f56bfc062723c751e8b465ee728b)
Start importing Assets/Prefabs/Enemies/EnemyArea (3).prefab using Guid(32bb431fc79d518458f07944a7dd6e17) Importer(815301076,1909f56bfc062723c751e8b465ee728b)  -> (artifact id: '07b3f826276ef98971e4b51e95453b0b') in 0.030306 seconds 
========================================================================
Received Prepare
Registering precompiled user dll's ...
Registered in 0.004337 seconds.
Begin MonoManager ReloadAssembly
Symbol file LoadedFromMemory doesn't match image C:\Users\annam\Documents\GitHub\Escape-From-The-Center\Library\PackageCache\com.unity.visualscripting@1.8.0\Editor\VisualScripting.Core\Dependencies\YamlDotNet\Unity.VisualScripting.YamlDotNet.dll
Symbol file LoadedFromMemory doesn't match image C:\Users\annam\Documents\GitHub\Escape-From-The-Center\Library\PackageCache\com.unity.visualscripting@1.8.0\Editor\VisualScripting.Core\Dependencies\DotNetZip\Unity.VisualScripting.IonicZip.dll
Native extension for WindowsStandalone target not found
Native extension for Android target not found
Native extension for WebGL target not found
Refreshing native plugins compatible for Editor in 0.74 ms, found 3 plugins.
Preloading 0 native plugins for Editor in 0.00 ms.
Mono: successfully reloaded assembly
- Completed reload, in  0.839 seconds
Domain Reload Profiling:
	ReloadAssembly (840ms)
		BeginReloadAssembly (115ms)
			ExecutionOrderSort (0ms)
			DisableScriptedObjects (4ms)
			BackupInstance (0ms)
			ReleaseScriptingObjects (0ms)
			CreateAndSetChildDomain (34ms)
		EndReloadAssembly (644ms)
			LoadAssemblies (68ms)
			RebuildTransferFunctionScriptingTraits (0ms)
			SetupTypeCache (206ms)
			ReleaseScriptCaches (1ms)
			RebuildScriptCaches (34ms)
			SetupLoadedEditorAssemblies (271ms)
				LogAssemblyErrors (0ms)
				InitializePlatformSupportModulesInManaged (22ms)
				SetLoadedEditorAssemblies (0ms)
				RefreshPlugins (1ms)
				BeforeProcessingInitializeOnLoad (58ms)
				ProcessInitializeOnLoadAttributes (163ms)
				ProcessInitializeOnLoadMethodAttributes (20ms)
				AfterProcessingInitializeOnLoad (7ms)
				EditorAssembliesLoaded (0ms)
			ExecutionOrderSort2 (0ms)
			AwakeInstancesAfterBackupRestoration (7ms)
Platform modules already initialized, skipping
Refreshing native plugins compatible for Editor in 2.69 ms, found 3 plugins.
Preloading 0 native plugins for Editor in 0.00 ms.
Unloading 3121 Unused Serialized files (Serialized files now loaded: 0)
Unloading 19 unused Assets / (80.4 KB). Loaded Objects now: 3641.
Memory consumption went from 116.5 MB to 116.5 MB.
Total: 3.999200 ms (FindLiveObjects: 0.354700 ms CreateObjectMapping: 0.089000 ms MarkObjects: 3.434100 ms  DeleteObjects: 0.119800 ms)

AssetImportParameters requested are different than current active one (requested -> active):
  custom:video-decoder-ogg-theora: a1e56fd34408186e4bbccfd4996cb3dc -> 
  custom:container-muxer-webm: aa71ff27fc2769a1b78a27578f13a17b -> 
  custom:container-demuxer-webm: 4f35f7cbe854078d1ac9338744f61a02 -> 
  custom:video-encoder-webm-vp8: eb34c28f22e8b96e1ab97ce403110664 -> 
  custom:video-codec-MediaFoundation-h265: 746d11721c4dcdbdad8f713fa42b33f4 -> 
  custom:audio-encoder-webm-vorbis: bf7c407c2cedff20999df2af8eb42d56 -> 
  custom:framework-win-MediaFoundation: 216162199b28c13a410421893ffa2e32 -> 
  custom:container-demuxer-ogg: 62fdf1f143b41e24485cea50d1cbac27 -> 
  custom:video-decoder-webm-vp8: 9c59270c3fd7afecdb556c50c9e8de78 -> 
  custom:audio-decoder-ogg-vorbis: bf7c407c2cedff20999df2af8eb42d56 -> 
========================================================================
Received Import Request.
  Time since last request: 74.740386 seconds.
  path: Assets/Prefabs/Enemies/EnemyArea (3).prefab
  artifactKey: Guid(32bb431fc79d518458f07944a7dd6e17) Importer(815301076,1909f56bfc062723c751e8b465ee728b)
Start importing Assets/Prefabs/Enemies/EnemyArea (3).prefab using Guid(32bb431fc79d518458f07944a7dd6e17) Importer(815301076,1909f56bfc062723c751e8b465ee728b)  -> (artifact id: '85bf73aab5a906d45237dd950cc8cd34') in 0.068852 seconds 
========================================================================
Received Import Request.
  Time since last request: 3.394281 seconds.
  path: Assets/Prefabs/Enemies/EnemyArea (3).prefab
  artifactKey: Guid(32bb431fc79d518458f07944a7dd6e17) Importer(815301076,1909f56bfc062723c751e8b465ee728b)
Start importing Assets/Prefabs/Enemies/EnemyArea (3).prefab using Guid(32bb431fc79d518458f07944a7dd6e17) Importer(815301076,1909f56bfc062723c751e8b465ee728b)  -> (artifact id: 'df8c757933d462dda2aecc392f932ef8') in 0.032417 seconds 
========================================================================
Received Import Request.
  Time since last request: 3.065197 seconds.
  path: Assets/Prefabs/Enemies/EnemyArea (2).prefab
  artifactKey: Guid(afc96d0497b516541ab456e9bd348673) Importer(815301076,1909f56bfc062723c751e8b465ee728b)
Start importing Assets/Prefabs/Enemies/EnemyArea (2).prefab using Guid(afc96d0497b516541ab456e9bd348673) Importer(815301076,1909f56bfc062723c751e8b465ee728b) The AnimationClip 'Player_Jump' used by the Animation component 'Enemy01' must be marked as Legacy.
 -> (artifact id: '85bcf38ce6c3819413c1661d5e98da1f') in 0.016278 seconds 
========================================================================
Received Import Request.
  Time since last request: 5.220883 seconds.
  path: Assets/Prefabs/Enemies/EnemyArea (1).prefab
  artifactKey: Guid(239b05293f7ec7b45b9ce9499e51a41c) Importer(815301076,1909f56bfc062723c751e8b465ee728b)
Start importing Assets/Prefabs/Enemies/EnemyArea (1).prefab using Guid(239b05293f7ec7b45b9ce9499e51a41c) Importer(815301076,1909f56bfc062723c751e8b465ee728b) The AnimationClip 'Bullet' used by the Animation component 'BigBullet' must be marked as Legacy.
The AnimationClip 'Player_Jump' used by the Animation component 'Enemy01' must be marked as Legacy.
 -> (artifact id: '713f51ef6843174e46698f21b129262a') in 0.025351 seconds 
========================================================================
Received Import Request.
  Time since last request: 62.391916 seconds.
  path: Assets/Animation/Enemy
  artifactKey: Guid(8c3e07a23d54f63418d8b0a98dc4d141) Importer(815301076,1909f56bfc062723c751e8b465ee728b)
Start importing Assets/Animation/Enemy using Guid(8c3e07a23d54f63418d8b0a98dc4d141) Importer(815301076,1909f56bfc062723c751e8b465ee728b)  -> (artifact id: 'f6ec5c4f53ad8331a1d454fd1fca06bd') in 0.002021 seconds 
========================================================================
Received Import Request.
  Time since last request: 5.207243 seconds.
  path: Assets/Animation
  artifactKey: Guid(2abcd3ff35951d04aaf3b739ba4a3528) Importer(815301076,1909f56bfc062723c751e8b465ee728b)
Start importing Assets/Animation using Guid(2abcd3ff35951d04aaf3b739ba4a3528) Importer(815301076,1909f56bfc062723c751e8b465ee728b)  -> (artifact id: '91386e1fcede74e7b0d880153f65595f') in 0.008424 seconds 
========================================================================
Received Import Request.
  Time since last request: 30.354712 seconds.
  path: Assets/Prefabs/Enemies/enemy01-p03 Variant.prefab
  artifactKey: Guid(c90f4bb617b206b46b0693f8c4fb147b) Importer(815301076,1909f56bfc062723c751e8b465ee728b)
Start importing Assets/Prefabs/Enemies/enemy01-p03 Variant.prefab using Guid(c90f4bb617b206b46b0693f8c4fb147b) Importer(815301076,1909f56bfc062723c751e8b465ee728b) The AnimationClip 'Player_Jump' used by the Animation component 'Enemy01' must be marked as Legacy.
The AnimationClip 'Player_Jump' used by the Animation component 'Enemy01' must be marked as Legacy.
UnityEngine.StackTraceUtility:ExtractStackTrace ()
UnityEditor.EditorUtility:Internal_InstantiateRemoveAllNonAnimationComponentsSingle (UnityEngine.Object,UnityEngine.Vector3,UnityEngine.Quaternion)
UnityEditor.EditorUtility:InstantiateRemoveAllNonAnimationComponents (UnityEngine.Object,UnityEngine.Vector3,UnityEngine.Quaternion)
UnityEditor.EditorUtility:InstantiateForAnimatorPreview (UnityEngine.Object)
UnityEditor.GameObjectInspector/PreviewData:UpdateGameObject (UnityEngine.Object)
UnityEditor.GameObjectInspector/PreviewData:.ctor (UnityEngine.Object)
UnityEditor.GameObjectInspector:GetPreviewData ()
UnityEditor.GameObjectInspector:RenderStaticPreview (string,UnityEngine.Object[],int,int)
UnityEditor.AssetPreviewUpdater:CreatePreview (UnityEngine.Object,UnityEngine.Object[],string,int,int)
UnityEditor.AssetPreviewUpdater:CreatePreviewForAsset (UnityEngine.Object,UnityEngine.Object[],string)

[C:\build\output\unity\unity\Modules\Animation\Animation.cpp line 2050]

The AnimationClip 'Player_Jump' used by the Animation component 'Enemy01' must be marked as Legacy.
UnityEngine.StackTraceUtility:ExtractStackTrace ()
UnityEditor.EditorUtility:InitInstantiatedPreviewRecursive (UnityEngine.GameObject)
UnityEditor.EditorUtility:InstantiateForAnimatorPreview (UnityEngine.Object)
UnityEditor.GameObjectInspector/PreviewData:UpdateGameObject (UnityEngine.Object)
UnityEditor.GameObjectInspector/PreviewData:.ctor (UnityEngine.Object)
UnityEditor.GameObjectInspector:GetPreviewData ()
UnityEditor.GameObjectInspector:RenderStaticPreview (string,UnityEngine.Object[],int,int)
UnityEditor.AssetPreviewUpdater:CreatePreview (UnityEngine.Object,UnityEngine.Object[],string,int,int)
UnityEditor.AssetPreviewUpdater:CreatePreviewForAsset (UnityEngine.Object,UnityEngine.Object[],string)

[C:\build\output\unity\unity\Modules\Animation\Animation.cpp line 2050]

The AnimationClip 'Player_Jump' used by the Animation component 'Enemy01' must be marked as Legacy.
 -> (artifact id: 'f0f3102cebe1a4ad09328b9b0b5266b7') in 0.022362 seconds 
========================================================================
Received Import Request.
  Time since last request: 0.006338 seconds.
  path: Assets/Prefabs/Enemies/EnemyArea (2).prefab
  artifactKey: Guid(afc96d0497b516541ab456e9bd348673) Importer(815301076,1909f56bfc062723c751e8b465ee728b)
Start importing Assets/Prefabs/Enemies/EnemyArea (2).prefab using Guid(afc96d0497b516541ab456e9bd348673) Importer(815301076,1909f56bfc062723c751e8b465ee728b) The AnimationClip 'Player_Jump' used by the Animation component 'Enemy01' must be marked as Legacy.
 -> (artifact id: '50c0950feb02141fb19ed2b52c2a063b') in 0.023492 seconds 
========================================================================
Received Import Request.
  Time since last request: 0.000025 seconds.
  path: Assets/Prefabs/Enemies/EonP03.prefab
  artifactKey: Guid(61370de0d51d80b41a5c9ee1fb5a8d15) Importer(815301076,1909f56bfc062723c751e8b465ee728b)
Start importing Assets/Prefabs/Enemies/EonP03.prefab using Guid(61370de0d51d80b41a5c9ee1fb5a8d15) Importer(815301076,1909f56bfc062723c751e8b465ee728b) The AnimationClip 'Player_Jump' used by the Animation component 'Enemy01' must be marked as Legacy.
The AnimationClip 'Player_Jump' used by the Animation component 'Enemy01' must be marked as Legacy.
UnityEngine.StackTraceUtility:ExtractStackTrace ()
UnityEditor.EditorUtility:Internal_InstantiateRemoveAllNonAnimationComponentsSingle (UnityEngine.Object,UnityEngine.Vector3,UnityEngine.Quaternion)
UnityEditor.EditorUtility:InstantiateRemoveAllNonAnimationComponents (UnityEngine.Object,UnityEngine.Vector3,UnityEngine.Quaternion)
UnityEditor.EditorUtility:InstantiateForAnimatorPreview (UnityEngine.Object)
UnityEditor.GameObjectInspector/PreviewData:UpdateGameObject (UnityEngine.Object)
UnityEditor.GameObjectInspector/PreviewData:.ctor (UnityEngine.Object)
UnityEditor.GameObjectInspector:GetPreviewData ()
UnityEditor.GameObjectInspector:RenderStaticPreview (string,UnityEngine.Object[],int,int)
UnityEditor.AssetPreviewUpdater:CreatePreview (UnityEngine.Object,UnityEngine.Object[],string,int,int)
UnityEditor.AssetPreviewUpdater:CreatePreviewForAsset (UnityEngine.Object,UnityEngine.Object[],string)

[C:\build\output\unity\unity\Modules\Animation\Animation.cpp line 2050]

The AnimationClip 'Player_Jump' used by the Animation component 'Enemy01' must be marked as Legacy.
UnityEngine.StackTraceUtility:ExtractStackTrace ()
UnityEditor.EditorUtility:InitInstantiatedPreviewRecursive (UnityEngine.GameObject)
UnityEditor.EditorUtility:InstantiateForAnimatorPreview (UnityEngine.Object)
UnityEditor.GameObjectInspector/PreviewData:UpdateGameObject (UnityEngine.Object)
UnityEditor.GameObjectInspector/PreviewData:.ctor (UnityEngine.Object)
UnityEditor.GameObjectInspector:GetPreviewData ()
UnityEditor.GameObjectInspector:RenderStaticPreview (string,UnityEngine.Object[],int,int)
UnityEditor.AssetPreviewUpdater:CreatePreview (UnityEngine.Object,UnityEngine.Object[],string,int,int)
UnityEditor.AssetPreviewUpdater:CreatePreviewForAsset (UnityEngine.Object,UnityEngine.Object[],string)

[C:\build\output\unity\unity\Modules\Animation\Animation.cpp line 2050]

The AnimationClip 'Player_Jump' used by the Animation component 'Enemy01' must be marked as Legacy.
 -> (artifact id: 'a85aeed60701c78384098e59b218b9f0') in 0.026903 seconds 
========================================================================
Received Import Request.
  Time since last request: 0.000023 seconds.
  path: Assets/Prefabs/Enemies/EnemyArea.prefab
  artifactKey: Guid(ecf540a26cc5ea94ca467e72ea530934) Importer(815301076,1909f56bfc062723c751e8b465ee728b)
Start importing Assets/Prefabs/Enemies/EnemyArea.prefab using Guid(ecf540a26cc5ea94ca467e72ea530934) Importer(815301076,1909f56bfc062723c751e8b465ee728b) The AnimationClip 'Player_Jump' used by the Animation component 'Enemy01' must be marked as Legacy.
 -> (artifact id: '5f1ecb2eb1c1d17af56e28eb7e3a2140') in 0.021006 seconds 
========================================================================
Received Import Request.
  Time since last request: 6.186352 seconds.
  path: Assets/Prefabs/Enemies/Enemy01.prefab
  artifactKey: Guid(44d13d38c8412ec47970c8a8f9e4d026) Importer(815301076,1909f56bfc062723c751e8b465ee728b)
Start importing Assets/Prefabs/Enemies/Enemy01.prefab using Guid(44d13d38c8412ec47970c8a8f9e4d026) Importer(815301076,1909f56bfc062723c751e8b465ee728b)  -> (artifact id: '822894bf53ebff493be38fd8e646721c') in 0.011085 seconds 
========================================================================
Received Import Request.
  Time since last request: 0.004033 seconds.
  path: Assets/Prefabs/Enemies/enemy01-p03 Variant.prefab
  artifactKey: Guid(c90f4bb617b206b46b0693f8c4fb147b) Importer(815301076,1909f56bfc062723c751e8b465ee728b)
Start importing Assets/Prefabs/Enemies/enemy01-p03 Variant.prefab using Guid(c90f4bb617b206b46b0693f8c4fb147b) Importer(815301076,1909f56bfc062723c751e8b465ee728b)  -> (artifact id: '265d1e0ad96ad46e968e7d11cba1bb3e') in 0.025597 seconds 
========================================================================
Received Import Request.
  Time since last request: 0.000024 seconds.
  path: Assets/Prefabs/Enemies/EonP03.prefab
  artifactKey: Guid(61370de0d51d80b41a5c9ee1fb5a8d15) Importer(815301076,1909f56bfc062723c751e8b465ee728b)
Start importing Assets/Prefabs/Enemies/EonP03.prefab using Guid(61370de0d51d80b41a5c9ee1fb5a8d15) Importer(815301076,1909f56bfc062723c751e8b465ee728b)  -> (artifact id: '766dbd7a118032a4f2a103be78f9bba8') in 0.024305 seconds 
========================================================================
Received Import Request.
  Time since last request: 24.006843 seconds.
  path: Assets/Prefabs/Enemies/Shooter Enemy.prefab
  artifactKey: Guid(f989daace86dbe54f90e87df4f9e5b57) Importer(815301076,1909f56bfc062723c751e8b465ee728b)
Start importing Assets/Prefabs/Enemies/Shooter Enemy.prefab using Guid(f989daace86dbe54f90e87df4f9e5b57) Importer(815301076,1909f56bfc062723c751e8b465ee728b)  -> (artifact id: '2a10f18b36fea985594b43b1c81bd3c4') in 0.028227 seconds 
========================================================================
Received Import Request.
  Time since last request: 0.000032 seconds.
  path: Assets/Prefabs/Enemies/EnemyArea (3).prefab
  artifactKey: Guid(32bb431fc79d518458f07944a7dd6e17) Importer(815301076,1909f56bfc062723c751e8b465ee728b)
Start importing Assets/Prefabs/Enemies/EnemyArea (3).prefab using Guid(32bb431fc79d518458f07944a7dd6e17) Importer(815301076,1909f56bfc062723c751e8b465ee728b)  -> (artifact id: 'eabb53bdfd204bf3a45a07e65cc77c2b') in 0.027263 seconds 
========================================================================
Received Import Request.
  Time since last request: 0.000025 seconds.
  path: Assets/Prefabs/Enemies/EnemyArea.prefab
  artifactKey: Guid(ecf540a26cc5ea94ca467e72ea530934) Importer(815301076,1909f56bfc062723c751e8b465ee728b)
Start importing Assets/Prefabs/Enemies/EnemyArea.prefab using Guid(ecf540a26cc5ea94ca467e72ea530934) Importer(815301076,1909f56bfc062723c751e8b465ee728b)  -> (artifact id: '1571c0bc447fc8948ec07c162b7f0178') in 0.029217 seconds 
========================================================================
Received Prepare
Registering precompiled user dll's ...
Registered in 0.005324 seconds.
Begin MonoManager ReloadAssembly
Symbol file LoadedFromMemory doesn't match image C:\Users\annam\Documents\GitHub\Escape-From-The-Center\Library\PackageCache\com.unity.visualscripting@1.8.0\Editor\VisualScripting.Core\Dependencies\YamlDotNet\Unity.VisualScripting.YamlDotNet.dll
Symbol file LoadedFromMemory doesn't match image C:\Users\annam\Documents\GitHub\Escape-From-The-Center\Library\PackageCache\com.unity.visualscripting@1.8.0\Editor\VisualScripting.Core\Dependencies\DotNetZip\Unity.VisualScripting.IonicZip.dll
Native extension for WindowsStandalone target not found
Native extension for Android target not found
Native extension for WebGL target not found
Refreshing native plugins compatible for Editor in 1.10 ms, found 3 plugins.
Preloading 0 native plugins for Editor in 0.00 ms.
Mono: successfully reloaded assembly
- Completed reload, in  0.915 seconds
Domain Reload Profiling:
	ReloadAssembly (915ms)
		BeginReloadAssembly (130ms)
			ExecutionOrderSort (0ms)
			DisableScriptedObjects (4ms)
			BackupInstance (0ms)
			ReleaseScriptingObjects (0ms)
			CreateAndSetChildDomain (40ms)
		EndReloadAssembly (701ms)
			LoadAssemblies (81ms)
			RebuildTransferFunctionScriptingTraits (0ms)
			SetupTypeCache (224ms)
			ReleaseScriptCaches (1ms)
			RebuildScriptCaches (38ms)
			SetupLoadedEditorAssemblies (300ms)
				LogAssemblyErrors (0ms)
				InitializePlatformSupportModulesInManaged (26ms)
				SetLoadedEditorAssemblies (0ms)
				RefreshPlugins (1ms)
				BeforeProcessingInitializeOnLoad (56ms)
				ProcessInitializeOnLoadAttributes (189ms)
				ProcessInitializeOnLoadMethodAttributes (20ms)
				AfterProcessingInitializeOnLoad (7ms)
				EditorAssembliesLoaded (0ms)
			ExecutionOrderSort2 (0ms)
			AwakeInstancesAfterBackupRestoration (6ms)
Platform modules already initialized, skipping
Refreshing native plugins compatible for Editor in 2.89 ms, found 3 plugins.
Preloading 0 native plugins for Editor in 0.00 ms.
Unloading 3121 Unused Serialized files (Serialized files now loaded: 0)
Unloading 19 unused Assets / (80.5 KB). Loaded Objects now: 3644.
Memory consumption went from 116.6 MB to 116.5 MB.
Total: 4.125700 ms (FindLiveObjects: 0.325000 ms CreateObjectMapping: 0.236900 ms MarkObjects: 3.449800 ms  DeleteObjects: 0.112100 ms)

AssetImportParameters requested are different than current active one (requested -> active):
  custom:video-decoder-ogg-theora: a1e56fd34408186e4bbccfd4996cb3dc -> 
  custom:container-muxer-webm: aa71ff27fc2769a1b78a27578f13a17b -> 
  custom:container-demuxer-webm: 4f35f7cbe854078d1ac9338744f61a02 -> 
  custom:video-encoder-webm-vp8: eb34c28f22e8b96e1ab97ce403110664 -> 
  custom:video-codec-MediaFoundation-h265: 746d11721c4dcdbdad8f713fa42b33f4 -> 
  custom:audio-encoder-webm-vorbis: bf7c407c2cedff20999df2af8eb42d56 -> 
  custom:framework-win-MediaFoundation: 216162199b28c13a410421893ffa2e32 -> 
  custom:container-demuxer-ogg: 62fdf1f143b41e24485cea50d1cbac27 -> 
  custom:video-decoder-webm-vp8: 9c59270c3fd7afecdb556c50c9e8de78 -> 
  custom:audio-decoder-ogg-vorbis: bf7c407c2cedff20999df2af8eb42d56 -> 
Editor requested this worker to shutdown with reason: Scaling down because of idle timeout
AssetImportWorker is now disconnected from the server
Process exiting
Exiting without the bug reporter. Application will terminate with return code 0