Using pre-set license
Built from '2021.3/release' branch; Version is '2021.3.17f1 (3e8111cac19d) revision 4096273'; Using compiler version '192829333'; Build Type 'Release'
OS: 'Windows 11  (10.0.22000) 64bit Core' Language: 'fr' Physical Memory: 15776 MB
BatchMode: 1, IsHumanControllingUs: 0, StartBugReporterOnCrash: 0, Is64bit: 1, IsPro: 1

COMMAND LINE ARGUMENTS:
C:\Program Files\Unity\Hub\Editor\2021.3.17f1\Editor\Unity.exe
-adb2
-batchMode
-noUpm
-name
AssetImportWorker29
-projectPath
C:/Users/annam/Documents/GitHub/Escape-From-The-Center
-logFile
Logs/AssetImportWorker29.log
-srvPort
51094
Successfully changed project path to: C:/Users/annam/Documents/GitHub/Escape-From-The-Center
C:/Users/annam/Documents/GitHub/Escape-From-The-Center
[UnityMemory] Configuration Parameters - Can be set up in boot.config
    "memorysetup-bucket-allocator-granularity=16"
    "memorysetup-bucket-allocator-bucket-count=8"
    "memorysetup-bucket-allocator-block-size=33554432"
    "memorysetup-bucket-allocator-block-count=8"
    "memorysetup-main-allocator-block-size=16777216"
    "memorysetup-thread-allocator-block-size=16777216"
    "memorysetup-gfx-main-allocator-block-size=16777216"
    "memorysetup-gfx-thread-allocator-block-size=16777216"
    "memorysetup-cache-allocator-block-size=4194304"
    "memorysetup-typetree-allocator-block-size=2097152"
    "memorysetup-profiler-bucket-allocator-granularity=16"
    "memorysetup-profiler-bucket-allocator-bucket-count=8"
    "memorysetup-profiler-bucket-allocator-block-size=33554432"
    "memorysetup-profiler-bucket-allocator-block-count=8"
    "memorysetup-profiler-allocator-block-size=16777216"
    "memorysetup-profiler-editor-allocator-block-size=1048576"
    "memorysetup-temp-allocator-size-main=16777216"
    "memorysetup-job-temp-allocator-block-size=2097152"
    "memorysetup-job-temp-allocator-block-size-background=1048576"
    "memorysetup-job-temp-allocator-reduction-small-platforms=262144"
    "memorysetup-temp-allocator-size-background-worker=32768"
    "memorysetup-temp-allocator-size-job-worker=262144"
    "memorysetup-temp-allocator-size-preload-manager=33554432"
    "memorysetup-temp-allocator-size-nav-mesh-worker=65536"
    "memorysetup-temp-allocator-size-audio-worker=65536"
    "memorysetup-temp-allocator-size-cloud-worker=32768"
    "memorysetup-temp-allocator-size-gi-baking-worker=262144"
    "memorysetup-temp-allocator-size-gfx=262144"
Player connection [30996] Host "[IP] 192.168.153.1 [Port] 0 [Flags] 2 [Guid] 1335506570 [EditorId] 1335506570 [Version] 1048832 [Id] WindowsEditor(7,LAPTOP-9UH5ECRM) [Debug] 1 [PackageName] WindowsEditor [ProjectName] Editor" joined multi-casting on [225.0.0.222:54997]...

Player connection [30996] Host "[IP] 192.168.153.1 [Port] 0 [Flags] 2 [Guid] 1335506570 [EditorId] 1335506570 [Version] 1048832 [Id] WindowsEditor(7,LAPTOP-9UH5ECRM) [Debug] 1 [PackageName] WindowsEditor [ProjectName] Editor" joined alternative multi-casting on [225.0.0.222:34997]...

Refreshing native plugins compatible for Editor in 203.95 ms, found 3 plugins.
Preloading 0 native plugins for Editor in 0.00 ms.
Initialize engine version: 2021.3.17f1 (3e8111cac19d)
[Subsystems] Discovering subsystems at path C:/Program Files/Unity/Hub/Editor/2021.3.17f1/Editor/Data/Resources/UnitySubsystems
[Subsystems] Discovering subsystems at path C:/Users/annam/Documents/GitHub/Escape-From-The-Center/Assets
GfxDevice: creating device client; threaded=0; jobified=0
Direct3D:
    Version:  Direct3D 11.0 [level 11.1]
    Renderer: NVIDIA GeForce GTX 1650 with Max-Q Design (ID=0x1f9d)
    Vendor:   NVIDIA
    VRAM:     3962 MB
    Driver:   30.0.15.1278
Initialize mono
Mono path[0] = 'C:/Program Files/Unity/Hub/Editor/2021.3.17f1/Editor/Data/Managed'
Mono path[1] = 'C:/Program Files/Unity/Hub/Editor/2021.3.17f1/Editor/Data/MonoBleedingEdge/lib/mono/unityjit-win32'
Mono config path = 'C:/Program Files/Unity/Hub/Editor/2021.3.17f1/Editor/Data/MonoBleedingEdge/etc'
Using monoOptions --debugger-agent=transport=dt_socket,embedding=1,server=y,suspend=n,address=127.0.0.1:56560
Begin MonoManager ReloadAssembly
Registering precompiled unity dll's ...
Register platform support module: C:/Program Files/Unity/Hub/Editor/2021.3.17f1/Editor/Data/PlaybackEngines/WebGLSupport/UnityEditor.WebGL.Extensions.dll
Register platform support module: C:/Program Files/Unity/Hub/Editor/2021.3.17f1/Editor/Data/PlaybackEngines/AndroidPlayer/UnityEditor.Android.Extensions.dll
Register platform support module: C:/Program Files/Unity/Hub/Editor/2021.3.17f1/Editor/Data/PlaybackEngines/WindowsStandaloneSupport/UnityEditor.WindowsStandalone.Extensions.dll
Registered in 0.011417 seconds.
Native extension for WindowsStandalone target not found
Native extension for Android target not found
Native extension for WebGL target not found
Refreshing native plugins compatible for Editor in 190.70 ms, found 3 plugins.
Preloading 0 native plugins for Editor in 0.00 ms.
Mono: successfully reloaded assembly
- Completed reload, in  1.425 seconds
Domain Reload Profiling:
	ReloadAssembly (1426ms)
		BeginReloadAssembly (172ms)
			ExecutionOrderSort (0ms)
			DisableScriptedObjects (0ms)
			BackupInstance (0ms)
			ReleaseScriptingObjects (0ms)
			CreateAndSetChildDomain (2ms)
		EndReloadAssembly (1047ms)
			LoadAssemblies (167ms)
			RebuildTransferFunctionScriptingTraits (0ms)
			SetupTypeCache (219ms)
			ReleaseScriptCaches (0ms)
			RebuildScriptCaches (53ms)
			SetupLoadedEditorAssemblies (665ms)
				LogAssemblyErrors (0ms)
				InitializePlatformSupportModulesInManaged (165ms)
				SetLoadedEditorAssemblies (0ms)
				RefreshPlugins (191ms)
				BeforeProcessingInitializeOnLoad (3ms)
				ProcessInitializeOnLoadAttributes (197ms)
				ProcessInitializeOnLoadMethodAttributes (110ms)
				AfterProcessingInitializeOnLoad (0ms)
				EditorAssembliesLoaded (0ms)
			ExecutionOrderSort2 (0ms)
			AwakeInstancesAfterBackupRestoration (0ms)
Platform modules already initialized, skipping
Registering precompiled user dll's ...
Registered in 0.017332 seconds.
Begin MonoManager ReloadAssembly
Symbol file LoadedFromMemory doesn't match image C:\Users\annam\Documents\GitHub\Escape-From-The-Center\Library\PackageCache\com.unity.visualscripting@1.8.0\Editor\VisualScripting.Core\Dependencies\YamlDotNet\Unity.VisualScripting.YamlDotNet.dll
Symbol file LoadedFromMemory doesn't match image C:\Users\annam\Documents\GitHub\Escape-From-The-Center\Library\PackageCache\com.unity.visualscripting@1.8.0\Editor\VisualScripting.Core\Dependencies\DotNetZip\Unity.VisualScripting.IonicZip.dll
Native extension for WindowsStandalone target not found
Native extension for Android target not found
Native extension for WebGL target not found
Refreshing native plugins compatible for Editor in 1.33 ms, found 3 plugins.
Preloading 0 native plugins for Editor in 0.00 ms.
Mono: successfully reloaded assembly
- Completed reload, in  2.334 seconds
Domain Reload Profiling:
	ReloadAssembly (2339ms)
		BeginReloadAssembly (243ms)
			ExecutionOrderSort (0ms)
			DisableScriptedObjects (15ms)
			BackupInstance (0ms)
			ReleaseScriptingObjects (0ms)
			CreateAndSetChildDomain (41ms)
		EndReloadAssembly (1867ms)
			LoadAssemblies (179ms)
			RebuildTransferFunctionScriptingTraits (0ms)
			SetupTypeCache (592ms)
			ReleaseScriptCaches (1ms)
			RebuildScriptCaches (111ms)
			SetupLoadedEditorAssemblies (847ms)
				LogAssemblyErrors (0ms)
				InitializePlatformSupportModulesInManaged (41ms)
				SetLoadedEditorAssemblies (1ms)
				RefreshPlugins (1ms)
				BeforeProcessingInitializeOnLoad (177ms)
				ProcessInitializeOnLoadAttributes (551ms)
				ProcessInitializeOnLoadMethodAttributes (58ms)
				AfterProcessingInitializeOnLoad (17ms)
				EditorAssembliesLoaded (0ms)
			ExecutionOrderSort2 (0ms)
			AwakeInstancesAfterBackupRestoration (12ms)
Platform modules already initialized, skipping
========================================================================
Worker process is ready to serve import requests
Launched and connected shader compiler UnityShaderCompiler.exe after 0.15 seconds
Refreshing native plugins compatible for Editor in 1.41 ms, found 3 plugins.
Preloading 0 native plugins for Editor in 0.00 ms.
Unloading 3463 Unused Serialized files (Serialized files now loaded: 0)
Unloading 29 unused Assets / (113.6 KB). Loaded Objects now: 3929.
Memory consumption went from 120.4 MB to 120.3 MB.
Total: 6.383300 ms (FindLiveObjects: 0.413900 ms CreateObjectMapping: 0.240500 ms MarkObjects: 5.456100 ms  DeleteObjects: 0.270900 ms)

AssetImportParameters requested are different than current active one (requested -> active):
  custom:video-decoder-ogg-theora: a1e56fd34408186e4bbccfd4996cb3dc -> 
  custom:container-muxer-webm: aa71ff27fc2769a1b78a27578f13a17b -> 
  custom:container-demuxer-webm: 4f35f7cbe854078d1ac9338744f61a02 -> 
  custom:video-encoder-webm-vp8: eb34c28f22e8b96e1ab97ce403110664 -> 
  custom:video-codec-MediaFoundation-h265: 746d11721c4dcdbdad8f713fa42b33f4 -> 
  custom:audio-encoder-webm-vorbis: bf7c407c2cedff20999df2af8eb42d56 -> 
  custom:framework-win-MediaFoundation: 216162199b28c13a410421893ffa2e32 -> 
  custom:container-demuxer-ogg: 62fdf1f143b41e24485cea50d1cbac27 -> 
  custom:video-decoder-webm-vp8: 9c59270c3fd7afecdb556c50c9e8de78 -> 
  custom:audio-decoder-ogg-vorbis: bf7c407c2cedff20999df2af8eb42d56 -> 
========================================================================
Received Import Request.
  Time since last request: 19462.335011 seconds.
  path: Assets/Assets/Prefabs/Enemies/Enemy02 -p01 Variant.prefab
  artifactKey: Guid(ab76c94daf74bb24aacc88497f63a471) Importer(815301076,1909f56bfc062723c751e8b465ee728b)
Start importing Assets/Assets/Prefabs/Enemies/Enemy02 -p01 Variant.prefab using Guid(ab76c94daf74bb24aacc88497f63a471) Importer(815301076,1909f56bfc062723c751e8b465ee728b)  -> (artifact id: 'c101d73f21baf813b5dfb2ecab972e53') in 0.317777 seconds 
========================================================================
Received Import Request.
  Time since last request: 2.301286 seconds.
  path: Assets/Assets/Prefabs/Enemies/Enemy02 -p01 Variant.prefab
  artifactKey: Guid(ab76c94daf74bb24aacc88497f63a471) Importer(815301076,1909f56bfc062723c751e8b465ee728b)
Start importing Assets/Assets/Prefabs/Enemies/Enemy02 -p01 Variant.prefab using Guid(ab76c94daf74bb24aacc88497f63a471) Importer(815301076,1909f56bfc062723c751e8b465ee728b)  -> (artifact id: 'f3f6831f99e20f63a59c598a5b159e0b') in 0.057958 seconds 
========================================================================
Received Import Request.
  Time since last request: 3.115799 seconds.
  path: Assets/Assets/Prefabs/Enemies/Enemy02 -p01 Variant.prefab
  artifactKey: Guid(ab76c94daf74bb24aacc88497f63a471) Importer(815301076,1909f56bfc062723c751e8b465ee728b)
Start importing Assets/Assets/Prefabs/Enemies/Enemy02 -p01 Variant.prefab using Guid(ab76c94daf74bb24aacc88497f63a471) Importer(815301076,1909f56bfc062723c751e8b465ee728b)  -> (artifact id: '8d6877db3d841980fabba42051c10e23') in 0.043430 seconds 
========================================================================
Received Import Request.
  Time since last request: 2.704829 seconds.
  path: Assets/Assets/Prefabs/Enemies/Enemy02 -p01 Variant.prefab
  artifactKey: Guid(ab76c94daf74bb24aacc88497f63a471) Importer(815301076,1909f56bfc062723c751e8b465ee728b)
Start importing Assets/Assets/Prefabs/Enemies/Enemy02 -p01 Variant.prefab using Guid(ab76c94daf74bb24aacc88497f63a471) Importer(815301076,1909f56bfc062723c751e8b465ee728b)  -> (artifact id: 'c0922c8528f129afbcb771ff9e3072b3') in 0.038079 seconds 
========================================================================
Received Import Request.
  Time since last request: 5.968122 seconds.
  path: Assets/Assets/Prefabs/Enemies/Enemy02 -p01 Variant.prefab
  artifactKey: Guid(ab76c94daf74bb24aacc88497f63a471) Importer(815301076,1909f56bfc062723c751e8b465ee728b)
Start importing Assets/Assets/Prefabs/Enemies/Enemy02 -p01 Variant.prefab using Guid(ab76c94daf74bb24aacc88497f63a471) Importer(815301076,1909f56bfc062723c751e8b465ee728b)  -> (artifact id: '8b4905cda2dbae000a4e7407c43b463e') in 0.045422 seconds 
========================================================================
Received Import Request.
  Time since last request: 28.675277 seconds.
  path: Assets/Assets/Prefabs/Enemies/Enemy02 -p01 Variant.prefab
  artifactKey: Guid(ab76c94daf74bb24aacc88497f63a471) Importer(815301076,1909f56bfc062723c751e8b465ee728b)
Start importing Assets/Assets/Prefabs/Enemies/Enemy02 -p01 Variant.prefab using Guid(ab76c94daf74bb24aacc88497f63a471) Importer(815301076,1909f56bfc062723c751e8b465ee728b)  -> (artifact id: '6e01aeb8b6ddda1e4631c2b0f2b07432') in 0.042542 seconds 
========================================================================
Received Import Request.
  Time since last request: 9.859773 seconds.
  path: Assets/Assets/Prefabs/Enemies/Enemy02 -p01 Variant.prefab
  artifactKey: Guid(ab76c94daf74bb24aacc88497f63a471) Importer(815301076,1909f56bfc062723c751e8b465ee728b)
Start importing Assets/Assets/Prefabs/Enemies/Enemy02 -p01 Variant.prefab using Guid(ab76c94daf74bb24aacc88497f63a471) Importer(815301076,1909f56bfc062723c751e8b465ee728b)  -> (artifact id: '6efe68e784fd85743421cfe99e0f7ce0') in 0.045302 seconds 
========================================================================
Received Import Request.
  Time since last request: 1.834870 seconds.
  path: Assets/Assets/Prefabs/Enemies/Enemy02 -p01 Variant.prefab
  artifactKey: Guid(ab76c94daf74bb24aacc88497f63a471) Importer(815301076,1909f56bfc062723c751e8b465ee728b)
Start importing Assets/Assets/Prefabs/Enemies/Enemy02 -p01 Variant.prefab using Guid(ab76c94daf74bb24aacc88497f63a471) Importer(815301076,1909f56bfc062723c751e8b465ee728b)  -> (artifact id: '047ecd2e1d1e5838046697e4b7f90903') in 0.041296 seconds 
========================================================================
Received Import Request.
  Time since last request: 3.248345 seconds.
  path: Assets/Assets/Prefabs/Enemies/Enemy02 -p01 Variant.prefab
  artifactKey: Guid(ab76c94daf74bb24aacc88497f63a471) Importer(815301076,1909f56bfc062723c751e8b465ee728b)
Start importing Assets/Assets/Prefabs/Enemies/Enemy02 -p01 Variant.prefab using Guid(ab76c94daf74bb24aacc88497f63a471) Importer(815301076,1909f56bfc062723c751e8b465ee728b)  -> (artifact id: '5b9b5c545be126d2a2ab8c8abeb2bfcf') in 0.044304 seconds 
========================================================================
Received Import Request.
  Time since last request: 1.841624 seconds.
  path: Assets/Assets/Prefabs/Enemies/Enemy02 -p01 Variant.prefab
  artifactKey: Guid(ab76c94daf74bb24aacc88497f63a471) Importer(815301076,1909f56bfc062723c751e8b465ee728b)
Start importing Assets/Assets/Prefabs/Enemies/Enemy02 -p01 Variant.prefab using Guid(ab76c94daf74bb24aacc88497f63a471) Importer(815301076,1909f56bfc062723c751e8b465ee728b)  -> (artifact id: 'ab0bc25835d910e7ae1ca29921549b70') in 0.037357 seconds 
========================================================================
Received Import Request.
  Time since last request: 3.239975 seconds.
  path: Assets/Assets/Prefabs/Enemies/Enemy02 -p01 Variant.prefab
  artifactKey: Guid(ab76c94daf74bb24aacc88497f63a471) Importer(815301076,1909f56bfc062723c751e8b465ee728b)
Start importing Assets/Assets/Prefabs/Enemies/Enemy02 -p01 Variant.prefab using Guid(ab76c94daf74bb24aacc88497f63a471) Importer(815301076,1909f56bfc062723c751e8b465ee728b)  -> (artifact id: 'b9254ca51c788016e9b651ab84d217de') in 0.043158 seconds 
========================================================================
Received Import Request.
  Time since last request: 2.632555 seconds.
  path: Assets/Assets/Prefabs/Enemies/Enemy02 -p01 Variant.prefab
  artifactKey: Guid(ab76c94daf74bb24aacc88497f63a471) Importer(815301076,1909f56bfc062723c751e8b465ee728b)
Start importing Assets/Assets/Prefabs/Enemies/Enemy02 -p01 Variant.prefab using Guid(ab76c94daf74bb24aacc88497f63a471) Importer(815301076,1909f56bfc062723c751e8b465ee728b)  -> (artifact id: '727515584adb13bc0f7f2e31410703ec') in 0.042721 seconds 
========================================================================
Received Import Request.
  Time since last request: 24.240465 seconds.
  path: Assets/Assets/Sprites/platforms/Roche.png
  artifactKey: Guid(bb8855f41aba9fd458bb5ff8ce9274e8) Importer(815301076,1909f56bfc062723c751e8b465ee728b)
Start importing Assets/Assets/Sprites/platforms/Roche.png using Guid(bb8855f41aba9fd458bb5ff8ce9274e8) Importer(815301076,1909f56bfc062723c751e8b465ee728b)  -> (artifact id: '5b9e0051915e90020fa20ed69c1e6a88') in 0.214894 seconds 
========================================================================
Received Import Request.
  Time since last request: 0.000073 seconds.
  path: Assets/Assets/Sprites/platforms/Roche_prebreak.png
  artifactKey: Guid(51305e506fa280a4bbb68ca52134ec58) Importer(815301076,1909f56bfc062723c751e8b465ee728b)
Start importing Assets/Assets/Sprites/platforms/Roche_prebreak.png using Guid(51305e506fa280a4bbb68ca52134ec58) Importer(815301076,1909f56bfc062723c751e8b465ee728b)  -> (artifact id: '72abcba18c07d74fc3e687d187dad78c') in 0.050135 seconds 
========================================================================
Received Import Request.
  Time since last request: 33.038852 seconds.
  path: Assets/Assets/Prefabs/Platforms/platform06.prefab
  artifactKey: Guid(91af85c80c832d74db594f2f5e83a063) Importer(815301076,1909f56bfc062723c751e8b465ee728b)
Start importing Assets/Assets/Prefabs/Platforms/platform06.prefab using Guid(91af85c80c832d74db594f2f5e83a063) Importer(815301076,1909f56bfc062723c751e8b465ee728b)  -> (artifact id: 'aa930460e90cead489eb93538743a9c7') in 0.042225 seconds 
========================================================================
Received Import Request.
  Time since last request: 3.842292 seconds.
  path: Assets/Assets/Prefabs/Platforms/platform05_main.prefab
  artifactKey: Guid(3b72b8ee6f40b134f9b68b116e5067fc) Importer(815301076,1909f56bfc062723c751e8b465ee728b)
Start importing Assets/Assets/Prefabs/Platforms/platform05_main.prefab using Guid(3b72b8ee6f40b134f9b68b116e5067fc) Importer(815301076,1909f56bfc062723c751e8b465ee728b)  -> (artifact id: 'be660b80755294a003ac7cccca3913e1') in 0.035679 seconds 
========================================================================
Received Import Request.
  Time since last request: 4.710134 seconds.
  path: Assets/Assets/Prefabs/Platforms/platform_teleporter.prefab
  artifactKey: Guid(2077493a672e9194f9575d9caf460ec8) Importer(815301076,1909f56bfc062723c751e8b465ee728b)
Start importing Assets/Assets/Prefabs/Platforms/platform_teleporter.prefab using Guid(2077493a672e9194f9575d9caf460ec8) Importer(815301076,1909f56bfc062723c751e8b465ee728b)  -> (artifact id: '38d0e00ea5e658f5cabd7cb9e81f9aca') in 0.035849 seconds 
========================================================================
Received Prepare
Registering precompiled user dll's ...
Registered in 0.013533 seconds.
Begin MonoManager ReloadAssembly
Symbol file LoadedFromMemory doesn't match image C:\Users\annam\Documents\GitHub\Escape-From-The-Center\Library\PackageCache\com.unity.visualscripting@1.8.0\Editor\VisualScripting.Core\Dependencies\YamlDotNet\Unity.VisualScripting.YamlDotNet.dll
Symbol file LoadedFromMemory doesn't match image C:\Users\annam\Documents\GitHub\Escape-From-The-Center\Library\PackageCache\com.unity.visualscripting@1.8.0\Editor\VisualScripting.Core\Dependencies\DotNetZip\Unity.VisualScripting.IonicZip.dll
Native extension for WindowsStandalone target not found
Native extension for Android target not found
Native extension for WebGL target not found
Refreshing native plugins compatible for Editor in 1.43 ms, found 3 plugins.
Preloading 0 native plugins for Editor in 0.00 ms.
Mono: successfully reloaded assembly
- Completed reload, in  2.173 seconds
Domain Reload Profiling:
	ReloadAssembly (2175ms)
		BeginReloadAssembly (262ms)
			ExecutionOrderSort (0ms)
			DisableScriptedObjects (9ms)
			BackupInstance (0ms)
			ReleaseScriptingObjects (0ms)
			CreateAndSetChildDomain (80ms)
		EndReloadAssembly (1704ms)
			LoadAssemblies (162ms)
			RebuildTransferFunctionScriptingTraits (0ms)
			SetupTypeCache (573ms)
			ReleaseScriptCaches (2ms)
			RebuildScriptCaches (97ms)
			SetupLoadedEditorAssemblies (711ms)
				LogAssemblyErrors (0ms)
				InitializePlatformSupportModulesInManaged (56ms)
				SetLoadedEditorAssemblies (1ms)
				RefreshPlugins (2ms)
				BeforeProcessingInitializeOnLoad (146ms)
				ProcessInitializeOnLoadAttributes (432ms)
				ProcessInitializeOnLoadMethodAttributes (55ms)
				AfterProcessingInitializeOnLoad (20ms)
				EditorAssembliesLoaded (1ms)
			ExecutionOrderSort2 (0ms)
			AwakeInstancesAfterBackupRestoration (20ms)
Platform modules already initialized, skipping
Refreshing native plugins compatible for Editor in 5.20 ms, found 3 plugins.
Preloading 0 native plugins for Editor in 0.00 ms.
Unloading 3447 Unused Serialized files (Serialized files now loaded: 0)
Unloading 22 unused Assets / (80.1 KB). Loaded Objects now: 3945.
Memory consumption went from 123.6 MB to 123.5 MB.
Total: 5.140100 ms (FindLiveObjects: 0.415900 ms CreateObjectMapping: 0.158800 ms MarkObjects: 4.364400 ms  DeleteObjects: 0.199200 ms)

AssetImportParameters requested are different than current active one (requested -> active):
  custom:video-decoder-ogg-theora: a1e56fd34408186e4bbccfd4996cb3dc -> 
  custom:container-muxer-webm: aa71ff27fc2769a1b78a27578f13a17b -> 
  custom:container-demuxer-webm: 4f35f7cbe854078d1ac9338744f61a02 -> 
  custom:video-encoder-webm-vp8: eb34c28f22e8b96e1ab97ce403110664 -> 
  custom:video-codec-MediaFoundation-h265: 746d11721c4dcdbdad8f713fa42b33f4 -> 
  custom:audio-encoder-webm-vorbis: bf7c407c2cedff20999df2af8eb42d56 -> 
  custom:framework-win-MediaFoundation: 216162199b28c13a410421893ffa2e32 -> 
  custom:container-demuxer-ogg: 62fdf1f143b41e24485cea50d1cbac27 -> 
  custom:video-decoder-webm-vp8: 9c59270c3fd7afecdb556c50c9e8de78 -> 
  custom:audio-decoder-ogg-vorbis: bf7c407c2cedff20999df2af8eb42d56 -> 
========================================================================
Received Prepare
Registering precompiled user dll's ...
Registered in 0.011369 seconds.
Begin MonoManager ReloadAssembly
Symbol file LoadedFromMemory doesn't match image C:\Users\annam\Documents\GitHub\Escape-From-The-Center\Library\PackageCache\com.unity.visualscripting@1.8.0\Editor\VisualScripting.Core\Dependencies\YamlDotNet\Unity.VisualScripting.YamlDotNet.dll
Symbol file LoadedFromMemory doesn't match image C:\Users\annam\Documents\GitHub\Escape-From-The-Center\Library\PackageCache\com.unity.visualscripting@1.8.0\Editor\VisualScripting.Core\Dependencies\DotNetZip\Unity.VisualScripting.IonicZip.dll
Native extension for WindowsStandalone target not found
Native extension for Android target not found
Native extension for WebGL target not found
Refreshing native plugins compatible for Editor in 1.30 ms, found 3 plugins.
Preloading 0 native plugins for Editor in 0.00 ms.
Mono: successfully reloaded assembly
- Completed reload, in  2.161 seconds
Domain Reload Profiling:
	ReloadAssembly (2162ms)
		BeginReloadAssembly (270ms)
			ExecutionOrderSort (0ms)
			DisableScriptedObjects (16ms)
			BackupInstance (0ms)
			ReleaseScriptingObjects (0ms)
			CreateAndSetChildDomain (66ms)
		EndReloadAssembly (1682ms)
			LoadAssemblies (177ms)
			RebuildTransferFunctionScriptingTraits (0ms)
			SetupTypeCache (580ms)
			ReleaseScriptCaches (2ms)
			RebuildScriptCaches (89ms)
			SetupLoadedEditorAssemblies (713ms)
				LogAssemblyErrors (0ms)
				InitializePlatformSupportModulesInManaged (53ms)
				SetLoadedEditorAssemblies (1ms)
				RefreshPlugins (1ms)
				BeforeProcessingInitializeOnLoad (149ms)
				ProcessInitializeOnLoadAttributes (437ms)
				ProcessInitializeOnLoadMethodAttributes (59ms)
				AfterProcessingInitializeOnLoad (13ms)
				EditorAssembliesLoaded (0ms)
			ExecutionOrderSort2 (0ms)
			AwakeInstancesAfterBackupRestoration (13ms)
Platform modules already initialized, skipping
Refreshing native plugins compatible for Editor in 4.72 ms, found 3 plugins.
Preloading 0 native plugins for Editor in 0.00 ms.
Unloading 3447 Unused Serialized files (Serialized files now loaded: 0)
Unloading 22 unused Assets / (80.4 KB). Loaded Objects now: 3948.
Memory consumption went from 123.6 MB to 123.5 MB.
Total: 6.416700 ms (FindLiveObjects: 0.444700 ms CreateObjectMapping: 0.306600 ms MarkObjects: 5.509400 ms  DeleteObjects: 0.154500 ms)

AssetImportParameters requested are different than current active one (requested -> active):
  custom:video-decoder-ogg-theora: a1e56fd34408186e4bbccfd4996cb3dc -> 
  custom:container-muxer-webm: aa71ff27fc2769a1b78a27578f13a17b -> 
  custom:container-demuxer-webm: 4f35f7cbe854078d1ac9338744f61a02 -> 
  custom:video-encoder-webm-vp8: eb34c28f22e8b96e1ab97ce403110664 -> 
  custom:video-codec-MediaFoundation-h265: 746d11721c4dcdbdad8f713fa42b33f4 -> 
  custom:audio-encoder-webm-vorbis: bf7c407c2cedff20999df2af8eb42d56 -> 
  custom:framework-win-MediaFoundation: 216162199b28c13a410421893ffa2e32 -> 
  custom:container-demuxer-ogg: 62fdf1f143b41e24485cea50d1cbac27 -> 
  custom:video-decoder-webm-vp8: 9c59270c3fd7afecdb556c50c9e8de78 -> 
  custom:audio-decoder-ogg-vorbis: bf7c407c2cedff20999df2af8eb42d56 -> 
========================================================================
Received Import Request.
  Time since last request: 193.545559 seconds.
  path: Assets/Assets/Prefabs/Platforms/platform01.prefab
  artifactKey: Guid(4720274675aae26479eb6e0ab2439d9d) Importer(815301076,1909f56bfc062723c751e8b465ee728b)
Start importing Assets/Assets/Prefabs/Platforms/platform01.prefab using Guid(4720274675aae26479eb6e0ab2439d9d) Importer(815301076,1909f56bfc062723c751e8b465ee728b)  -> (artifact id: '3e634e7c6b9929d476d944f994cf39fd') in 0.181582 seconds 
========================================================================
Received Import Request.
  Time since last request: 9.059320 seconds.
  path: Assets/Assets/Prefabs/Platforms/platform01.prefab
  artifactKey: Guid(4720274675aae26479eb6e0ab2439d9d) Importer(815301076,1909f56bfc062723c751e8b465ee728b)
Start importing Assets/Assets/Prefabs/Platforms/platform01.prefab using Guid(4720274675aae26479eb6e0ab2439d9d) Importer(815301076,1909f56bfc062723c751e8b465ee728b)  -> (artifact id: '7909b55649226e7f2d67486b906d0665') in 0.025367 seconds 
========================================================================
Received Import Request.
  Time since last request: 0.000046 seconds.
  path: Assets/Assets/Prefabs/Platforms/platform05_Self.prefab
  artifactKey: Guid(597f91aebd04c9e46998d75a1a0f4481) Importer(815301076,1909f56bfc062723c751e8b465ee728b)
Start importing Assets/Assets/Prefabs/Platforms/platform05_Self.prefab using Guid(597f91aebd04c9e46998d75a1a0f4481) Importer(815301076,1909f56bfc062723c751e8b465ee728b)  -> (artifact id: '015c749a5b47f9d802a97f2ba7035119') in 0.024206 seconds 
========================================================================
Received Import Request.
  Time since last request: 3.660508 seconds.
  path: Assets/Assets/Prefabs/Platforms/platform06.prefab
  artifactKey: Guid(91af85c80c832d74db594f2f5e83a063) Importer(815301076,1909f56bfc062723c751e8b465ee728b)
Start importing Assets/Assets/Prefabs/Platforms/platform06.prefab using Guid(91af85c80c832d74db594f2f5e83a063) Importer(815301076,1909f56bfc062723c751e8b465ee728b)  -> (artifact id: '6f8abff973d05b19cbe4325847f67fcb') in 0.042364 seconds 
========================================================================
Received Import Request.
  Time since last request: 8.641882 seconds.
  path: Assets/Assets/Prefabs/Enemies/Enemy 03 with wall.prefab
  artifactKey: Guid(3c7d4a70f157f114598d8a9a512b4790) Importer(815301076,1909f56bfc062723c751e8b465ee728b)
Start importing Assets/Assets/Prefabs/Enemies/Enemy 03 with wall.prefab using Guid(3c7d4a70f157f114598d8a9a512b4790) Importer(815301076,1909f56bfc062723c751e8b465ee728b)  -> (artifact id: 'cb42026c9ce39831d75bae92f2a9cceb') in 0.124393 seconds 
========================================================================
Received Import Request.
  Time since last request: 0.000040 seconds.
  path: Assets/Assets/Prefabs/Enemies/EnemyArea (2).prefab
  artifactKey: Guid(afc96d0497b516541ab456e9bd348673) Importer(815301076,1909f56bfc062723c751e8b465ee728b)
Start importing Assets/Assets/Prefabs/Enemies/EnemyArea (2).prefab using Guid(afc96d0497b516541ab456e9bd348673) Importer(815301076,1909f56bfc062723c751e8b465ee728b)  -> (artifact id: '74be639e1c88395cbf9e0e23150e5540') in 0.109733 seconds 
========================================================================
Received Import Request.
  Time since last request: 0.000053 seconds.
  path: Assets/Assets/Prefabs/Enemies/SEonP03.prefab
  artifactKey: Guid(b1d4143e231c07e44a738b07d427ce9a) Importer(815301076,1909f56bfc062723c751e8b465ee728b)
Start importing Assets/Assets/Prefabs/Enemies/SEonP03.prefab using Guid(b1d4143e231c07e44a738b07d427ce9a) Importer(815301076,1909f56bfc062723c751e8b465ee728b)  -> (artifact id: '5276229fcd6ec249303e2ddbba9e04d9') in 0.064525 seconds 
========================================================================
Received Import Request.
  Time since last request: 0.000044 seconds.
  path: Assets/Assets/Prefabs/Enemies/Enemy03.prefab
  artifactKey: Guid(0f3dba08662aca74c905b691e80a7c2d) Importer(815301076,1909f56bfc062723c751e8b465ee728b)
Start importing Assets/Assets/Prefabs/Enemies/Enemy03.prefab using Guid(0f3dba08662aca74c905b691e80a7c2d) Importer(815301076,1909f56bfc062723c751e8b465ee728b)  -> (artifact id: '4c5d0505f97169741e85741d884119d2') in 0.034728 seconds 
========================================================================
Received Import Request.
  Time since last request: 0.000039 seconds.
  path: Assets/Assets/Prefabs/Enemies/EonP01.prefab
  artifactKey: Guid(eda35f03e32d7e346b1f00ed9b0dffd8) Importer(815301076,1909f56bfc062723c751e8b465ee728b)
Start importing Assets/Assets/Prefabs/Enemies/EonP01.prefab using Guid(eda35f03e32d7e346b1f00ed9b0dffd8) Importer(815301076,1909f56bfc062723c751e8b465ee728b) The AnimationClip 'Player_Jump' used by the Animation component 'Enemy01' must be marked as Legacy.
The AnimationClip 'Player_Jump' used by the Animation component 'Enemy01' must be marked as Legacy.
UnityEngine.StackTraceUtility:ExtractStackTrace ()
UnityEditor.EditorUtility:Internal_InstantiateRemoveAllNonAnimationComponentsSingle (UnityEngine.Object,UnityEngine.Vector3,UnityEngine.Quaternion)
UnityEditor.EditorUtility:InstantiateRemoveAllNonAnimationComponents (UnityEngine.Object,UnityEngine.Vector3,UnityEngine.Quaternion)
UnityEditor.EditorUtility:InstantiateForAnimatorPreview (UnityEngine.Object)
UnityEditor.GameObjectInspector/PreviewData:UpdateGameObject (UnityEngine.Object)
UnityEditor.GameObjectInspector/PreviewData:.ctor (UnityEngine.Object)
UnityEditor.GameObjectInspector:GetPreviewData ()
UnityEditor.GameObjectInspector:RenderStaticPreview (string,UnityEngine.Object[],int,int)
UnityEditor.AssetPreviewUpdater:CreatePreview (UnityEngine.Object,UnityEngine.Object[],string,int,int)
UnityEditor.AssetPreviewUpdater:CreatePreviewForAsset (UnityEngine.Object,UnityEngine.Object[],string)

[C:\build\output\unity\unity\Modules\Animation\Animation.cpp line 2050]

The AnimationClip 'Player_Jump' used by the Animation component 'Enemy01' must be marked as Legacy.
UnityEngine.StackTraceUtility:ExtractStackTrace ()
UnityEditor.EditorUtility:InitInstantiatedPreviewRecursive (UnityEngine.GameObject)
UnityEditor.EditorUtility:InstantiateForAnimatorPreview (UnityEngine.Object)
UnityEditor.GameObjectInspector/PreviewData:UpdateGameObject (UnityEngine.Object)
UnityEditor.GameObjectInspector/PreviewData:.ctor (UnityEngine.Object)
UnityEditor.GameObjectInspector:GetPreviewData ()
UnityEditor.GameObjectInspector:RenderStaticPreview (string,UnityEngine.Object[],int,int)
UnityEditor.AssetPreviewUpdater:CreatePreview (UnityEngine.Object,UnityEngine.Object[],string,int,int)
UnityEditor.AssetPreviewUpdater:CreatePreviewForAsset (UnityEngine.Object,UnityEngine.Object[],string)

[C:\build\output\unity\unity\Modules\Animation\Animation.cpp line 2050]

The AnimationClip 'Player_Jump' used by the Animation component 'Enemy01' must be marked as Legacy.
 -> (artifact id: '117b69cb3f7d97edee770e7f2aa621d6') in 0.042884 seconds 
========================================================================
Received Import Request.
  Time since last request: 0.000036 seconds.
  path: Assets/Assets/Prefabs/Enemies/EnemyArea.prefab
  artifactKey: Guid(ecf540a26cc5ea94ca467e72ea530934) Importer(815301076,1909f56bfc062723c751e8b465ee728b)
Start importing Assets/Assets/Prefabs/Enemies/EnemyArea.prefab using Guid(ecf540a26cc5ea94ca467e72ea530934) Importer(815301076,1909f56bfc062723c751e8b465ee728b) The AnimationClip 'Player_Jump' used by the Animation component 'Enemy01' must be marked as Legacy.
The AnimationClip 'Player_Jump' used by the Animation component 'Enemy01' must be marked as Legacy.
UnityEngine.StackTraceUtility:ExtractStackTrace ()
UnityEditor.EditorUtility:Internal_InstantiateRemoveAllNonAnimationComponentsSingle (UnityEngine.Object,UnityEngine.Vector3,UnityEngine.Quaternion)
UnityEditor.EditorUtility:InstantiateRemoveAllNonAnimationComponents (UnityEngine.Object,UnityEngine.Vector3,UnityEngine.Quaternion)
UnityEditor.EditorUtility:InstantiateForAnimatorPreview (UnityEngine.Object)
UnityEditor.GameObjectInspector/PreviewData:UpdateGameObject (UnityEngine.Object)
UnityEditor.GameObjectInspector/PreviewData:.ctor (UnityEngine.Object)
UnityEditor.GameObjectInspector:GetPreviewData ()
UnityEditor.GameObjectInspector:RenderStaticPreview (string,UnityEngine.Object[],int,int)
UnityEditor.AssetPreviewUpdater:CreatePreview (UnityEngine.Object,UnityEngine.Object[],string,int,int)
UnityEditor.AssetPreviewUpdater:CreatePreviewForAsset (UnityEngine.Object,UnityEngine.Object[],string)

[C:\build\output\unity\unity\Modules\Animation\Animation.cpp line 2050]

The AnimationClip 'Player_Jump' used by the Animation component 'Enemy01' must be marked as Legacy.
The AnimationClip 'Player_Jump' used by the Animation component 'Enemy01' must be marked as Legacy.
 -> (artifact id: '9ba83dd8fa765ee4c954e3845cc3a7a6') in 0.083457 seconds 
========================================================================
Received Prepare
Registering precompiled user dll's ...
Registered in 0.013560 seconds.
Begin MonoManager ReloadAssembly
Symbol file LoadedFromMemory doesn't match image C:\Users\annam\Documents\GitHub\Escape-From-The-Center\Library\PackageCache\com.unity.visualscripting@1.8.0\Editor\VisualScripting.Core\Dependencies\YamlDotNet\Unity.VisualScripting.YamlDotNet.dll
Symbol file LoadedFromMemory doesn't match image C:\Users\annam\Documents\GitHub\Escape-From-The-Center\Library\PackageCache\com.unity.visualscripting@1.8.0\Editor\VisualScripting.Core\Dependencies\DotNetZip\Unity.VisualScripting.IonicZip.dll
Native extension for WindowsStandalone target not found
Native extension for Android target not found
Native extension for WebGL target not found
Refreshing native plugins compatible for Editor in 1.69 ms, found 3 plugins.
Preloading 0 native plugins for Editor in 0.00 ms.
Mono: successfully reloaded assembly
- Completed reload, in  2.380 seconds
Domain Reload Profiling:
	ReloadAssembly (2382ms)
		BeginReloadAssembly (259ms)
			ExecutionOrderSort (0ms)
			DisableScriptedObjects (13ms)
			BackupInstance (0ms)
			ReleaseScriptingObjects (0ms)
			CreateAndSetChildDomain (65ms)
		EndReloadAssembly (1908ms)
			LoadAssemblies (175ms)
			RebuildTransferFunctionScriptingTraits (0ms)
			SetupTypeCache (595ms)
			ReleaseScriptCaches (3ms)
			RebuildScriptCaches (102ms)
			SetupLoadedEditorAssemblies (852ms)
				LogAssemblyErrors (0ms)
				InitializePlatformSupportModulesInManaged (69ms)
				SetLoadedEditorAssemblies (1ms)
				RefreshPlugins (2ms)
				BeforeProcessingInitializeOnLoad (191ms)
				ProcessInitializeOnLoadAttributes (509ms)
				ProcessInitializeOnLoadMethodAttributes (65ms)
				AfterProcessingInitializeOnLoad (15ms)
				EditorAssembliesLoaded (0ms)
			ExecutionOrderSort2 (0ms)
			AwakeInstancesAfterBackupRestoration (14ms)
Platform modules already initialized, skipping
Refreshing native plugins compatible for Editor in 5.99 ms, found 3 plugins.
Preloading 0 native plugins for Editor in 0.00 ms.
Unloading 3447 Unused Serialized files (Serialized files now loaded: 0)
Unloading 22 unused Assets / (80.2 KB). Loaded Objects now: 3952.
Memory consumption went from 123.9 MB to 123.9 MB.
Total: 7.508600 ms (FindLiveObjects: 0.847100 ms CreateObjectMapping: 0.454200 ms MarkObjects: 5.966700 ms  DeleteObjects: 0.238100 ms)

AssetImportParameters requested are different than current active one (requested -> active):
  custom:video-decoder-ogg-theora: a1e56fd34408186e4bbccfd4996cb3dc -> 
  custom:container-muxer-webm: aa71ff27fc2769a1b78a27578f13a17b -> 
  custom:container-demuxer-webm: 4f35f7cbe854078d1ac9338744f61a02 -> 
  custom:video-encoder-webm-vp8: eb34c28f22e8b96e1ab97ce403110664 -> 
  custom:video-codec-MediaFoundation-h265: 746d11721c4dcdbdad8f713fa42b33f4 -> 
  custom:audio-encoder-webm-vorbis: bf7c407c2cedff20999df2af8eb42d56 -> 
  custom:framework-win-MediaFoundation: 216162199b28c13a410421893ffa2e32 -> 
  custom:container-demuxer-ogg: 62fdf1f143b41e24485cea50d1cbac27 -> 
  custom:video-decoder-webm-vp8: 9c59270c3fd7afecdb556c50c9e8de78 -> 
  custom:audio-decoder-ogg-vorbis: bf7c407c2cedff20999df2af8eb42d56 -> 
Editor requested this worker to shutdown with reason: Scaling down because of idle timeout
AssetImportWorker is now disconnected from the server
Process exiting
Exiting without the bug reporter. Application will terminate with return code 0